[0.243s] Invoking command in '/home/maciej/matcher_ws/build/csm': CMAKE_PREFIX_PATH=${CMAKE_PREFIX_PATH}:/home/maciej/ros2_ws/install/webots_ros2:/home/maciej/ros2_ws/install/webots_ros2_universal_robot:/home/maciej/ros2_ws/install/webots_ros2_turtlebot:/home/maciej/ros2_ws/install/webots_ros2_tiago:/home/maciej/ros2_ws/install/webots_ros2_tests:/home/maciej/ros2_ws/install/webots_ros2_tesla:/home/maciej/ros2_ws/install/webots_ros2_mavic:/home/maciej/ros2_ws/install/webots_ros2_epuck:/home/maciej/ros2_ws/install/topic_monitor:/home/maciej/ros2_ws/install/self_balancing_robot:/home/maciej/ros2_ws/install/quality_of_service_demo_py:/home/maciej/ros2_ws/install/nav2_simple_commander:/home/maciej/ros2_ws/install/lifecycle_py:/home/maciej/ros2_ws/install/joy_tester:/home/maciej/ros2_ws/install/demo_nodes_py:/home/maciej/ros2_ws/install/action_tutorials_py:/home/maciej/Sim/MecHaRo-Lab_ROSBot2Pro/ws_ros2_husarion/install/webots_ros2_husarion:/opt/ros/humble /usr/bin/cmake /home/maciej/matcher_ws/src/csm -DAMENT_CMAKE_SYMLINK_INSTALL=1 -DCMAKE_INSTALL_PREFIX=/home/maciej/matcher_ws/install/csm
[1.459s] -- Found ament_cmake: 1.3.12 (/home/maciej/ros2_ws/install/ament_cmake/share/ament_cmake/cmake)
[1.459s] -- Override CMake install command with custom implementation using symlinks instead of copying resources
[1.543s] -- Found rclcpp: 16.0.14 (/opt/ros/humble/share/rclcpp/cmake)
[1.855s] -- Found rosidl_generator_c: 3.1.7 (/opt/ros/humble/share/rosidl_generator_c/cmake)
[1.872s] -- Found rosidl_adapter: 3.1.7 (/opt/ros/humble/share/rosidl_adapter/cmake)
[1.918s] -- Found rosidl_generator_cpp: 3.1.7 (/opt/ros/humble/share/rosidl_generator_cpp/cmake)
[2.007s] -- Using all available rosidl_typesupport_c: rosidl_typesupport_fastrtps_c;rosidl_typesupport_introspection_c
[2.094s] -- Using all available rosidl_typesupport_cpp: rosidl_typesupport_fastrtps_cpp;rosidl_typesupport_introspection_cpp
[2.339s] -- Found rmw_implementation_cmake: 6.1.2 (/opt/ros/humble/share/rmw_implementation_cmake/cmake)
[2.363s] -- Found rmw_fastrtps_cpp: 6.2.8 (/opt/ros/humble/share/rmw_fastrtps_cpp/cmake)
[3.097s] -- Using RMW implementation 'rmw_fastrtps_cpp' as default
[3.986s] -- Configuring done
[4.073s] -- Generating done
[4.083s] -- Build files have been written to: /home/maciej/matcher_ws/build/csm
[4.146s] Invoked command in '/home/maciej/matcher_ws/build/csm' returned '0': CMAKE_PREFIX_PATH=${CMAKE_PREFIX_PATH}:/home/maciej/ros2_ws/install/webots_ros2:/home/maciej/ros2_ws/install/webots_ros2_universal_robot:/home/maciej/ros2_ws/install/webots_ros2_turtlebot:/home/maciej/ros2_ws/install/webots_ros2_tiago:/home/maciej/ros2_ws/install/webots_ros2_tests:/home/maciej/ros2_ws/install/webots_ros2_tesla:/home/maciej/ros2_ws/install/webots_ros2_mavic:/home/maciej/ros2_ws/install/webots_ros2_epuck:/home/maciej/ros2_ws/install/topic_monitor:/home/maciej/ros2_ws/install/self_balancing_robot:/home/maciej/ros2_ws/install/quality_of_service_demo_py:/home/maciej/ros2_ws/install/nav2_simple_commander:/home/maciej/ros2_ws/install/lifecycle_py:/home/maciej/ros2_ws/install/joy_tester:/home/maciej/ros2_ws/install/demo_nodes_py:/home/maciej/ros2_ws/install/action_tutorials_py:/home/maciej/Sim/MecHaRo-Lab_ROSBot2Pro/ws_ros2_husarion/install/webots_ros2_husarion:/opt/ros/humble /usr/bin/cmake /home/maciej/matcher_ws/src/csm -DAMENT_CMAKE_SYMLINK_INSTALL=1 -DCMAKE_INSTALL_PREFIX=/home/maciej/matcher_ws/install/csm
[4.147s] Invoking command in '/home/maciej/matcher_ws/build/csm': CMAKE_PREFIX_PATH=${CMAKE_PREFIX_PATH}:/home/maciej/ros2_ws/install/webots_ros2:/home/maciej/ros2_ws/install/webots_ros2_universal_robot:/home/maciej/ros2_ws/install/webots_ros2_turtlebot:/home/maciej/ros2_ws/install/webots_ros2_tiago:/home/maciej/ros2_ws/install/webots_ros2_tests:/home/maciej/ros2_ws/install/webots_ros2_tesla:/home/maciej/ros2_ws/install/webots_ros2_mavic:/home/maciej/ros2_ws/install/webots_ros2_epuck:/home/maciej/ros2_ws/install/topic_monitor:/home/maciej/ros2_ws/install/self_balancing_robot:/home/maciej/ros2_ws/install/quality_of_service_demo_py:/home/maciej/ros2_ws/install/nav2_simple_commander:/home/maciej/ros2_ws/install/lifecycle_py:/home/maciej/ros2_ws/install/joy_tester:/home/maciej/ros2_ws/install/demo_nodes_py:/home/maciej/ros2_ws/install/action_tutorials_py:/home/maciej/Sim/MecHaRo-Lab_ROSBot2Pro/ws_ros2_husarion/install/webots_ros2_husarion:/opt/ros/humble /usr/bin/cmake --build /home/maciej/matcher_ws/build/csm -- -j8 -l8
[4.321s] -- Found ament_cmake: 1.3.12 (/home/maciej/ros2_ws/install/ament_cmake/share/ament_cmake/cmake)
[5.141s] -- Override CMake install command with custom implementation using symlinks instead of copying resources
[5.177s] -- Found rclcpp: 16.0.14 (/opt/ros/humble/share/rclcpp/cmake)
[5.293s] -- Found rosidl_generator_c: 3.1.7 (/opt/ros/humble/share/rosidl_generator_c/cmake)
[5.302s] -- Found rosidl_adapter: 3.1.7 (/opt/ros/humble/share/rosidl_adapter/cmake)
[5.340s] -- Found rosidl_generator_cpp: 3.1.7 (/opt/ros/humble/share/rosidl_generator_cpp/cmake)
[5.393s] -- Using all available rosidl_typesupport_c: rosidl_typesupport_fastrtps_c;rosidl_typesupport_introspection_c
[5.485s] -- Using all available rosidl_typesupport_cpp: rosidl_typesupport_fastrtps_cpp;rosidl_typesupport_introspection_cpp
[5.609s] -- Found rmw_implementation_cmake: 6.1.2 (/opt/ros/humble/share/rmw_implementation_cmake/cmake)
[5.624s] -- Found rmw_fastrtps_cpp: 6.2.8 (/opt/ros/humble/share/rmw_fastrtps_cpp/cmake)
[6.143s] -- Using RMW implementation 'rmw_fastrtps_cpp' as default
[6.896s] -- Configuring done
[6.930s] -- Generating done
[6.932s] -- Build files have been written to: /home/maciej/matcher_ws/build/csm
[7.230s] [35m[1mConsolidate compiler generated dependencies of target csm[0m
[7.318s] gmake[2]: Warning: File '/home/maciej/matcher_ws/src/csm/src/csm/laser_data.cpp' has modification time 863 s in the future
[7.436s] [  4%] [32mBuilding CXX object CMakeFiles/csm.dir/src/csm/laser_data.cpp.o[0m
[7.479s] [  8%] [32mBuilding CXX object CMakeFiles/csm.dir/src/csm/math_utils.cpp.o[0m
[9.566s] [ 12%] [32mBuilding CXX object CMakeFiles/csm.dir/src/csm/clustering.cpp.o[0m
[13.813s] [ 16%] [32mBuilding CXX object CMakeFiles/csm.dir/src/egsl/egsl_conversions.cpp.o[0m
[17.256s] [ 20%] [32mBuilding CXX object CMakeFiles/csm.dir/src/egsl/egsl_misc.cpp.o[0m
[20.083s] [ 25%] [32mBuilding CXX object CMakeFiles/csm.dir/src/egsl/egsl_ops.cpp.o[0m
[30.734s] [ 29%] [32mBuilding CXX object CMakeFiles/csm.dir/src/gpc/gpc.cpp.o[0m
[33.665s] [ 33%] [32mBuilding CXX object CMakeFiles/csm.dir/src/gpc/gpc_utils.cpp.o[0m
[75.167s] [ 37%] [32mBuilding CXX object CMakeFiles/csm.dir/src/icp/icp.cpp.o[0m
[77.887s] [ 41%] [32mBuilding CXX object CMakeFiles/csm.dir/src/icp/icp_corr_dumb.cpp.o[0m
[80.520s] [ 45%] [32mBuilding CXX object CMakeFiles/csm.dir/src/icp/icp_corr_tricks.cpp.o[0m
[83.628s] [ 50%] [32mBuilding CXX object CMakeFiles/csm.dir/src/icp/icp_covariance.cpp.o[0m
[86.620s] [ 54%] [32mBuilding CXX object CMakeFiles/csm.dir/src/icp/icp_debug.cpp.o[0m
[89.260s] [ 58%] [32mBuilding CXX object CMakeFiles/csm.dir/src/icp/icp_loop.cpp.o[0m
[92.151s] [ 62%] [32mBuilding CXX object CMakeFiles/csm.dir/src/icp/icp_outliers.cpp.o[0m
[95.005s] [ 66%] [32mBuilding CXX object CMakeFiles/csm.dir/src/options/options.cpp.o[0m
[95.782s] [ 70%] [32mBuilding CXX object CMakeFiles/csm.dir/src/options/options_interface.cpp.o[0m
[95.916s] [ 75%] [32mBuilding CXX object CMakeFiles/csm.dir/src/egsl/egsl.cpp.o[0m
[98.672s] [ 79%] [32mBuilding CXX object CMakeFiles/csm.dir/src/csm/orientation.cpp.o[0m
[101.577s] [ 83%] [32mBuilding CXX object CMakeFiles/csm.dir/src/csm/sm_options.cpp.o[0m
[104.695s] [ 87%] [32mBuilding CXX object CMakeFiles/csm.dir/src/csm/logging.cpp.o[0m
[107.704s] [ 91%] [32mBuilding CXX object CMakeFiles/csm.dir/src/csm/utils.cpp.o[0m
[110.615s] [ 95%] [32mBuilding CXX object CMakeFiles/csm.dir/src/csm/math_utils_gsl.cpp.o[0m
[113.457s] [100%] [32m[1mLinking CXX shared library libcsm.so[0m
[114.838s] gmake[2]: warning:  Clock skew detected.  Your build may be incomplete.
[114.876s] [100%] Built target csm
[114.926s] Invoked command in '/home/maciej/matcher_ws/build/csm' returned '0': CMAKE_PREFIX_PATH=${CMAKE_PREFIX_PATH}:/home/maciej/ros2_ws/install/webots_ros2:/home/maciej/ros2_ws/install/webots_ros2_universal_robot:/home/maciej/ros2_ws/install/webots_ros2_turtlebot:/home/maciej/ros2_ws/install/webots_ros2_tiago:/home/maciej/ros2_ws/install/webots_ros2_tests:/home/maciej/ros2_ws/install/webots_ros2_tesla:/home/maciej/ros2_ws/install/webots_ros2_mavic:/home/maciej/ros2_ws/install/webots_ros2_epuck:/home/maciej/ros2_ws/install/topic_monitor:/home/maciej/ros2_ws/install/self_balancing_robot:/home/maciej/ros2_ws/install/quality_of_service_demo_py:/home/maciej/ros2_ws/install/nav2_simple_commander:/home/maciej/ros2_ws/install/lifecycle_py:/home/maciej/ros2_ws/install/joy_tester:/home/maciej/ros2_ws/install/demo_nodes_py:/home/maciej/ros2_ws/install/action_tutorials_py:/home/maciej/Sim/MecHaRo-Lab_ROSBot2Pro/ws_ros2_husarion/install/webots_ros2_husarion:/opt/ros/humble /usr/bin/cmake --build /home/maciej/matcher_ws/build/csm -- -j8 -l8
[114.927s] Invoking command in '/home/maciej/matcher_ws/build/csm': CMAKE_PREFIX_PATH=${CMAKE_PREFIX_PATH}:/home/maciej/ros2_ws/install/webots_ros2:/home/maciej/ros2_ws/install/webots_ros2_universal_robot:/home/maciej/ros2_ws/install/webots_ros2_turtlebot:/home/maciej/ros2_ws/install/webots_ros2_tiago:/home/maciej/ros2_ws/install/webots_ros2_tests:/home/maciej/ros2_ws/install/webots_ros2_tesla:/home/maciej/ros2_ws/install/webots_ros2_mavic:/home/maciej/ros2_ws/install/webots_ros2_epuck:/home/maciej/ros2_ws/install/topic_monitor:/home/maciej/ros2_ws/install/self_balancing_robot:/home/maciej/ros2_ws/install/quality_of_service_demo_py:/home/maciej/ros2_ws/install/nav2_simple_commander:/home/maciej/ros2_ws/install/lifecycle_py:/home/maciej/ros2_ws/install/joy_tester:/home/maciej/ros2_ws/install/demo_nodes_py:/home/maciej/ros2_ws/install/action_tutorials_py:/home/maciej/Sim/MecHaRo-Lab_ROSBot2Pro/ws_ros2_husarion/install/webots_ros2_husarion:/opt/ros/humble /usr/bin/cmake --install /home/maciej/matcher_ws/build/csm
[114.955s] -- Install configuration: ""
[114.956s] -- Execute custom install script
[114.957s] -- Symlinking: /home/maciej/matcher_ws/install/csm/lib/libcsm.so
[115.003s] -- Symlinking: /home/maciej/matcher_ws/install/csm/include/..//include/csm/algos.h
[115.045s] -- Symlinking: /home/maciej/matcher_ws/install/csm/include/..//include/csm/csm.h
[115.084s] -- Symlinking: /home/maciej/matcher_ws/install/csm/include/..//include/csm/laser_data.h
[115.131s] -- Symlinking: /home/maciej/matcher_ws/install/csm/include/..//include/csm/laser_data_inline.h
[115.179s] -- Symlinking: /home/maciej/matcher_ws/install/csm/include/..//include/csm/restrict.h
[115.221s] -- Symlinking: /home/maciej/matcher_ws/install/csm/include/..//include/gsl_eigen/gsl_eigen.h
[115.263s] -- Symlinking: /home/maciej/matcher_ws/install/csm/share/csm/resource/csm
[115.305s] -- Symlinking: /home/maciej/matcher_ws/install/csm/include/../gsl_eigen/gsl_eigen.h
[115.348s] -- Symlinking: /home/maciej/matcher_ws/install/csm/share/csm/environment/library_path.sh
[115.389s] -- Symlinking: /home/maciej/matcher_ws/install/csm/share/csm/environment/library_path.dsv
[115.437s] -- Symlinking: /home/maciej/matcher_ws/install/csm/share/ament_index/resource_index/package_run_dependencies/csm
[115.474s] -- Symlinking: /home/maciej/matcher_ws/install/csm/share/ament_index/resource_index/parent_prefix_path/csm
[115.520s] -- Symlinking: /home/maciej/matcher_ws/install/csm/share/csm/environment/ament_prefix_path.sh
[115.560s] -- Symlinking: /home/maciej/matcher_ws/install/csm/share/csm/environment/ament_prefix_path.dsv
[115.601s] -- Symlinking: /home/maciej/matcher_ws/install/csm/share/csm/environment/path.sh
[115.643s] -- Symlinking: /home/maciej/matcher_ws/install/csm/share/csm/environment/path.dsv
[115.683s] -- Symlinking: /home/maciej/matcher_ws/install/csm/share/csm/local_setup.bash
[115.725s] -- Symlinking: /home/maciej/matcher_ws/install/csm/share/csm/local_setup.sh
[115.772s] -- Symlinking: /home/maciej/matcher_ws/install/csm/share/csm/local_setup.zsh
[115.817s] -- Symlinking: /home/maciej/matcher_ws/install/csm/share/csm/local_setup.dsv
[115.859s] -- Symlinking: /home/maciej/matcher_ws/install/csm/share/csm/package.dsv
[115.899s] -- Symlinking: /home/maciej/matcher_ws/install/csm/share/ament_index/resource_index/packages/csm
[115.941s] -- Symlinking: /home/maciej/matcher_ws/install/csm/share/csm/cmake/ament_cmake_export_dependencies-extras.cmake
[115.984s] -- Symlinking: /home/maciej/matcher_ws/install/csm/share/csm/cmake/ament_cmake_export_include_directories-extras.cmake
[116.026s] -- Symlinking: /home/maciej/matcher_ws/install/csm/share/csm/cmake/ament_cmake_export_libraries-extras.cmake
[116.073s] -- Symlinking: /home/maciej/matcher_ws/install/csm/share/csm/cmake/csmConfig.cmake
[116.114s] -- Symlinking: /home/maciej/matcher_ws/install/csm/share/csm/cmake/csmConfig-version.cmake
[116.158s] -- Symlinking: /home/maciej/matcher_ws/install/csm/share/csm/package.xml
[116.205s] Invoked command in '/home/maciej/matcher_ws/build/csm' returned '0': CMAKE_PREFIX_PATH=${CMAKE_PREFIX_PATH}:/home/maciej/ros2_ws/install/webots_ros2:/home/maciej/ros2_ws/install/webots_ros2_universal_robot:/home/maciej/ros2_ws/install/webots_ros2_turtlebot:/home/maciej/ros2_ws/install/webots_ros2_tiago:/home/maciej/ros2_ws/install/webots_ros2_tests:/home/maciej/ros2_ws/install/webots_ros2_tesla:/home/maciej/ros2_ws/install/webots_ros2_mavic:/home/maciej/ros2_ws/install/webots_ros2_epuck:/home/maciej/ros2_ws/install/topic_monitor:/home/maciej/ros2_ws/install/self_balancing_robot:/home/maciej/ros2_ws/install/quality_of_service_demo_py:/home/maciej/ros2_ws/install/nav2_simple_commander:/home/maciej/ros2_ws/install/lifecycle_py:/home/maciej/ros2_ws/install/joy_tester:/home/maciej/ros2_ws/install/demo_nodes_py:/home/maciej/ros2_ws/install/action_tutorials_py:/home/maciej/Sim/MecHaRo-Lab_ROSBot2Pro/ws_ros2_husarion/install/webots_ros2_husarion:/opt/ros/humble /usr/bin/cmake --install /home/maciej/matcher_ws/build/csm
