[2.190s] Invoking command in '/home/maciej/matcher_ws/src/turtlebot3/turtlebot3_teleop': PYTHONPATH=/home/maciej/matcher_ws/build/turtlebot3_teleop/prefix_override:/usr/lib/python3/dist-packages/colcon_core/task/python/colcon_distutils_commands:/home/maciej/matcher_ws/install/turtlebot3_teleop/lib/python3.10/site-packages:${PYTHONPATH} /usr/bin/python3 -W ignore:setup.py install is deprecated -W ignore:easy_install command is deprecated setup.py egg_info --egg-base ../../../build/turtlebot3_teleop build --build-base /home/maciej/matcher_ws/build/turtlebot3_teleop/build install --record /home/maciej/matcher_ws/build/turtlebot3_teleop/install.log --single-version-externally-managed install_data
[2.642s] running egg_info
[2.669s] writing ../../../build/turtlebot3_teleop/turtlebot3_teleop.egg-info/PKG-INFO
[2.670s] writing dependency_links to ../../../build/turtlebot3_teleop/turtlebot3_teleop.egg-info/dependency_links.txt
[2.670s] writing entry points to ../../../build/turtlebot3_teleop/turtlebot3_teleop.egg-info/entry_points.txt
[2.670s] writing requirements to ../../../build/turtlebot3_teleop/turtlebot3_teleop.egg-info/requires.txt
[2.670s] writing top-level names to ../../../build/turtlebot3_teleop/turtlebot3_teleop.egg-info/top_level.txt
[2.725s] reading manifest file '../../../build/turtlebot3_teleop/turtlebot3_teleop.egg-info/SOURCES.txt'
[2.726s] writing manifest file '../../../build/turtlebot3_teleop/turtlebot3_teleop.egg-info/SOURCES.txt'
[2.726s] running build
[2.726s] running build_py
[2.727s] running install
[2.735s] running install_lib
[2.765s] running install_data
[2.765s] running install_egg_info
[2.792s] removing '/home/maciej/matcher_ws/install/turtlebot3_teleop/lib/python3.10/site-packages/turtlebot3_teleop-2.3.3-py3.10.egg-info' (and everything under it)
[2.793s] Copying ../../../build/turtlebot3_teleop/turtlebot3_teleop.egg-info to /home/maciej/matcher_ws/install/turtlebot3_teleop/lib/python3.10/site-packages/turtlebot3_teleop-2.3.3-py3.10.egg-info
[2.794s] running install_scripts
[3.106s] Installing teleop_keyboard script to /home/maciej/matcher_ws/install/turtlebot3_teleop/lib/turtlebot3_teleop
[3.107s] writing list of installed files to '/home/maciej/matcher_ws/build/turtlebot3_teleop/install.log'
[3.172s] Invoked command in '/home/maciej/matcher_ws/src/turtlebot3/turtlebot3_teleop' returned '0': PYTHONPATH=/home/maciej/matcher_ws/build/turtlebot3_teleop/prefix_override:/usr/lib/python3/dist-packages/colcon_core/task/python/colcon_distutils_commands:/home/maciej/matcher_ws/install/turtlebot3_teleop/lib/python3.10/site-packages:${PYTHONPATH} /usr/bin/python3 -W ignore:setup.py install is deprecated -W ignore:easy_install command is deprecated setup.py egg_info --egg-base ../../../build/turtlebot3_teleop build --build-base /home/maciej/matcher_ws/build/turtlebot3_teleop/build install --record /home/maciej/matcher_ws/build/turtlebot3_teleop/install.log --single-version-externally-managed install_data
