-- Found ament_cmake: 1.3.12 (/home/maciej/ros2_ws/install/ament_cmake/share/ament_cmake/cmake)
-- Found rclcpp: 16.0.14 (/opt/ros/humble/share/rclcpp/cmake)
-- Found rosidl_generator_c: 3.1.7 (/opt/ros/humble/share/rosidl_generator_c/cmake)
-- Found rosidl_adapter: 3.1.7 (/opt/ros/humble/share/rosidl_adapter/cmake)
-- Found rosidl_generator_cpp: 3.1.7 (/opt/ros/humble/share/rosidl_generator_cpp/cmake)
-- Using all available rosidl_typesupport_c: rosidl_typesupport_fastrtps_c;rosidl_typesupport_introspection_c
-- Using all available rosidl_typesupport_cpp: rosidl_typesupport_fastrtps_cpp;rosidl_typesupport_introspection_cpp
-- Found rmw_implementation_cmake: 6.1.2 (/opt/ros/humble/share/rmw_implementation_cmake/cmake)
-- Found rmw_fastrtps_cpp: 6.2.8 (/opt/ros/humble/share/rmw_fastrtps_cpp/cmake)
-- Using RMW implementation 'rmw_fastrtps_cpp' as default
-- Configuring done
-- Generating done
-- Build files have been written to: /home/maciej/matcher_ws/build/csm
[35m[1mConsolidate compiler generated dependencies of target csm[0m
[  4%] [32mBuilding CXX object CMakeFiles/csm.dir/src/csm/utils.cpp.o[0m
[  8%] [32mBuilding CXX object CMakeFiles/csm.dir/src/csm/laser_data.cpp.o[0m
[ 12%] [32mBuilding CXX object CMakeFiles/csm.dir/src/csm/math_utils_gsl.cpp.o[0m
[ 16%] [32mBuilding CXX object CMakeFiles/csm.dir/src/csm/sm_options.cpp.o[0m
[ 20%] [32mBuilding CXX object CMakeFiles/csm.dir/src/csm/math_utils.cpp.o[0m
[ 25%] [32mBuilding CXX object CMakeFiles/csm.dir/src/csm/logging.cpp.o[0m
[ 29%] [32mBuilding CXX object CMakeFiles/csm.dir/src/csm/orientation.cpp.o[0m
[ 33%] [32mBuilding CXX object CMakeFiles/csm.dir/src/csm/clustering.cpp.o[0m
