[0.067s] Invoking command in '/home/maciej/matcher_ws/build/csm': CMAKE_PREFIX_PATH=${CMAKE_PREFIX_PATH}:/home/maciej/ros2_ws/install/webots_ros2:/home/maciej/ros2_ws/install/webots_ros2_universal_robot:/home/maciej/ros2_ws/install/webots_ros2_turtlebot:/home/maciej/ros2_ws/install/webots_ros2_tiago:/home/maciej/ros2_ws/install/webots_ros2_tests:/home/maciej/ros2_ws/install/webots_ros2_tesla:/home/maciej/ros2_ws/install/webots_ros2_mavic:/home/maciej/ros2_ws/install/webots_ros2_epuck:/home/maciej/ros2_ws/install/topic_monitor:/home/maciej/ros2_ws/install/self_balancing_robot:/home/maciej/ros2_ws/install/quality_of_service_demo_py:/home/maciej/ros2_ws/install/nav2_simple_commander:/home/maciej/ros2_ws/install/lifecycle_py:/home/maciej/ros2_ws/install/joy_tester:/home/maciej/ros2_ws/install/demo_nodes_py:/home/maciej/ros2_ws/install/action_tutorials_py:/home/maciej/Sim/MecHaRo-Lab_ROSBot2Pro/ws_ros2_husarion/install/webots_ros2_husarion:/opt/ros/humble /usr/bin/cmake --build /home/maciej/matcher_ws/build/csm -- -j8 -l8
[0.172s] -- Found ament_cmake: 1.3.12 (/home/maciej/ros2_ws/install/ament_cmake/share/ament_cmake/cmake)
[0.738s] -- Found rclcpp: 16.0.14 (/opt/ros/humble/share/rclcpp/cmake)
[0.883s] -- Found rosidl_generator_c: 3.1.7 (/opt/ros/humble/share/rosidl_generator_c/cmake)
[0.892s] -- Found rosidl_adapter: 3.1.7 (/opt/ros/humble/share/rosidl_adapter/cmake)
[0.915s] -- Found rosidl_generator_cpp: 3.1.7 (/opt/ros/humble/share/rosidl_generator_cpp/cmake)
[0.995s] -- Using all available rosidl_typesupport_c: rosidl_typesupport_fastrtps_c;rosidl_typesupport_introspection_c
[1.053s] -- Using all available rosidl_typesupport_cpp: rosidl_typesupport_fastrtps_cpp;rosidl_typesupport_introspection_cpp
[1.170s] -- Found rmw_implementation_cmake: 6.1.2 (/opt/ros/humble/share/rmw_implementation_cmake/cmake)
[1.183s] -- Found rmw_fastrtps_cpp: 6.2.8 (/opt/ros/humble/share/rmw_fastrtps_cpp/cmake)
[1.540s] -- Using RMW implementation 'rmw_fastrtps_cpp' as default
[1.890s] -- Configuring done
[1.917s] -- Generating done
[1.924s] -- Build files have been written to: /home/maciej/matcher_ws/build/csm
[2.029s] [35m[1mConsolidate compiler generated dependencies of target csm[0m
[2.081s] gmake[2]: Warning: File '/home/maciej/matcher_ws/src/csm/src/csm/laser_data.cpp' has modification time 2834 s in the future
[2.119s] [  4%] [32mBuilding CXX object CMakeFiles/csm.dir/src/csm/utils.cpp.o[0m
[2.119s] [  8%] [32mBuilding CXX object CMakeFiles/csm.dir/src/csm/laser_data.cpp.o[0m
[2.119s] [ 12%] [32mBuilding CXX object CMakeFiles/csm.dir/src/csm/math_utils_gsl.cpp.o[0m
[2.135s] [ 16%] [32mBuilding CXX object CMakeFiles/csm.dir/src/csm/sm_options.cpp.o[0m
[2.135s] [ 20%] [32mBuilding CXX object CMakeFiles/csm.dir/src/csm/math_utils.cpp.o[0m
[2.136s] [ 25%] [32mBuilding CXX object CMakeFiles/csm.dir/src/csm/logging.cpp.o[0m
[2.146s] [ 29%] [32mBuilding CXX object CMakeFiles/csm.dir/src/csm/orientation.cpp.o[0m
[2.148s] [ 33%] [32mBuilding CXX object CMakeFiles/csm.dir/src/csm/clustering.cpp.o[0m
[5.065s] gmake[2]: *** [CMakeFiles/csm.dir/build.make:174: CMakeFiles/csm.dir/src/csm/clustering.cpp.o] Interrupt
[5.065s] gmake[2]: *** [CMakeFiles/csm.dir/build.make:76: CMakeFiles/csm.dir/src/csm/laser_data.cpp.o] Interrupt
[5.066s] gmake[2]: *** [CMakeFiles/csm.dir/build.make:118: CMakeFiles/csm.dir/src/csm/utils.cpp.o] Interrupt
[5.066s] gmake[2]: *** [CMakeFiles/csm.dir/build.make:146: CMakeFiles/csm.dir/src/csm/sm_options.cpp.o] Interrupt
[5.066s] gmake[2]: *** [CMakeFiles/csm.dir/build.make:132: CMakeFiles/csm.dir/src/csm/logging.cpp.o] Interrupt
[5.066s] gmake[2]: *** [CMakeFiles/csm.dir/build.make:160: CMakeFiles/csm.dir/src/csm/orientation.cpp.o] Interrupt
[5.066s] gmake[2]: *** [CMakeFiles/csm.dir/build.make:104: CMakeFiles/csm.dir/src/csm/math_utils_gsl.cpp.o] Interrupt
[5.066s] gmake[2]: *** [CMakeFiles/csm.dir/build.make:90: CMakeFiles/csm.dir/src/csm/math_utils.cpp.o] Interrupt
[5.126s] gmake[1]: *** [CMakeFiles/Makefile2:137: CMakeFiles/csm.dir/all] Interrupt
[5.126s] gmake: *** [Makefile:146: all] Interrupt
