[9.930s] Invoking command in '/home/maciej/matcher_ws/build/turtlebot3_example': PYTHONPATH=/home/maciej/matcher_ws/build/turtlebot3_example/prefix_override:/usr/lib/python3/dist-packages/colcon_core/task/python/colcon_distutils_commands:/home/maciej/matcher_ws/install/turtlebot3_example/lib/python3.10/site-packages:${PYTHONPATH} /usr/bin/python3 -W ignore:setup.py install is deprecated -W ignore:easy_install command is deprecated setup.py develop --uninstall --editable --build-directory /home/maciej/matcher_ws/build/turtlebot3_example/build
[13.077s] running develop
[15.367s] Removing /home/maciej/matcher_ws/install/turtlebot3_example/lib/python3.10/site-packages/turtlebot3-example.egg-link (link to .)
[15.661s] Invoked command in '/home/maciej/matcher_ws/build/turtlebot3_example' returned '0': PYTHONPATH=/home/maciej/matcher_ws/build/turtlebot3_example/prefix_override:/usr/lib/python3/dist-packages/colcon_core/task/python/colcon_distutils_commands:/home/maciej/matcher_ws/install/turtlebot3_example/lib/python3.10/site-packages:${PYTHONPATH} /usr/bin/python3 -W ignore:setup.py install is deprecated -W ignore:easy_install command is deprecated setup.py develop --uninstall --editable --build-directory /home/maciej/matcher_ws/build/turtlebot3_example/build
[15.662s] Invoking command in '/home/maciej/matcher_ws/src/turtlebot3/turtlebot3_example': PYTHONPATH=/home/maciej/matcher_ws/build/turtlebot3_example/prefix_override:/usr/lib/python3/dist-packages/colcon_core/task/python/colcon_distutils_commands:/home/maciej/matcher_ws/install/turtlebot3_example/lib/python3.10/site-packages:${PYTHONPATH} /usr/bin/python3 -W ignore:setup.py install is deprecated -W ignore:easy_install command is deprecated setup.py egg_info --egg-base ../../../build/turtlebot3_example build --build-base /home/maciej/matcher_ws/build/turtlebot3_example/build install --record /home/maciej/matcher_ws/build/turtlebot3_example/install.log --single-version-externally-managed install_data --force
[16.594s] running egg_info
[16.629s] writing ../../../build/turtlebot3_example/turtlebot3_example.egg-info/PKG-INFO
[16.630s] writing dependency_links to ../../../build/turtlebot3_example/turtlebot3_example.egg-info/dependency_links.txt
[16.633s] writing entry points to ../../../build/turtlebot3_example/turtlebot3_example.egg-info/entry_points.txt
[16.633s] writing requirements to ../../../build/turtlebot3_example/turtlebot3_example.egg-info/requires.txt
[16.634s] writing top-level names to ../../../build/turtlebot3_example/turtlebot3_example.egg-info/top_level.txt
[16.701s] reading manifest file '../../../build/turtlebot3_example/turtlebot3_example.egg-info/SOURCES.txt'
[16.705s] writing manifest file '../../../build/turtlebot3_example/turtlebot3_example.egg-info/SOURCES.txt'
[16.705s] running build
[16.706s] running build_py
[16.706s] creating /home/maciej/matcher_ws/build/turtlebot3_example/build
[16.706s] creating /home/maciej/matcher_ws/build/turtlebot3_example/build/lib
[16.707s] creating /home/maciej/matcher_ws/build/turtlebot3_example/build/lib/turtlebot3_example
[16.708s] copying turtlebot3_example/__init__.py -> /home/maciej/matcher_ws/build/turtlebot3_example/build/lib/turtlebot3_example
[16.711s] creating /home/maciej/matcher_ws/build/turtlebot3_example/build/lib/turtlebot3_example/turtlebot3_absolute_move
[16.712s] copying turtlebot3_example/turtlebot3_absolute_move/__init__.py -> /home/maciej/matcher_ws/build/turtlebot3_example/build/lib/turtlebot3_example/turtlebot3_absolute_move
[16.712s] copying turtlebot3_example/turtlebot3_absolute_move/turtlebot3_absolute_move.py -> /home/maciej/matcher_ws/build/turtlebot3_example/build/lib/turtlebot3_example/turtlebot3_absolute_move
[16.716s] creating /home/maciej/matcher_ws/build/turtlebot3_example/build/lib/turtlebot3_example/turtlebot3_interactive_marker
[16.717s] copying turtlebot3_example/turtlebot3_interactive_marker/__init__.py -> /home/maciej/matcher_ws/build/turtlebot3_example/build/lib/turtlebot3_example/turtlebot3_interactive_marker
[16.717s] copying turtlebot3_example/turtlebot3_interactive_marker/turtlebot3_interactive_marker.py -> /home/maciej/matcher_ws/build/turtlebot3_example/build/lib/turtlebot3_example/turtlebot3_interactive_marker
[16.719s] creating /home/maciej/matcher_ws/build/turtlebot3_example/build/lib/turtlebot3_example/turtlebot3_relative_move
[16.720s] copying turtlebot3_example/turtlebot3_relative_move/turtlebot3_relative_move.py -> /home/maciej/matcher_ws/build/turtlebot3_example/build/lib/turtlebot3_example/turtlebot3_relative_move
[16.721s] copying turtlebot3_example/turtlebot3_relative_move/__init__.py -> /home/maciej/matcher_ws/build/turtlebot3_example/build/lib/turtlebot3_example/turtlebot3_relative_move
[16.722s] creating /home/maciej/matcher_ws/build/turtlebot3_example/build/lib/turtlebot3_example/turtlebot3_obstacle_detection
[16.723s] copying turtlebot3_example/turtlebot3_obstacle_detection/turtlebot3_obstacle_detection.py -> /home/maciej/matcher_ws/build/turtlebot3_example/build/lib/turtlebot3_example/turtlebot3_obstacle_detection
[16.725s] copying turtlebot3_example/turtlebot3_obstacle_detection/__init__.py -> /home/maciej/matcher_ws/build/turtlebot3_example/build/lib/turtlebot3_example/turtlebot3_obstacle_detection
[16.726s] creating /home/maciej/matcher_ws/build/turtlebot3_example/build/lib/turtlebot3_example/turtlebot3_patrol
[16.726s] copying turtlebot3_example/turtlebot3_patrol/turtlebot3_patrol_client.py -> /home/maciej/matcher_ws/build/turtlebot3_example/build/lib/turtlebot3_example/turtlebot3_patrol
[16.727s] copying turtlebot3_example/turtlebot3_patrol/turtlebot3_patrol_server.py -> /home/maciej/matcher_ws/build/turtlebot3_example/build/lib/turtlebot3_example/turtlebot3_patrol
[16.731s] copying turtlebot3_example/turtlebot3_patrol/__init__.py -> /home/maciej/matcher_ws/build/turtlebot3_example/build/lib/turtlebot3_example/turtlebot3_patrol
[16.732s] running install
[16.747s] running install_lib
[16.795s] creating /home/maciej/matcher_ws/install/turtlebot3_example/lib/python3.10/site-packages/turtlebot3_example
[16.795s] creating /home/maciej/matcher_ws/install/turtlebot3_example/lib/python3.10/site-packages/turtlebot3_example/turtlebot3_absolute_move
[16.796s] copying /home/maciej/matcher_ws/build/turtlebot3_example/build/lib/turtlebot3_example/turtlebot3_absolute_move/__init__.py -> /home/maciej/matcher_ws/install/turtlebot3_example/lib/python3.10/site-packages/turtlebot3_example/turtlebot3_absolute_move
[16.796s] copying /home/maciej/matcher_ws/build/turtlebot3_example/build/lib/turtlebot3_example/turtlebot3_absolute_move/turtlebot3_absolute_move.py -> /home/maciej/matcher_ws/install/turtlebot3_example/lib/python3.10/site-packages/turtlebot3_example/turtlebot3_absolute_move
[16.796s] creating /home/maciej/matcher_ws/install/turtlebot3_example/lib/python3.10/site-packages/turtlebot3_example/turtlebot3_interactive_marker
[16.797s] copying /home/maciej/matcher_ws/build/turtlebot3_example/build/lib/turtlebot3_example/turtlebot3_interactive_marker/__init__.py -> /home/maciej/matcher_ws/install/turtlebot3_example/lib/python3.10/site-packages/turtlebot3_example/turtlebot3_interactive_marker
[16.797s] copying /home/maciej/matcher_ws/build/turtlebot3_example/build/lib/turtlebot3_example/turtlebot3_interactive_marker/turtlebot3_interactive_marker.py -> /home/maciej/matcher_ws/install/turtlebot3_example/lib/python3.10/site-packages/turtlebot3_example/turtlebot3_interactive_marker
[16.799s] creating /home/maciej/matcher_ws/install/turtlebot3_example/lib/python3.10/site-packages/turtlebot3_example/turtlebot3_relative_move
[16.800s] copying /home/maciej/matcher_ws/build/turtlebot3_example/build/lib/turtlebot3_example/turtlebot3_relative_move/turtlebot3_relative_move.py -> /home/maciej/matcher_ws/install/turtlebot3_example/lib/python3.10/site-packages/turtlebot3_example/turtlebot3_relative_move
[16.803s] copying /home/maciej/matcher_ws/build/turtlebot3_example/build/lib/turtlebot3_example/turtlebot3_relative_move/__init__.py -> /home/maciej/matcher_ws/install/turtlebot3_example/lib/python3.10/site-packages/turtlebot3_example/turtlebot3_relative_move
[16.805s] copying /home/maciej/matcher_ws/build/turtlebot3_example/build/lib/turtlebot3_example/__init__.py -> /home/maciej/matcher_ws/install/turtlebot3_example/lib/python3.10/site-packages/turtlebot3_example
[16.805s] creating /home/maciej/matcher_ws/install/turtlebot3_example/lib/python3.10/site-packages/turtlebot3_example/turtlebot3_obstacle_detection
[16.805s] copying /home/maciej/matcher_ws/build/turtlebot3_example/build/lib/turtlebot3_example/turtlebot3_obstacle_detection/turtlebot3_obstacle_detection.py -> /home/maciej/matcher_ws/install/turtlebot3_example/lib/python3.10/site-packages/turtlebot3_example/turtlebot3_obstacle_detection
[16.806s] copying /home/maciej/matcher_ws/build/turtlebot3_example/build/lib/turtlebot3_example/turtlebot3_obstacle_detection/__init__.py -> /home/maciej/matcher_ws/install/turtlebot3_example/lib/python3.10/site-packages/turtlebot3_example/turtlebot3_obstacle_detection
[16.806s] creating /home/maciej/matcher_ws/install/turtlebot3_example/lib/python3.10/site-packages/turtlebot3_example/turtlebot3_patrol
[16.806s] copying /home/maciej/matcher_ws/build/turtlebot3_example/build/lib/turtlebot3_example/turtlebot3_patrol/turtlebot3_patrol_client.py -> /home/maciej/matcher_ws/install/turtlebot3_example/lib/python3.10/site-packages/turtlebot3_example/turtlebot3_patrol
[16.807s] copying /home/maciej/matcher_ws/build/turtlebot3_example/build/lib/turtlebot3_example/turtlebot3_patrol/turtlebot3_patrol_server.py -> /home/maciej/matcher_ws/install/turtlebot3_example/lib/python3.10/site-packages/turtlebot3_example/turtlebot3_patrol
[16.807s] copying /home/maciej/matcher_ws/build/turtlebot3_example/build/lib/turtlebot3_example/turtlebot3_patrol/__init__.py -> /home/maciej/matcher_ws/install/turtlebot3_example/lib/python3.10/site-packages/turtlebot3_example/turtlebot3_patrol
[16.808s] byte-compiling /home/maciej/matcher_ws/install/turtlebot3_example/lib/python3.10/site-packages/turtlebot3_example/turtlebot3_absolute_move/__init__.py to __init__.cpython-310.pyc
[16.808s] byte-compiling /home/maciej/matcher_ws/install/turtlebot3_example/lib/python3.10/site-packages/turtlebot3_example/turtlebot3_absolute_move/turtlebot3_absolute_move.py to turtlebot3_absolute_move.cpython-310.pyc
[16.808s] byte-compiling /home/maciej/matcher_ws/install/turtlebot3_example/lib/python3.10/site-packages/turtlebot3_example/turtlebot3_interactive_marker/__init__.py to __init__.cpython-310.pyc
[16.809s] byte-compiling /home/maciej/matcher_ws/install/turtlebot3_example/lib/python3.10/site-packages/turtlebot3_example/turtlebot3_interactive_marker/turtlebot3_interactive_marker.py to turtlebot3_interactive_marker.cpython-310.pyc
[16.812s] byte-compiling /home/maciej/matcher_ws/install/turtlebot3_example/lib/python3.10/site-packages/turtlebot3_example/turtlebot3_relative_move/turtlebot3_relative_move.py to turtlebot3_relative_move.cpython-310.pyc
[16.821s] byte-compiling /home/maciej/matcher_ws/install/turtlebot3_example/lib/python3.10/site-packages/turtlebot3_example/turtlebot3_relative_move/__init__.py to __init__.cpython-310.pyc
[16.821s] byte-compiling /home/maciej/matcher_ws/install/turtlebot3_example/lib/python3.10/site-packages/turtlebot3_example/__init__.py to __init__.cpython-310.pyc
[16.821s] byte-compiling /home/maciej/matcher_ws/install/turtlebot3_example/lib/python3.10/site-packages/turtlebot3_example/turtlebot3_obstacle_detection/turtlebot3_obstacle_detection.py to turtlebot3_obstacle_detection.cpython-310.pyc
[16.823s] byte-compiling /home/maciej/matcher_ws/install/turtlebot3_example/lib/python3.10/site-packages/turtlebot3_example/turtlebot3_obstacle_detection/__init__.py to __init__.cpython-310.pyc
[16.824s] byte-compiling /home/maciej/matcher_ws/install/turtlebot3_example/lib/python3.10/site-packages/turtlebot3_example/turtlebot3_patrol/turtlebot3_patrol_client.py to turtlebot3_patrol_client.cpython-310.pyc
[16.828s] byte-compiling /home/maciej/matcher_ws/install/turtlebot3_example/lib/python3.10/site-packages/turtlebot3_example/turtlebot3_patrol/turtlebot3_patrol_server.py to turtlebot3_patrol_server.cpython-310.pyc
[16.830s] byte-compiling /home/maciej/matcher_ws/install/turtlebot3_example/lib/python3.10/site-packages/turtlebot3_example/turtlebot3_patrol/__init__.py to __init__.cpython-310.pyc
[16.830s] running install_data
[16.834s] copying resource/turtlebot3_example -> /home/maciej/matcher_ws/install/turtlebot3_example/share/ament_index/resource_index/packages
[16.839s] copying package.xml -> /home/maciej/matcher_ws/install/turtlebot3_example/share/turtlebot3_example
[16.845s] running install_egg_info
[16.897s] Copying ../../../build/turtlebot3_example/turtlebot3_example.egg-info to /home/maciej/matcher_ws/install/turtlebot3_example/lib/python3.10/site-packages/turtlebot3_example-2.3.3-py3.10.egg-info
[16.900s] running install_scripts
[17.365s] Installing turtlebot3_absolute_move script to /home/maciej/matcher_ws/install/turtlebot3_example/lib/turtlebot3_example
[17.365s] Installing turtlebot3_interactive_marker script to /home/maciej/matcher_ws/install/turtlebot3_example/lib/turtlebot3_example
[17.365s] Installing turtlebot3_obstacle_detection script to /home/maciej/matcher_ws/install/turtlebot3_example/lib/turtlebot3_example
[17.366s] Installing turtlebot3_patrol_client script to /home/maciej/matcher_ws/install/turtlebot3_example/lib/turtlebot3_example
[17.366s] Installing turtlebot3_patrol_server script to /home/maciej/matcher_ws/install/turtlebot3_example/lib/turtlebot3_example
[17.367s] Installing turtlebot3_relative_move script to /home/maciej/matcher_ws/install/turtlebot3_example/lib/turtlebot3_example
[17.368s] writing list of installed files to '/home/maciej/matcher_ws/build/turtlebot3_example/install.log'
[17.482s] Invoked command in '/home/maciej/matcher_ws/src/turtlebot3/turtlebot3_example' returned '0': PYTHONPATH=/home/maciej/matcher_ws/build/turtlebot3_example/prefix_override:/usr/lib/python3/dist-packages/colcon_core/task/python/colcon_distutils_commands:/home/maciej/matcher_ws/install/turtlebot3_example/lib/python3.10/site-packages:${PYTHONPATH} /usr/bin/python3 -W ignore:setup.py install is deprecated -W ignore:easy_install command is deprecated setup.py egg_info --egg-base ../../../build/turtlebot3_example build --build-base /home/maciej/matcher_ws/build/turtlebot3_example/build install --record /home/maciej/matcher_ws/build/turtlebot3_example/install.log --single-version-externally-managed install_data --force
