[0.127s] Invoking command in '/home/maciej/matcher_ws/build/turtlebot3_node': CMAKE_PREFIX_PATH=${CMAKE_PREFIX_PATH}:/home/maciej/matcher_ws/install/turtlebot3_teleop:/home/maciej/matcher_ws/install/turtlebot3_example:/home/maciej/ros2_ws/install/webots_ros2:/home/maciej/ros2_ws/install/webots_ros2_universal_robot:/home/maciej/ros2_ws/install/webots_ros2_turtlebot:/home/maciej/ros2_ws/install/webots_ros2_tiago:/home/maciej/ros2_ws/install/webots_ros2_tests:/home/maciej/ros2_ws/install/webots_ros2_tesla:/home/maciej/ros2_ws/install/webots_ros2_mavic:/home/maciej/ros2_ws/install/webots_ros2_epuck:/home/maciej/ros2_ws/install/topic_monitor:/home/maciej/ros2_ws/install/self_balancing_robot:/home/maciej/ros2_ws/install/quality_of_service_demo_py:/home/maciej/ros2_ws/install/nav2_simple_commander:/home/maciej/ros2_ws/install/lifecycle_py:/home/maciej/ros2_ws/install/joy_tester:/home/maciej/ros2_ws/install/demo_nodes_py:/home/maciej/ros2_ws/install/action_tutorials_py:/home/maciej/Sim/MecHaRo-Lab_ROSBot2Pro/ws_ros2_husarion/install/webots_ros2_husarion:/opt/ros/humble /usr/bin/cmake --build /home/maciej/matcher_ws/build/turtlebot3_node -- -j8 -l8
[0.651s] [ 85%] Built target turtlebot3_node_lib
[0.652s] [100%] Built target turtlebot3_ros
[0.692s] Invoked command in '/home/maciej/matcher_ws/build/turtlebot3_node' returned '0': CMAKE_PREFIX_PATH=${CMAKE_PREFIX_PATH}:/home/maciej/matcher_ws/install/turtlebot3_teleop:/home/maciej/matcher_ws/install/turtlebot3_example:/home/maciej/ros2_ws/install/webots_ros2:/home/maciej/ros2_ws/install/webots_ros2_universal_robot:/home/maciej/ros2_ws/install/webots_ros2_turtlebot:/home/maciej/ros2_ws/install/webots_ros2_tiago:/home/maciej/ros2_ws/install/webots_ros2_tests:/home/maciej/ros2_ws/install/webots_ros2_tesla:/home/maciej/ros2_ws/install/webots_ros2_mavic:/home/maciej/ros2_ws/install/webots_ros2_epuck:/home/maciej/ros2_ws/install/topic_monitor:/home/maciej/ros2_ws/install/self_balancing_robot:/home/maciej/ros2_ws/install/quality_of_service_demo_py:/home/maciej/ros2_ws/install/nav2_simple_commander:/home/maciej/ros2_ws/install/lifecycle_py:/home/maciej/ros2_ws/install/joy_tester:/home/maciej/ros2_ws/install/demo_nodes_py:/home/maciej/ros2_ws/install/action_tutorials_py:/home/maciej/Sim/MecHaRo-Lab_ROSBot2Pro/ws_ros2_husarion/install/webots_ros2_husarion:/opt/ros/humble /usr/bin/cmake --build /home/maciej/matcher_ws/build/turtlebot3_node -- -j8 -l8
[0.695s] Invoking command in '/home/maciej/matcher_ws/build/turtlebot3_node': CMAKE_PREFIX_PATH=${CMAKE_PREFIX_PATH}:/home/maciej/matcher_ws/install/turtlebot3_teleop:/home/maciej/matcher_ws/install/turtlebot3_example:/home/maciej/ros2_ws/install/webots_ros2:/home/maciej/ros2_ws/install/webots_ros2_universal_robot:/home/maciej/ros2_ws/install/webots_ros2_turtlebot:/home/maciej/ros2_ws/install/webots_ros2_tiago:/home/maciej/ros2_ws/install/webots_ros2_tests:/home/maciej/ros2_ws/install/webots_ros2_tesla:/home/maciej/ros2_ws/install/webots_ros2_mavic:/home/maciej/ros2_ws/install/webots_ros2_epuck:/home/maciej/ros2_ws/install/topic_monitor:/home/maciej/ros2_ws/install/self_balancing_robot:/home/maciej/ros2_ws/install/quality_of_service_demo_py:/home/maciej/ros2_ws/install/nav2_simple_commander:/home/maciej/ros2_ws/install/lifecycle_py:/home/maciej/ros2_ws/install/joy_tester:/home/maciej/ros2_ws/install/demo_nodes_py:/home/maciej/ros2_ws/install/action_tutorials_py:/home/maciej/Sim/MecHaRo-Lab_ROSBot2Pro/ws_ros2_husarion/install/webots_ros2_husarion:/opt/ros/humble /usr/bin/cmake --install /home/maciej/matcher_ws/build/turtlebot3_node
[1.184s] -- Install configuration: ""
[1.185s] -- Execute custom install script
[1.186s] -- Up-to-date symlink: /home/maciej/matcher_ws/install/turtlebot3_node/share/turtlebot3_node/param/burger.yaml
[1.186s] -- Up-to-date symlink: /home/maciej/matcher_ws/install/turtlebot3_node/share/turtlebot3_node/param/waffle.yaml
[1.186s] -- Up-to-date symlink: /home/maciej/matcher_ws/install/turtlebot3_node/share/turtlebot3_node/param/waffle_pi.yaml
[1.187s] -- Up-to-date symlink: /home/maciej/matcher_ws/install/turtlebot3_node/lib/turtlebot3_node/turtlebot3_ros
[1.187s] -- Up-to-date symlink: /home/maciej/matcher_ws/install/turtlebot3_node/share/ament_index/resource_index/package_run_dependencies/turtlebot3_node
[1.187s] -- Up-to-date symlink: /home/maciej/matcher_ws/install/turtlebot3_node/share/ament_index/resource_index/parent_prefix_path/turtlebot3_node
[1.187s] -- Up-to-date symlink: /home/maciej/matcher_ws/install/turtlebot3_node/share/turtlebot3_node/environment/ament_prefix_path.sh
[1.188s] -- Up-to-date symlink: /home/maciej/matcher_ws/install/turtlebot3_node/share/turtlebot3_node/environment/ament_prefix_path.dsv
[1.188s] -- Up-to-date symlink: /home/maciej/matcher_ws/install/turtlebot3_node/share/turtlebot3_node/environment/path.sh
[1.188s] -- Up-to-date symlink: /home/maciej/matcher_ws/install/turtlebot3_node/share/turtlebot3_node/environment/path.dsv
[1.188s] -- Up-to-date symlink: /home/maciej/matcher_ws/install/turtlebot3_node/share/turtlebot3_node/local_setup.bash
[1.188s] -- Up-to-date symlink: /home/maciej/matcher_ws/install/turtlebot3_node/share/turtlebot3_node/local_setup.sh
[1.188s] -- Up-to-date symlink: /home/maciej/matcher_ws/install/turtlebot3_node/share/turtlebot3_node/local_setup.zsh
[1.189s] -- Up-to-date symlink: /home/maciej/matcher_ws/install/turtlebot3_node/share/turtlebot3_node/local_setup.dsv
[1.189s] -- Symlinking: /home/maciej/matcher_ws/install/turtlebot3_node/share/turtlebot3_node/package.dsv
[1.189s] -- Up-to-date symlink: /home/maciej/matcher_ws/install/turtlebot3_node/share/ament_index/resource_index/packages/turtlebot3_node
[1.189s] -- Up-to-date symlink: /home/maciej/matcher_ws/install/turtlebot3_node/share/turtlebot3_node/cmake/ament_cmake_export_dependencies-extras.cmake
[1.189s] -- Up-to-date symlink: /home/maciej/matcher_ws/install/turtlebot3_node/share/turtlebot3_node/cmake/ament_cmake_export_include_directories-extras.cmake
[1.190s] -- Up-to-date symlink: /home/maciej/matcher_ws/install/turtlebot3_node/share/turtlebot3_node/cmake/turtlebot3_nodeConfig.cmake
[1.190s] -- Up-to-date symlink: /home/maciej/matcher_ws/install/turtlebot3_node/share/turtlebot3_node/cmake/turtlebot3_nodeConfig-version.cmake
[1.190s] -- Up-to-date symlink: /home/maciej/matcher_ws/install/turtlebot3_node/share/turtlebot3_node/package.xml
[1.293s] Invoked command in '/home/maciej/matcher_ws/build/turtlebot3_node' returned '0': CMAKE_PREFIX_PATH=${CMAKE_PREFIX_PATH}:/home/maciej/matcher_ws/install/turtlebot3_teleop:/home/maciej/matcher_ws/install/turtlebot3_example:/home/maciej/ros2_ws/install/webots_ros2:/home/maciej/ros2_ws/install/webots_ros2_universal_robot:/home/maciej/ros2_ws/install/webots_ros2_turtlebot:/home/maciej/ros2_ws/install/webots_ros2_tiago:/home/maciej/ros2_ws/install/webots_ros2_tests:/home/maciej/ros2_ws/install/webots_ros2_tesla:/home/maciej/ros2_ws/install/webots_ros2_mavic:/home/maciej/ros2_ws/install/webots_ros2_epuck:/home/maciej/ros2_ws/install/topic_monitor:/home/maciej/ros2_ws/install/self_balancing_robot:/home/maciej/ros2_ws/install/quality_of_service_demo_py:/home/maciej/ros2_ws/install/nav2_simple_commander:/home/maciej/ros2_ws/install/lifecycle_py:/home/maciej/ros2_ws/install/joy_tester:/home/maciej/ros2_ws/install/demo_nodes_py:/home/maciej/ros2_ws/install/action_tutorials_py:/home/maciej/Sim/MecHaRo-Lab_ROSBot2Pro/ws_ros2_husarion/install/webots_ros2_husarion:/opt/ros/humble /usr/bin/cmake --install /home/maciej/matcher_ws/build/turtlebot3_node
