[0.116s] Invoking command in '/home/maciej/matcher_ws/build/csm': CMAKE_PREFIX_PATH=${CMAKE_PREFIX_PATH}:/home/maciej/matcher_ws/install/turtlebot3_teleop:/home/maciej/matcher_ws/install/turtlebot3_example:/home/maciej/ros2_ws/install/webots_ros2:/home/maciej/ros2_ws/install/webots_ros2_universal_robot:/home/maciej/ros2_ws/install/webots_ros2_turtlebot:/home/maciej/ros2_ws/install/webots_ros2_tiago:/home/maciej/ros2_ws/install/webots_ros2_tests:/home/maciej/ros2_ws/install/webots_ros2_tesla:/home/maciej/ros2_ws/install/webots_ros2_mavic:/home/maciej/ros2_ws/install/webots_ros2_epuck:/home/maciej/ros2_ws/install/topic_monitor:/home/maciej/ros2_ws/install/self_balancing_robot:/home/maciej/ros2_ws/install/quality_of_service_demo_py:/home/maciej/ros2_ws/install/nav2_simple_commander:/home/maciej/ros2_ws/install/lifecycle_py:/home/maciej/ros2_ws/install/joy_tester:/home/maciej/ros2_ws/install/demo_nodes_py:/home/maciej/ros2_ws/install/action_tutorials_py:/home/maciej/Sim/MecHaRo-Lab_ROSBot2Pro/ws_ros2_husarion/install/webots_ros2_husarion:/opt/ros/humble /usr/bin/cmake --build /home/maciej/matcher_ws/build/csm -- -j8 -l8
[0.541s] [100%] Built target csm
[0.567s] Invoked command in '/home/maciej/matcher_ws/build/csm' returned '0': CMAKE_PREFIX_PATH=${CMAKE_PREFIX_PATH}:/home/maciej/matcher_ws/install/turtlebot3_teleop:/home/maciej/matcher_ws/install/turtlebot3_example:/home/maciej/ros2_ws/install/webots_ros2:/home/maciej/ros2_ws/install/webots_ros2_universal_robot:/home/maciej/ros2_ws/install/webots_ros2_turtlebot:/home/maciej/ros2_ws/install/webots_ros2_tiago:/home/maciej/ros2_ws/install/webots_ros2_tests:/home/maciej/ros2_ws/install/webots_ros2_tesla:/home/maciej/ros2_ws/install/webots_ros2_mavic:/home/maciej/ros2_ws/install/webots_ros2_epuck:/home/maciej/ros2_ws/install/topic_monitor:/home/maciej/ros2_ws/install/self_balancing_robot:/home/maciej/ros2_ws/install/quality_of_service_demo_py:/home/maciej/ros2_ws/install/nav2_simple_commander:/home/maciej/ros2_ws/install/lifecycle_py:/home/maciej/ros2_ws/install/joy_tester:/home/maciej/ros2_ws/install/demo_nodes_py:/home/maciej/ros2_ws/install/action_tutorials_py:/home/maciej/Sim/MecHaRo-Lab_ROSBot2Pro/ws_ros2_husarion/install/webots_ros2_husarion:/opt/ros/humble /usr/bin/cmake --build /home/maciej/matcher_ws/build/csm -- -j8 -l8
[0.569s] Invoking command in '/home/maciej/matcher_ws/build/csm': CMAKE_PREFIX_PATH=${CMAKE_PREFIX_PATH}:/home/maciej/matcher_ws/install/turtlebot3_teleop:/home/maciej/matcher_ws/install/turtlebot3_example:/home/maciej/ros2_ws/install/webots_ros2:/home/maciej/ros2_ws/install/webots_ros2_universal_robot:/home/maciej/ros2_ws/install/webots_ros2_turtlebot:/home/maciej/ros2_ws/install/webots_ros2_tiago:/home/maciej/ros2_ws/install/webots_ros2_tests:/home/maciej/ros2_ws/install/webots_ros2_tesla:/home/maciej/ros2_ws/install/webots_ros2_mavic:/home/maciej/ros2_ws/install/webots_ros2_epuck:/home/maciej/ros2_ws/install/topic_monitor:/home/maciej/ros2_ws/install/self_balancing_robot:/home/maciej/ros2_ws/install/quality_of_service_demo_py:/home/maciej/ros2_ws/install/nav2_simple_commander:/home/maciej/ros2_ws/install/lifecycle_py:/home/maciej/ros2_ws/install/joy_tester:/home/maciej/ros2_ws/install/demo_nodes_py:/home/maciej/ros2_ws/install/action_tutorials_py:/home/maciej/Sim/MecHaRo-Lab_ROSBot2Pro/ws_ros2_husarion/install/webots_ros2_husarion:/opt/ros/humble /usr/bin/cmake --install /home/maciej/matcher_ws/build/csm
[0.962s] -- Install configuration: ""
[0.962s] -- Execute custom install script
[0.962s] -- Up-to-date symlink: /home/maciej/matcher_ws/install/csm/lib/libcsm.so
[0.962s] -- Up-to-date symlink: /home/maciej/matcher_ws/install/csm/include/..//include/csm/algos.h
[0.962s] -- Up-to-date symlink: /home/maciej/matcher_ws/install/csm/include/..//include/csm/csm.h
[0.962s] -- Up-to-date symlink: /home/maciej/matcher_ws/install/csm/include/..//include/csm/laser_data.h
[0.962s] -- Up-to-date symlink: /home/maciej/matcher_ws/install/csm/include/..//include/csm/laser_data_inline.h
[0.963s] -- Up-to-date symlink: /home/maciej/matcher_ws/install/csm/include/..//include/csm/restrict.h
[0.963s] -- Up-to-date symlink: /home/maciej/matcher_ws/install/csm/include/..//include/gsl_eigen/gsl_eigen.h
[0.963s] -- Up-to-date symlink: /home/maciej/matcher_ws/install/csm/share/csm/resource/csm
[0.963s] -- Up-to-date symlink: /home/maciej/matcher_ws/install/csm/include/../gsl_eigen/gsl_eigen.h
[0.963s] -- Up-to-date symlink: /home/maciej/matcher_ws/install/csm/share/csm/environment/library_path.sh
[0.963s] -- Up-to-date symlink: /home/maciej/matcher_ws/install/csm/share/csm/environment/library_path.dsv
[0.963s] -- Up-to-date symlink: /home/maciej/matcher_ws/install/csm/share/ament_index/resource_index/package_run_dependencies/csm
[0.964s] -- Up-to-date symlink: /home/maciej/matcher_ws/install/csm/share/ament_index/resource_index/parent_prefix_path/csm
[0.964s] -- Up-to-date symlink: /home/maciej/matcher_ws/install/csm/share/csm/environment/ament_prefix_path.sh
[0.964s] -- Up-to-date symlink: /home/maciej/matcher_ws/install/csm/share/csm/environment/ament_prefix_path.dsv
[0.964s] -- Up-to-date symlink: /home/maciej/matcher_ws/install/csm/share/csm/environment/path.sh
[0.964s] -- Up-to-date symlink: /home/maciej/matcher_ws/install/csm/share/csm/environment/path.dsv
[0.964s] -- Up-to-date symlink: /home/maciej/matcher_ws/install/csm/share/csm/local_setup.bash
[0.964s] -- Up-to-date symlink: /home/maciej/matcher_ws/install/csm/share/csm/local_setup.sh
[0.964s] -- Up-to-date symlink: /home/maciej/matcher_ws/install/csm/share/csm/local_setup.zsh
[0.964s] -- Up-to-date symlink: /home/maciej/matcher_ws/install/csm/share/csm/local_setup.dsv
[0.964s] -- Symlinking: /home/maciej/matcher_ws/install/csm/share/csm/package.dsv
[0.964s] -- Up-to-date symlink: /home/maciej/matcher_ws/install/csm/share/ament_index/resource_index/packages/csm
[0.964s] -- Up-to-date symlink: /home/maciej/matcher_ws/install/csm/share/csm/cmake/ament_cmake_export_dependencies-extras.cmake
[0.964s] -- Up-to-date symlink: /home/maciej/matcher_ws/install/csm/share/csm/cmake/ament_cmake_export_include_directories-extras.cmake
[0.965s] -- Up-to-date symlink: /home/maciej/matcher_ws/install/csm/share/csm/cmake/ament_cmake_export_libraries-extras.cmake
[0.965s] -- Up-to-date symlink: /home/maciej/matcher_ws/install/csm/share/csm/cmake/csmConfig.cmake
[0.965s] -- Up-to-date symlink: /home/maciej/matcher_ws/install/csm/share/csm/cmake/csmConfig-version.cmake
[0.965s] -- Up-to-date symlink: /home/maciej/matcher_ws/install/csm/share/csm/package.xml
[1.044s] Invoked command in '/home/maciej/matcher_ws/build/csm' returned '0': CMAKE_PREFIX_PATH=${CMAKE_PREFIX_PATH}:/home/maciej/matcher_ws/install/turtlebot3_teleop:/home/maciej/matcher_ws/install/turtlebot3_example:/home/maciej/ros2_ws/install/webots_ros2:/home/maciej/ros2_ws/install/webots_ros2_universal_robot:/home/maciej/ros2_ws/install/webots_ros2_turtlebot:/home/maciej/ros2_ws/install/webots_ros2_tiago:/home/maciej/ros2_ws/install/webots_ros2_tests:/home/maciej/ros2_ws/install/webots_ros2_tesla:/home/maciej/ros2_ws/install/webots_ros2_mavic:/home/maciej/ros2_ws/install/webots_ros2_epuck:/home/maciej/ros2_ws/install/topic_monitor:/home/maciej/ros2_ws/install/self_balancing_robot:/home/maciej/ros2_ws/install/quality_of_service_demo_py:/home/maciej/ros2_ws/install/nav2_simple_commander:/home/maciej/ros2_ws/install/lifecycle_py:/home/maciej/ros2_ws/install/joy_tester:/home/maciej/ros2_ws/install/demo_nodes_py:/home/maciej/ros2_ws/install/action_tutorials_py:/home/maciej/Sim/MecHaRo-Lab_ROSBot2Pro/ws_ros2_husarion/install/webots_ros2_husarion:/opt/ros/humble /usr/bin/cmake --install /home/maciej/matcher_ws/build/csm
