[0.251s] DEBUG:colcon:Command line arguments: ['/usr/bin/colcon', 'build']
[0.251s] DEBUG:colcon:Parsed command line arguments: Namespace(log_base=None, log_level=None, verb_name='build', build_base='build', install_base='install', merge_install=False, symlink_install=False, test_result_base=None, continue_on_error=False, executor='parallel', parallel_workers=8, event_handlers=None, ignore_user_meta=False, metas=['./colcon.meta'], base_paths=['.'], packages_ignore=None, packages_ignore_regex=None, paths=None, packages_up_to=None, packages_up_to_regex=None, packages_above=None, packages_above_and_dependencies=None, packages_above_depth=None, packages_select_by_dep=None, packages_skip_by_dep=None, packages_skip_up_to=None, packages_select_build_failed=False, packages_skip_build_finished=False, packages_select_test_failures=False, packages_skip_test_passed=False, packages_select=None, packages_skip=None, packages_select_regex=None, packages_skip_regex=None, packages_start=None, packages_end=None, allow_overriding=[], cmake_args=None, cmake_target=None, cmake_target_skip_unavailable=False, cmake_clean_cache=False, cmake_clean_first=False, cmake_force_configure=False, ament_cmake_args=None, catkin_cmake_args=None, catkin_skip_building_tests=False, verb_parser=<colcon_defaults.argument_parser.defaults.DefaultArgumentsDecorator object at 0x785e7d495fc0>, verb_extension=<colcon_core.verb.build.BuildVerb object at 0x785e7d402650>, main=<bound method BuildVerb.main of <colcon_core.verb.build.BuildVerb object at 0x785e7d402650>>)
[0.328s] Level 1:colcon.colcon_core.package_discovery:discover_packages(colcon_meta) check parameters
[0.329s] Level 1:colcon.colcon_core.package_discovery:discover_packages(recursive) check parameters
[0.329s] Level 1:colcon.colcon_core.package_discovery:discover_packages(ignore) check parameters
[0.329s] Level 1:colcon.colcon_core.package_discovery:discover_packages(path) check parameters
[0.329s] Level 1:colcon.colcon_core.package_discovery:discover_packages(colcon_meta) discover
[0.329s] Level 1:colcon.colcon_core.package_discovery:discover_packages(recursive) discover
[0.329s] INFO:colcon.colcon_core.package_discovery:Crawling recursively for packages in '/home/maciej/matcher_ws'
[0.329s] Level 1:colcon.colcon_core.package_identification:_identify(.) by extensions ['ignore', 'ignore_ament_install']
[0.329s] Level 1:colcon.colcon_core.package_identification:_identify(.) by extension 'ignore'
[0.330s] Level 1:colcon.colcon_core.package_identification:_identify(.) by extension 'ignore_ament_install'
[0.330s] Level 1:colcon.colcon_core.package_identification:_identify(.) by extensions ['colcon_pkg']
[0.330s] Level 1:colcon.colcon_core.package_identification:_identify(.) by extension 'colcon_pkg'
[0.330s] Level 1:colcon.colcon_core.package_identification:_identify(.) by extensions ['colcon_meta']
[0.330s] Level 1:colcon.colcon_core.package_identification:_identify(.) by extension 'colcon_meta'
[0.330s] Level 1:colcon.colcon_core.package_identification:_identify(.) by extensions ['ros']
[0.330s] Level 1:colcon.colcon_core.package_identification:_identify(.) by extension 'ros'
[0.366s] Level 1:colcon.colcon_core.package_identification:_identify(.) by extensions ['cmake', 'python']
[0.366s] Level 1:colcon.colcon_core.package_identification:_identify(.) by extension 'cmake'
[0.367s] Level 1:colcon.colcon_core.package_identification:_identify(.) by extension 'python'
[0.367s] Level 1:colcon.colcon_core.package_identification:_identify(.) by extensions ['python_setup_py']
[0.367s] Level 1:colcon.colcon_core.package_identification:_identify(.) by extension 'python_setup_py'
[0.367s] Level 1:colcon.colcon_core.package_identification:_identify(build) by extensions ['ignore', 'ignore_ament_install']
[0.367s] Level 1:colcon.colcon_core.package_identification:_identify(build) by extension 'ignore'
[0.368s] Level 1:colcon.colcon_core.package_identification:_identify(build) ignored
[0.368s] Level 1:colcon.colcon_core.package_identification:_identify(install) by extensions ['ignore', 'ignore_ament_install']
[0.368s] Level 1:colcon.colcon_core.package_identification:_identify(install) by extension 'ignore'
[0.368s] Level 1:colcon.colcon_core.package_identification:_identify(install) ignored
[0.368s] Level 1:colcon.colcon_core.package_identification:_identify(log) by extensions ['ignore', 'ignore_ament_install']
[0.368s] Level 1:colcon.colcon_core.package_identification:_identify(log) by extension 'ignore'
[0.368s] Level 1:colcon.colcon_core.package_identification:_identify(log) ignored
[0.369s] Level 1:colcon.colcon_core.package_identification:_identify(src) by extensions ['ignore', 'ignore_ament_install']
[0.369s] Level 1:colcon.colcon_core.package_identification:_identify(src) by extension 'ignore'
[0.369s] Level 1:colcon.colcon_core.package_identification:_identify(src) by extension 'ignore_ament_install'
[0.369s] Level 1:colcon.colcon_core.package_identification:_identify(src) by extensions ['colcon_pkg']
[0.369s] Level 1:colcon.colcon_core.package_identification:_identify(src) by extension 'colcon_pkg'
[0.369s] Level 1:colcon.colcon_core.package_identification:_identify(src) by extensions ['colcon_meta']
[0.369s] Level 1:colcon.colcon_core.package_identification:_identify(src) by extension 'colcon_meta'
[0.369s] Level 1:colcon.colcon_core.package_identification:_identify(src) by extensions ['ros']
[0.369s] Level 1:colcon.colcon_core.package_identification:_identify(src) by extension 'ros'
[0.369s] Level 1:colcon.colcon_core.package_identification:_identify(src) by extensions ['cmake', 'python']
[0.369s] Level 1:colcon.colcon_core.package_identification:_identify(src) by extension 'cmake'
[0.369s] Level 1:colcon.colcon_core.package_identification:_identify(src) by extension 'python'
[0.369s] Level 1:colcon.colcon_core.package_identification:_identify(src) by extensions ['python_setup_py']
[0.369s] Level 1:colcon.colcon_core.package_identification:_identify(src) by extension 'python_setup_py'
[0.370s] Level 1:colcon.colcon_core.package_identification:_identify(src/csm) by extensions ['ignore', 'ignore_ament_install']
[0.370s] Level 1:colcon.colcon_core.package_identification:_identify(src/csm) by extension 'ignore'
[0.370s] Level 1:colcon.colcon_core.package_identification:_identify(src/csm) by extension 'ignore_ament_install'
[0.370s] Level 1:colcon.colcon_core.package_identification:_identify(src/csm) by extensions ['colcon_pkg']
[0.370s] Level 1:colcon.colcon_core.package_identification:_identify(src/csm) by extension 'colcon_pkg'
[0.370s] Level 1:colcon.colcon_core.package_identification:_identify(src/csm) by extensions ['colcon_meta']
[0.370s] Level 1:colcon.colcon_core.package_identification:_identify(src/csm) by extension 'colcon_meta'
[0.370s] Level 1:colcon.colcon_core.package_identification:_identify(src/csm) by extensions ['ros']
[0.370s] Level 1:colcon.colcon_core.package_identification:_identify(src/csm) by extension 'ros'
[0.375s] DEBUG:colcon.colcon_core.package_identification:Package 'src/csm' with type 'ros.ament_cmake' and name 'csm'
[0.375s] Level 1:colcon.colcon_core.package_identification:_identify(src/ros2_laser_scan_matcher) by extensions ['ignore', 'ignore_ament_install']
[0.375s] Level 1:colcon.colcon_core.package_identification:_identify(src/ros2_laser_scan_matcher) by extension 'ignore'
[0.375s] Level 1:colcon.colcon_core.package_identification:_identify(src/ros2_laser_scan_matcher) by extension 'ignore_ament_install'
[0.375s] Level 1:colcon.colcon_core.package_identification:_identify(src/ros2_laser_scan_matcher) by extensions ['colcon_pkg']
[0.376s] Level 1:colcon.colcon_core.package_identification:_identify(src/ros2_laser_scan_matcher) by extension 'colcon_pkg'
[0.376s] Level 1:colcon.colcon_core.package_identification:_identify(src/ros2_laser_scan_matcher) by extensions ['colcon_meta']
[0.376s] Level 1:colcon.colcon_core.package_identification:_identify(src/ros2_laser_scan_matcher) by extension 'colcon_meta'
[0.376s] Level 1:colcon.colcon_core.package_identification:_identify(src/ros2_laser_scan_matcher) by extensions ['ros']
[0.376s] Level 1:colcon.colcon_core.package_identification:_identify(src/ros2_laser_scan_matcher) by extension 'ros'
[0.377s] DEBUG:colcon.colcon_core.package_identification:Package 'src/ros2_laser_scan_matcher' with type 'ros.ament_cmake' and name 'ros2_laser_scan_matcher'
[0.377s] Level 1:colcon.colcon_core.package_discovery:discover_packages(recursive) using defaults
[0.377s] Level 1:colcon.colcon_core.package_discovery:discover_packages(ignore) discover
[0.377s] Level 1:colcon.colcon_core.package_discovery:discover_packages(ignore) using defaults
[0.377s] Level 1:colcon.colcon_core.package_discovery:discover_packages(path) discover
[0.377s] Level 1:colcon.colcon_core.package_discovery:discover_packages(path) using defaults
[0.431s] Level 1:colcon.colcon_core.package_discovery:discover_packages(prefix_path) check parameters
[0.431s] Level 1:colcon.colcon_core.package_discovery:discover_packages(prefix_path) discover
[0.434s] WARNING:colcon.colcon_ros.prefix_path.ament:The path '/home/maciej/matcher_ws/install/ros2_laser_scan_matcher' in the environment variable AMENT_PREFIX_PATH doesn't exist
[0.435s] WARNING:colcon.colcon_ros.prefix_path.ament:The path '/home/maciej/matcher_ws/install/csm' in the environment variable AMENT_PREFIX_PATH doesn't exist
[0.441s] WARNING:colcon.colcon_ros.prefix_path.catkin:The path '/home/maciej/matcher_ws/install/ros2_laser_scan_matcher' in the environment variable CMAKE_PREFIX_PATH doesn't exist
[0.441s] WARNING:colcon.colcon_ros.prefix_path.catkin:The path '/home/maciej/matcher_ws/install/csm' in the environment variable CMAKE_PREFIX_PATH doesn't exist
[0.444s] DEBUG:colcon.colcon_installed_package_information.package_discovery:Found 0 installed packages in /home/maciej/matcher_ws/install
[0.448s] DEBUG:colcon.colcon_installed_package_information.package_discovery:Found 87 installed packages in /home/maciej/ros2_ws/install
[0.451s] DEBUG:colcon.colcon_installed_package_information.package_discovery:Found 5 installed packages in /home/maciej/Sim/MecHaRo-Lab_ROSBot2Pro/ws_ros2_husarion/install
[0.454s] DEBUG:colcon.colcon_installed_package_information.package_discovery:Found 450 installed packages in /opt/ros/humble
[0.465s] Level 1:colcon.colcon_core.package_discovery:discover_packages(prefix_path) using defaults
[0.603s] Level 5:colcon.colcon_core.verb:set package 'csm' build argument 'cmake_args' from command line to 'None'
[0.603s] Level 5:colcon.colcon_core.verb:set package 'csm' build argument 'cmake_target' from command line to 'None'
[0.603s] Level 5:colcon.colcon_core.verb:set package 'csm' build argument 'cmake_target_skip_unavailable' from command line to 'False'
[0.603s] Level 5:colcon.colcon_core.verb:set package 'csm' build argument 'cmake_clean_cache' from command line to 'False'
[0.603s] Level 5:colcon.colcon_core.verb:set package 'csm' build argument 'cmake_clean_first' from command line to 'False'
[0.603s] Level 5:colcon.colcon_core.verb:set package 'csm' build argument 'cmake_force_configure' from command line to 'False'
[0.603s] Level 5:colcon.colcon_core.verb:set package 'csm' build argument 'ament_cmake_args' from command line to 'None'
[0.603s] Level 5:colcon.colcon_core.verb:set package 'csm' build argument 'catkin_cmake_args' from command line to 'None'
[0.603s] Level 5:colcon.colcon_core.verb:set package 'csm' build argument 'catkin_skip_building_tests' from command line to 'False'
[0.604s] DEBUG:colcon.colcon_core.verb:Building package 'csm' with the following arguments: {'ament_cmake_args': None, 'build_base': '/home/maciej/matcher_ws/build/csm', 'catkin_cmake_args': None, 'catkin_skip_building_tests': False, 'cmake_args': None, 'cmake_clean_cache': False, 'cmake_clean_first': False, 'cmake_force_configure': False, 'cmake_target': None, 'cmake_target_skip_unavailable': False, 'install_base': '/home/maciej/matcher_ws/install/csm', 'merge_install': False, 'path': '/home/maciej/matcher_ws/src/csm', 'symlink_install': False, 'test_result_base': None}
[0.605s] Level 5:colcon.colcon_core.verb:set package 'ros2_laser_scan_matcher' build argument 'cmake_args' from command line to 'None'
[0.605s] Level 5:colcon.colcon_core.verb:set package 'ros2_laser_scan_matcher' build argument 'cmake_target' from command line to 'None'
[0.605s] Level 5:colcon.colcon_core.verb:set package 'ros2_laser_scan_matcher' build argument 'cmake_target_skip_unavailable' from command line to 'False'
[0.605s] Level 5:colcon.colcon_core.verb:set package 'ros2_laser_scan_matcher' build argument 'cmake_clean_cache' from command line to 'False'
[0.605s] Level 5:colcon.colcon_core.verb:set package 'ros2_laser_scan_matcher' build argument 'cmake_clean_first' from command line to 'False'
[0.605s] Level 5:colcon.colcon_core.verb:set package 'ros2_laser_scan_matcher' build argument 'cmake_force_configure' from command line to 'False'
[0.605s] Level 5:colcon.colcon_core.verb:set package 'ros2_laser_scan_matcher' build argument 'ament_cmake_args' from command line to 'None'
[0.605s] Level 5:colcon.colcon_core.verb:set package 'ros2_laser_scan_matcher' build argument 'catkin_cmake_args' from command line to 'None'
[0.605s] Level 5:colcon.colcon_core.verb:set package 'ros2_laser_scan_matcher' build argument 'catkin_skip_building_tests' from command line to 'False'
[0.605s] DEBUG:colcon.colcon_core.verb:Building package 'ros2_laser_scan_matcher' with the following arguments: {'ament_cmake_args': None, 'build_base': '/home/maciej/matcher_ws/build/ros2_laser_scan_matcher', 'catkin_cmake_args': None, 'catkin_skip_building_tests': False, 'cmake_args': None, 'cmake_clean_cache': False, 'cmake_clean_first': False, 'cmake_force_configure': False, 'cmake_target': None, 'cmake_target_skip_unavailable': False, 'install_base': '/home/maciej/matcher_ws/install/ros2_laser_scan_matcher', 'merge_install': False, 'path': '/home/maciej/matcher_ws/src/ros2_laser_scan_matcher', 'symlink_install': False, 'test_result_base': None}
[0.605s] INFO:colcon.colcon_core.executor:Executing jobs using 'parallel' executor
[0.607s] DEBUG:colcon.colcon_parallel_executor.executor.parallel:run_until_complete
[0.609s] INFO:colcon.colcon_ros.task.ament_cmake.build:Building ROS package in '/home/maciej/matcher_ws/src/csm' with build type 'ament_cmake'
[0.610s] INFO:colcon.colcon_cmake.task.cmake.build:Building CMake package in '/home/maciej/matcher_ws/src/csm'
[0.616s] INFO:colcon.colcon_core.plugin_system:Skipping extension 'colcon_core.shell.bat': Not used on non-Windows systems
[0.616s] INFO:colcon.colcon_core.shell:Skip shell extension 'powershell' for command environment: Not usable outside of PowerShell
[0.616s] DEBUG:colcon.colcon_core.shell:Skip shell extension 'dsv' for command environment
[0.648s] DEBUG:colcon.colcon_core.event_handler.log_command:Invoking command in '/home/maciej/matcher_ws/build/csm': CMAKE_PREFIX_PATH=${CMAKE_PREFIX_PATH}:/home/maciej/ros2_ws/install/webots_ros2:/home/maciej/ros2_ws/install/webots_ros2_universal_robot:/home/maciej/ros2_ws/install/webots_ros2_turtlebot:/home/maciej/ros2_ws/install/webots_ros2_tiago:/home/maciej/ros2_ws/install/webots_ros2_tests:/home/maciej/ros2_ws/install/webots_ros2_tesla:/home/maciej/ros2_ws/install/webots_ros2_mavic:/home/maciej/ros2_ws/install/webots_ros2_epuck:/home/maciej/ros2_ws/install/topic_monitor:/home/maciej/ros2_ws/install/self_balancing_robot:/home/maciej/ros2_ws/install/quality_of_service_demo_py:/home/maciej/ros2_ws/install/nav2_simple_commander:/home/maciej/ros2_ws/install/lifecycle_py:/home/maciej/ros2_ws/install/joy_tester:/home/maciej/ros2_ws/install/demo_nodes_py:/home/maciej/ros2_ws/install/action_tutorials_py:/home/maciej/Sim/MecHaRo-Lab_ROSBot2Pro/ws_ros2_husarion/install/webots_ros2_husarion:/opt/ros/humble /usr/bin/cmake /home/maciej/matcher_ws/src/csm -DCMAKE_INSTALL_PREFIX=/home/maciej/matcher_ws/install/csm
[5.151s] DEBUG:colcon.colcon_core.event_handler.log_command:Invoked command in '/home/maciej/matcher_ws/build/csm' returned '0': CMAKE_PREFIX_PATH=${CMAKE_PREFIX_PATH}:/home/maciej/ros2_ws/install/webots_ros2:/home/maciej/ros2_ws/install/webots_ros2_universal_robot:/home/maciej/ros2_ws/install/webots_ros2_turtlebot:/home/maciej/ros2_ws/install/webots_ros2_tiago:/home/maciej/ros2_ws/install/webots_ros2_tests:/home/maciej/ros2_ws/install/webots_ros2_tesla:/home/maciej/ros2_ws/install/webots_ros2_mavic:/home/maciej/ros2_ws/install/webots_ros2_epuck:/home/maciej/ros2_ws/install/topic_monitor:/home/maciej/ros2_ws/install/self_balancing_robot:/home/maciej/ros2_ws/install/quality_of_service_demo_py:/home/maciej/ros2_ws/install/nav2_simple_commander:/home/maciej/ros2_ws/install/lifecycle_py:/home/maciej/ros2_ws/install/joy_tester:/home/maciej/ros2_ws/install/demo_nodes_py:/home/maciej/ros2_ws/install/action_tutorials_py:/home/maciej/Sim/MecHaRo-Lab_ROSBot2Pro/ws_ros2_husarion/install/webots_ros2_husarion:/opt/ros/humble /usr/bin/cmake /home/maciej/matcher_ws/src/csm -DCMAKE_INSTALL_PREFIX=/home/maciej/matcher_ws/install/csm
[5.152s] DEBUG:colcon.colcon_core.event_handler.log_command:Invoking command in '/home/maciej/matcher_ws/build/csm': CMAKE_PREFIX_PATH=${CMAKE_PREFIX_PATH}:/home/maciej/ros2_ws/install/webots_ros2:/home/maciej/ros2_ws/install/webots_ros2_universal_robot:/home/maciej/ros2_ws/install/webots_ros2_turtlebot:/home/maciej/ros2_ws/install/webots_ros2_tiago:/home/maciej/ros2_ws/install/webots_ros2_tests:/home/maciej/ros2_ws/install/webots_ros2_tesla:/home/maciej/ros2_ws/install/webots_ros2_mavic:/home/maciej/ros2_ws/install/webots_ros2_epuck:/home/maciej/ros2_ws/install/topic_monitor:/home/maciej/ros2_ws/install/self_balancing_robot:/home/maciej/ros2_ws/install/quality_of_service_demo_py:/home/maciej/ros2_ws/install/nav2_simple_commander:/home/maciej/ros2_ws/install/lifecycle_py:/home/maciej/ros2_ws/install/joy_tester:/home/maciej/ros2_ws/install/demo_nodes_py:/home/maciej/ros2_ws/install/action_tutorials_py:/home/maciej/Sim/MecHaRo-Lab_ROSBot2Pro/ws_ros2_husarion/install/webots_ros2_husarion:/opt/ros/humble /usr/bin/cmake --build /home/maciej/matcher_ws/build/csm -- -j8 -l8
[43.064s] DEBUG:colcon.colcon_core.event_handler.log_command:Invoked command in '/home/maciej/matcher_ws/build/csm' returned '0': CMAKE_PREFIX_PATH=${CMAKE_PREFIX_PATH}:/home/maciej/ros2_ws/install/webots_ros2:/home/maciej/ros2_ws/install/webots_ros2_universal_robot:/home/maciej/ros2_ws/install/webots_ros2_turtlebot:/home/maciej/ros2_ws/install/webots_ros2_tiago:/home/maciej/ros2_ws/install/webots_ros2_tests:/home/maciej/ros2_ws/install/webots_ros2_tesla:/home/maciej/ros2_ws/install/webots_ros2_mavic:/home/maciej/ros2_ws/install/webots_ros2_epuck:/home/maciej/ros2_ws/install/topic_monitor:/home/maciej/ros2_ws/install/self_balancing_robot:/home/maciej/ros2_ws/install/quality_of_service_demo_py:/home/maciej/ros2_ws/install/nav2_simple_commander:/home/maciej/ros2_ws/install/lifecycle_py:/home/maciej/ros2_ws/install/joy_tester:/home/maciej/ros2_ws/install/demo_nodes_py:/home/maciej/ros2_ws/install/action_tutorials_py:/home/maciej/Sim/MecHaRo-Lab_ROSBot2Pro/ws_ros2_husarion/install/webots_ros2_husarion:/opt/ros/humble /usr/bin/cmake --build /home/maciej/matcher_ws/build/csm -- -j8 -l8
[43.091s] DEBUG:colcon.colcon_core.event_handler.log_command:Invoking command in '/home/maciej/matcher_ws/build/csm': CMAKE_PREFIX_PATH=${CMAKE_PREFIX_PATH}:/home/maciej/ros2_ws/install/webots_ros2:/home/maciej/ros2_ws/install/webots_ros2_universal_robot:/home/maciej/ros2_ws/install/webots_ros2_turtlebot:/home/maciej/ros2_ws/install/webots_ros2_tiago:/home/maciej/ros2_ws/install/webots_ros2_tests:/home/maciej/ros2_ws/install/webots_ros2_tesla:/home/maciej/ros2_ws/install/webots_ros2_mavic:/home/maciej/ros2_ws/install/webots_ros2_epuck:/home/maciej/ros2_ws/install/topic_monitor:/home/maciej/ros2_ws/install/self_balancing_robot:/home/maciej/ros2_ws/install/quality_of_service_demo_py:/home/maciej/ros2_ws/install/nav2_simple_commander:/home/maciej/ros2_ws/install/lifecycle_py:/home/maciej/ros2_ws/install/joy_tester:/home/maciej/ros2_ws/install/demo_nodes_py:/home/maciej/ros2_ws/install/action_tutorials_py:/home/maciej/Sim/MecHaRo-Lab_ROSBot2Pro/ws_ros2_husarion/install/webots_ros2_husarion:/opt/ros/humble /usr/bin/cmake --install /home/maciej/matcher_ws/build/csm
[43.137s] Level 1:colcon.colcon_core.environment:create_environment_scripts_only(csm)
[43.139s] DEBUG:colcon.colcon_core.event_handler.log_command:Invoked command in '/home/maciej/matcher_ws/build/csm' returned '0': CMAKE_PREFIX_PATH=${CMAKE_PREFIX_PATH}:/home/maciej/ros2_ws/install/webots_ros2:/home/maciej/ros2_ws/install/webots_ros2_universal_robot:/home/maciej/ros2_ws/install/webots_ros2_turtlebot:/home/maciej/ros2_ws/install/webots_ros2_tiago:/home/maciej/ros2_ws/install/webots_ros2_tests:/home/maciej/ros2_ws/install/webots_ros2_tesla:/home/maciej/ros2_ws/install/webots_ros2_mavic:/home/maciej/ros2_ws/install/webots_ros2_epuck:/home/maciej/ros2_ws/install/topic_monitor:/home/maciej/ros2_ws/install/self_balancing_robot:/home/maciej/ros2_ws/install/quality_of_service_demo_py:/home/maciej/ros2_ws/install/nav2_simple_commander:/home/maciej/ros2_ws/install/lifecycle_py:/home/maciej/ros2_ws/install/joy_tester:/home/maciej/ros2_ws/install/demo_nodes_py:/home/maciej/ros2_ws/install/action_tutorials_py:/home/maciej/Sim/MecHaRo-Lab_ROSBot2Pro/ws_ros2_husarion/install/webots_ros2_husarion:/opt/ros/humble /usr/bin/cmake --install /home/maciej/matcher_ws/build/csm
[43.147s] Level 1:colcon.colcon_core.environment:checking '/home/maciej/matcher_ws/install/csm' for CMake module files
[43.148s] Level 1:colcon.colcon_core.environment:checking '/home/maciej/matcher_ws/install/csm' for CMake config files
[43.149s] Level 1:colcon.colcon_core.shell:create_environment_hook('csm', 'cmake_prefix_path')
[43.149s] INFO:colcon.colcon_core.shell:Creating environment hook '/home/maciej/matcher_ws/install/csm/share/csm/hook/cmake_prefix_path.ps1'
[43.151s] INFO:colcon.colcon_core.shell:Creating environment descriptor '/home/maciej/matcher_ws/install/csm/share/csm/hook/cmake_prefix_path.dsv'
[43.152s] INFO:colcon.colcon_core.shell:Creating environment hook '/home/maciej/matcher_ws/install/csm/share/csm/hook/cmake_prefix_path.sh'
[43.153s] Level 1:colcon.colcon_core.environment:checking '/home/maciej/matcher_ws/install/csm/lib'
[43.153s] Level 1:colcon.colcon_core.shell:create_environment_hook('csm', 'ld_library_path_lib')
[43.154s] INFO:colcon.colcon_core.shell:Creating environment hook '/home/maciej/matcher_ws/install/csm/share/csm/hook/ld_library_path_lib.ps1'
[43.154s] INFO:colcon.colcon_core.shell:Creating environment descriptor '/home/maciej/matcher_ws/install/csm/share/csm/hook/ld_library_path_lib.dsv'
[43.155s] INFO:colcon.colcon_core.shell:Creating environment hook '/home/maciej/matcher_ws/install/csm/share/csm/hook/ld_library_path_lib.sh'
[43.156s] Level 1:colcon.colcon_core.environment:checking '/home/maciej/matcher_ws/install/csm/bin'
[43.156s] Level 1:colcon.colcon_core.environment:checking '/home/maciej/matcher_ws/install/csm/lib/pkgconfig/csm.pc'
[43.156s] Level 1:colcon.colcon_core.environment:checking '/home/maciej/matcher_ws/install/csm/lib/python3.10/site-packages'
[43.157s] Level 1:colcon.colcon_core.environment:checking '/home/maciej/matcher_ws/install/csm/bin'
[43.157s] INFO:colcon.colcon_core.shell:Creating package script '/home/maciej/matcher_ws/install/csm/share/csm/package.ps1'
[43.159s] INFO:colcon.colcon_core.shell:Creating package descriptor '/home/maciej/matcher_ws/install/csm/share/csm/package.dsv'
[43.160s] INFO:colcon.colcon_core.shell:Creating package script '/home/maciej/matcher_ws/install/csm/share/csm/package.sh'
[43.161s] INFO:colcon.colcon_core.shell:Creating package script '/home/maciej/matcher_ws/install/csm/share/csm/package.bash'
[43.163s] INFO:colcon.colcon_core.shell:Creating package script '/home/maciej/matcher_ws/install/csm/share/csm/package.zsh'
[43.164s] Level 1:colcon.colcon_core.environment:create_file_with_runtime_dependencies(/home/maciej/matcher_ws/install/csm/share/colcon-core/packages/csm)
[43.165s] Level 1:colcon.colcon_core.environment:create_environment_scripts_only(csm)
[43.166s] Level 1:colcon.colcon_core.environment:checking '/home/maciej/matcher_ws/install/csm' for CMake module files
[43.166s] Level 1:colcon.colcon_core.environment:checking '/home/maciej/matcher_ws/install/csm' for CMake config files
[43.166s] Level 1:colcon.colcon_core.shell:create_environment_hook('csm', 'cmake_prefix_path')
[43.167s] INFO:colcon.colcon_core.shell:Creating environment hook '/home/maciej/matcher_ws/install/csm/share/csm/hook/cmake_prefix_path.ps1'
[43.168s] INFO:colcon.colcon_core.shell:Creating environment descriptor '/home/maciej/matcher_ws/install/csm/share/csm/hook/cmake_prefix_path.dsv'
[43.168s] INFO:colcon.colcon_core.shell:Creating environment hook '/home/maciej/matcher_ws/install/csm/share/csm/hook/cmake_prefix_path.sh'
[43.169s] Level 1:colcon.colcon_core.environment:checking '/home/maciej/matcher_ws/install/csm/lib'
[43.169s] Level 1:colcon.colcon_core.shell:create_environment_hook('csm', 'ld_library_path_lib')
[43.169s] INFO:colcon.colcon_core.shell:Creating environment hook '/home/maciej/matcher_ws/install/csm/share/csm/hook/ld_library_path_lib.ps1'
[43.170s] INFO:colcon.colcon_core.shell:Creating environment descriptor '/home/maciej/matcher_ws/install/csm/share/csm/hook/ld_library_path_lib.dsv'
[43.171s] INFO:colcon.colcon_core.shell:Creating environment hook '/home/maciej/matcher_ws/install/csm/share/csm/hook/ld_library_path_lib.sh'
[43.171s] Level 1:colcon.colcon_core.environment:checking '/home/maciej/matcher_ws/install/csm/bin'
[43.171s] Level 1:colcon.colcon_core.environment:checking '/home/maciej/matcher_ws/install/csm/lib/pkgconfig/csm.pc'
[43.171s] Level 1:colcon.colcon_core.environment:checking '/home/maciej/matcher_ws/install/csm/lib/python3.10/site-packages'
[43.172s] Level 1:colcon.colcon_core.environment:checking '/home/maciej/matcher_ws/install/csm/bin'
[43.172s] INFO:colcon.colcon_core.shell:Creating package script '/home/maciej/matcher_ws/install/csm/share/csm/package.ps1'
[43.174s] INFO:colcon.colcon_core.shell:Creating package descriptor '/home/maciej/matcher_ws/install/csm/share/csm/package.dsv'
[43.175s] INFO:colcon.colcon_core.shell:Creating package script '/home/maciej/matcher_ws/install/csm/share/csm/package.sh'
[43.176s] INFO:colcon.colcon_core.shell:Creating package script '/home/maciej/matcher_ws/install/csm/share/csm/package.bash'
[43.177s] INFO:colcon.colcon_core.shell:Creating package script '/home/maciej/matcher_ws/install/csm/share/csm/package.zsh'
[43.178s] Level 1:colcon.colcon_core.environment:create_file_with_runtime_dependencies(/home/maciej/matcher_ws/install/csm/share/colcon-core/packages/csm)
[43.180s] INFO:colcon.colcon_ros.task.ament_cmake.build:Building ROS package in '/home/maciej/matcher_ws/src/ros2_laser_scan_matcher' with build type 'ament_cmake'
[43.181s] INFO:colcon.colcon_cmake.task.cmake.build:Building CMake package in '/home/maciej/matcher_ws/src/ros2_laser_scan_matcher'
[43.182s] INFO:colcon.colcon_core.shell:Skip shell extension 'powershell' for command environment: Not usable outside of PowerShell
[43.182s] DEBUG:colcon.colcon_core.shell:Skip shell extension 'dsv' for command environment
[43.228s] DEBUG:colcon.colcon_core.event_handler.log_command:Invoking command in '/home/maciej/matcher_ws/build/ros2_laser_scan_matcher': CMAKE_PREFIX_PATH=/home/maciej/matcher_ws/install/csm:/home/maciej/matcher_ws/install/ros2_laser_scan_matcher:/home/maciej/ros2_ws/install/webots_ros2_control:/home/maciej/ros2_ws/install/webots_ros2_driver:/home/maciej/ros2_ws/install/webots_ros2_msgs:/home/maciej/ros2_ws/install/urdf_example:/home/maciej/ros2_ws/install/topic_statistics_demo:/home/maciej/ros2_ws/install/nav2_system_tests:/home/maciej/ros2_ws/install/nav2_bringup:/home/maciej/ros2_ws/install/slam_toolbox:/home/maciej/ros2_ws/install/navigation2:/home/maciej/ros2_ws/install/nav2_rviz_plugins:/home/maciej/ros2_ws/install/rviz_assimp_vendor:/home/maciej/ros2_ws/install/robot_hardware_interface:/home/maciej/ros2_ws/install/robot:/home/maciej/ros2_ws/install/resource_retriever:/home/maciej/ros2_ws/install/quality_of_service_demo_cpp:/home/maciej/ros2_ws/install/pendulum_control:/home/maciej/ros2_ws/install/pendulum_msgs:/home/maciej/ros2_ws/install/orp_orzeu:/home/maciej/ros2_ws/install/nav2_smoother:/home/maciej/ros2_ws/install/nav2_dwb_controller:/home/maciej/ros2_ws/install/nav2_controller:/home/maciej/ros2_ws/install/dwb_plugins:/home/maciej/ros2_ws/install/dwb_critics:/home/maciej/ros2_ws/install/dwb_core:/home/maciej/ros2_ws/install/nav_2d_utils:/home/maciej/ros2_ws/install/dwb_msgs:/home/maciej/ros2_ws/install/nav_2d_msgs:/home/maciej/ros2_ws/install/nav2_waypoint_follower:/home/maciej/ros2_ws/install/nav2_theta_star_planner:/home/maciej/ros2_ws/install/nav2_smac_planner:/home/maciej/ros2_ws/install/nav2_rotation_shim_controller:/home/maciej/ros2_ws/install/nav2_regulated_pure_pursuit_controller:/home/maciej/ros2_ws/install/nav2_planner:/home/maciej/ros2_ws/install/nav2_navfn_planner:/home/maciej/ros2_ws/install/nav2_mppi_controller:/home/maciej/ros2_ws/install/nav2_constrained_smoother:/home/maciej/ros2_ws/install/nav2_bt_navigator:/home/maciej/ros2_ws/install/nav2_behaviors:/home/maciej/ros2_ws/install/nav2_core:/home/maciej/ros2_ws/install/nav2_collision_monitor:/home/maciej/ros2_ws/install/costmap_queue:/home/maciej/ros2_ws/install/nav2_costmap_2d:/home/maciej/ros2_ws/install/nav2_voxel_grid:/home/maciej/ros2_ws/install/nav2_velocity_smoother:/home/maciej/ros2_ws/install/nav2_map_server:/home/maciej/ros2_ws/install/nav2_lifecycle_manager:/home/maciej/ros2_ws/install/nav2_behavior_tree:/home/maciej/ros2_ws/install/nav2_amcl:/home/maciej/ros2_ws/install/nav2_util:/home/maciej/ros2_ws/install/nav2_test_utils:/home/maciej/ros2_ws/install/nav2_msgs:/home/maciej/ros2_ws/install/nav2_common:/home/maciej/ros2_ws/install/mycobot_gazebo:/home/maciej/ros2_ws/install/my_bot:/home/maciej/ros2_ws/install/logging_demo:/home/maciej/ros2_ws/install/lifecycle:/home/maciej/ros2_ws/install/libcurl_vendor:/home/maciej/ros2_ws/install/intra_process_demo:/home/maciej/ros2_ws/install/image_tools:/home/maciej/ros2_ws/install/dummy_robot_bringup:/home/maciej/ros2_ws/install/dummy_sensors:/home/maciej/ros2_ws/install/dummy_map_server:/home/maciej/ros2_ws/install/demo_nodes_cpp_native:/home/maciej/ros2_ws/install/demo_nodes_cpp:/home/maciej/ros2_ws/install/composition:/home/maciej/ros2_ws/install/aws_robomaker_small_warehouse_world:/home/maciej/ros2_ws/install/articubot_one:/home/maciej/ros2_ws/install/ament_cmake:/home/maciej/ros2_ws/install/action_tutorials_cpp:/home/maciej/ros2_ws/install/action_tutorials_interfaces:/home/maciej/Sim/MecHaRo-Lab_ROSBot2Pro/ws_ros2_husarion/install/rosbot_xl_description:/home/maciej/Sim/MecHaRo-Lab_ROSBot2Pro/ws_ros2_husarion/install/rosbot_description:/home/maciej/Sim/MecHaRo-Lab_ROSBot2Pro/ws_ros2_husarion/install/ros_components_description:/home/maciej/Sim/MecHaRo-Lab_ROSBot2Pro/ws_ros2_husarion/install/open_manipulator_x_description:/home/maciej/ros2_ws/install/webots_ros2:/home/maciej/ros2_ws/install/webots_ros2_universal_robot:/home/maciej/ros2_ws/install/webots_ros2_turtlebot:/home/maciej/ros2_ws/install/webots_ros2_tiago:/home/maciej/ros2_ws/install/webots_ros2_tests:/home/maciej/ros2_ws/install/webots_ros2_tesla:/home/maciej/ros2_ws/install/webots_ros2_mavic:/home/maciej/ros2_ws/install/webots_ros2_epuck:/home/maciej/ros2_ws/install/topic_monitor:/home/maciej/ros2_ws/install/self_balancing_robot:/home/maciej/ros2_ws/install/quality_of_service_demo_py:/home/maciej/ros2_ws/install/nav2_simple_commander:/home/maciej/ros2_ws/install/lifecycle_py:/home/maciej/ros2_ws/install/joy_tester:/home/maciej/ros2_ws/install/demo_nodes_py:/home/maciej/ros2_ws/install/action_tutorials_py:/home/maciej/Sim/MecHaRo-Lab_ROSBot2Pro/ws_ros2_husarion/install/webots_ros2_husarion:/opt/ros/humble /usr/bin/cmake /home/maciej/matcher_ws/src/ros2_laser_scan_matcher -DCMAKE_INSTALL_PREFIX=/home/maciej/matcher_ws/install/ros2_laser_scan_matcher
[48.406s] DEBUG:colcon.colcon_core.event_handler.log_command:Invoked command in '/home/maciej/matcher_ws/build/ros2_laser_scan_matcher' returned '0': CMAKE_PREFIX_PATH=/home/maciej/matcher_ws/install/csm:/home/maciej/matcher_ws/install/ros2_laser_scan_matcher:/home/maciej/ros2_ws/install/webots_ros2_control:/home/maciej/ros2_ws/install/webots_ros2_driver:/home/maciej/ros2_ws/install/webots_ros2_msgs:/home/maciej/ros2_ws/install/urdf_example:/home/maciej/ros2_ws/install/topic_statistics_demo:/home/maciej/ros2_ws/install/nav2_system_tests:/home/maciej/ros2_ws/install/nav2_bringup:/home/maciej/ros2_ws/install/slam_toolbox:/home/maciej/ros2_ws/install/navigation2:/home/maciej/ros2_ws/install/nav2_rviz_plugins:/home/maciej/ros2_ws/install/rviz_assimp_vendor:/home/maciej/ros2_ws/install/robot_hardware_interface:/home/maciej/ros2_ws/install/robot:/home/maciej/ros2_ws/install/resource_retriever:/home/maciej/ros2_ws/install/quality_of_service_demo_cpp:/home/maciej/ros2_ws/install/pendulum_control:/home/maciej/ros2_ws/install/pendulum_msgs:/home/maciej/ros2_ws/install/orp_orzeu:/home/maciej/ros2_ws/install/nav2_smoother:/home/maciej/ros2_ws/install/nav2_dwb_controller:/home/maciej/ros2_ws/install/nav2_controller:/home/maciej/ros2_ws/install/dwb_plugins:/home/maciej/ros2_ws/install/dwb_critics:/home/maciej/ros2_ws/install/dwb_core:/home/maciej/ros2_ws/install/nav_2d_utils:/home/maciej/ros2_ws/install/dwb_msgs:/home/maciej/ros2_ws/install/nav_2d_msgs:/home/maciej/ros2_ws/install/nav2_waypoint_follower:/home/maciej/ros2_ws/install/nav2_theta_star_planner:/home/maciej/ros2_ws/install/nav2_smac_planner:/home/maciej/ros2_ws/install/nav2_rotation_shim_controller:/home/maciej/ros2_ws/install/nav2_regulated_pure_pursuit_controller:/home/maciej/ros2_ws/install/nav2_planner:/home/maciej/ros2_ws/install/nav2_navfn_planner:/home/maciej/ros2_ws/install/nav2_mppi_controller:/home/maciej/ros2_ws/install/nav2_constrained_smoother:/home/maciej/ros2_ws/install/nav2_bt_navigator:/home/maciej/ros2_ws/install/nav2_behaviors:/home/maciej/ros2_ws/install/nav2_core:/home/maciej/ros2_ws/install/nav2_collision_monitor:/home/maciej/ros2_ws/install/costmap_queue:/home/maciej/ros2_ws/install/nav2_costmap_2d:/home/maciej/ros2_ws/install/nav2_voxel_grid:/home/maciej/ros2_ws/install/nav2_velocity_smoother:/home/maciej/ros2_ws/install/nav2_map_server:/home/maciej/ros2_ws/install/nav2_lifecycle_manager:/home/maciej/ros2_ws/install/nav2_behavior_tree:/home/maciej/ros2_ws/install/nav2_amcl:/home/maciej/ros2_ws/install/nav2_util:/home/maciej/ros2_ws/install/nav2_test_utils:/home/maciej/ros2_ws/install/nav2_msgs:/home/maciej/ros2_ws/install/nav2_common:/home/maciej/ros2_ws/install/mycobot_gazebo:/home/maciej/ros2_ws/install/my_bot:/home/maciej/ros2_ws/install/logging_demo:/home/maciej/ros2_ws/install/lifecycle:/home/maciej/ros2_ws/install/libcurl_vendor:/home/maciej/ros2_ws/install/intra_process_demo:/home/maciej/ros2_ws/install/image_tools:/home/maciej/ros2_ws/install/dummy_robot_bringup:/home/maciej/ros2_ws/install/dummy_sensors:/home/maciej/ros2_ws/install/dummy_map_server:/home/maciej/ros2_ws/install/demo_nodes_cpp_native:/home/maciej/ros2_ws/install/demo_nodes_cpp:/home/maciej/ros2_ws/install/composition:/home/maciej/ros2_ws/install/aws_robomaker_small_warehouse_world:/home/maciej/ros2_ws/install/articubot_one:/home/maciej/ros2_ws/install/ament_cmake:/home/maciej/ros2_ws/install/action_tutorials_cpp:/home/maciej/ros2_ws/install/action_tutorials_interfaces:/home/maciej/Sim/MecHaRo-Lab_ROSBot2Pro/ws_ros2_husarion/install/rosbot_xl_description:/home/maciej/Sim/MecHaRo-Lab_ROSBot2Pro/ws_ros2_husarion/install/rosbot_description:/home/maciej/Sim/MecHaRo-Lab_ROSBot2Pro/ws_ros2_husarion/install/ros_components_description:/home/maciej/Sim/MecHaRo-Lab_ROSBot2Pro/ws_ros2_husarion/install/open_manipulator_x_description:/home/maciej/ros2_ws/install/webots_ros2:/home/maciej/ros2_ws/install/webots_ros2_universal_robot:/home/maciej/ros2_ws/install/webots_ros2_turtlebot:/home/maciej/ros2_ws/install/webots_ros2_tiago:/home/maciej/ros2_ws/install/webots_ros2_tests:/home/maciej/ros2_ws/install/webots_ros2_tesla:/home/maciej/ros2_ws/install/webots_ros2_mavic:/home/maciej/ros2_ws/install/webots_ros2_epuck:/home/maciej/ros2_ws/install/topic_monitor:/home/maciej/ros2_ws/install/self_balancing_robot:/home/maciej/ros2_ws/install/quality_of_service_demo_py:/home/maciej/ros2_ws/install/nav2_simple_commander:/home/maciej/ros2_ws/install/lifecycle_py:/home/maciej/ros2_ws/install/joy_tester:/home/maciej/ros2_ws/install/demo_nodes_py:/home/maciej/ros2_ws/install/action_tutorials_py:/home/maciej/Sim/MecHaRo-Lab_ROSBot2Pro/ws_ros2_husarion/install/webots_ros2_husarion:/opt/ros/humble /usr/bin/cmake /home/maciej/matcher_ws/src/ros2_laser_scan_matcher -DCMAKE_INSTALL_PREFIX=/home/maciej/matcher_ws/install/ros2_laser_scan_matcher
[48.408s] DEBUG:colcon.colcon_core.event_handler.log_command:Invoking command in '/home/maciej/matcher_ws/build/ros2_laser_scan_matcher': CMAKE_PREFIX_PATH=/home/maciej/matcher_ws/install/csm:/home/maciej/matcher_ws/install/ros2_laser_scan_matcher:/home/maciej/ros2_ws/install/webots_ros2_control:/home/maciej/ros2_ws/install/webots_ros2_driver:/home/maciej/ros2_ws/install/webots_ros2_msgs:/home/maciej/ros2_ws/install/urdf_example:/home/maciej/ros2_ws/install/topic_statistics_demo:/home/maciej/ros2_ws/install/nav2_system_tests:/home/maciej/ros2_ws/install/nav2_bringup:/home/maciej/ros2_ws/install/slam_toolbox:/home/maciej/ros2_ws/install/navigation2:/home/maciej/ros2_ws/install/nav2_rviz_plugins:/home/maciej/ros2_ws/install/rviz_assimp_vendor:/home/maciej/ros2_ws/install/robot_hardware_interface:/home/maciej/ros2_ws/install/robot:/home/maciej/ros2_ws/install/resource_retriever:/home/maciej/ros2_ws/install/quality_of_service_demo_cpp:/home/maciej/ros2_ws/install/pendulum_control:/home/maciej/ros2_ws/install/pendulum_msgs:/home/maciej/ros2_ws/install/orp_orzeu:/home/maciej/ros2_ws/install/nav2_smoother:/home/maciej/ros2_ws/install/nav2_dwb_controller:/home/maciej/ros2_ws/install/nav2_controller:/home/maciej/ros2_ws/install/dwb_plugins:/home/maciej/ros2_ws/install/dwb_critics:/home/maciej/ros2_ws/install/dwb_core:/home/maciej/ros2_ws/install/nav_2d_utils:/home/maciej/ros2_ws/install/dwb_msgs:/home/maciej/ros2_ws/install/nav_2d_msgs:/home/maciej/ros2_ws/install/nav2_waypoint_follower:/home/maciej/ros2_ws/install/nav2_theta_star_planner:/home/maciej/ros2_ws/install/nav2_smac_planner:/home/maciej/ros2_ws/install/nav2_rotation_shim_controller:/home/maciej/ros2_ws/install/nav2_regulated_pure_pursuit_controller:/home/maciej/ros2_ws/install/nav2_planner:/home/maciej/ros2_ws/install/nav2_navfn_planner:/home/maciej/ros2_ws/install/nav2_mppi_controller:/home/maciej/ros2_ws/install/nav2_constrained_smoother:/home/maciej/ros2_ws/install/nav2_bt_navigator:/home/maciej/ros2_ws/install/nav2_behaviors:/home/maciej/ros2_ws/install/nav2_core:/home/maciej/ros2_ws/install/nav2_collision_monitor:/home/maciej/ros2_ws/install/costmap_queue:/home/maciej/ros2_ws/install/nav2_costmap_2d:/home/maciej/ros2_ws/install/nav2_voxel_grid:/home/maciej/ros2_ws/install/nav2_velocity_smoother:/home/maciej/ros2_ws/install/nav2_map_server:/home/maciej/ros2_ws/install/nav2_lifecycle_manager:/home/maciej/ros2_ws/install/nav2_behavior_tree:/home/maciej/ros2_ws/install/nav2_amcl:/home/maciej/ros2_ws/install/nav2_util:/home/maciej/ros2_ws/install/nav2_test_utils:/home/maciej/ros2_ws/install/nav2_msgs:/home/maciej/ros2_ws/install/nav2_common:/home/maciej/ros2_ws/install/mycobot_gazebo:/home/maciej/ros2_ws/install/my_bot:/home/maciej/ros2_ws/install/logging_demo:/home/maciej/ros2_ws/install/lifecycle:/home/maciej/ros2_ws/install/libcurl_vendor:/home/maciej/ros2_ws/install/intra_process_demo:/home/maciej/ros2_ws/install/image_tools:/home/maciej/ros2_ws/install/dummy_robot_bringup:/home/maciej/ros2_ws/install/dummy_sensors:/home/maciej/ros2_ws/install/dummy_map_server:/home/maciej/ros2_ws/install/demo_nodes_cpp_native:/home/maciej/ros2_ws/install/demo_nodes_cpp:/home/maciej/ros2_ws/install/composition:/home/maciej/ros2_ws/install/aws_robomaker_small_warehouse_world:/home/maciej/ros2_ws/install/articubot_one:/home/maciej/ros2_ws/install/ament_cmake:/home/maciej/ros2_ws/install/action_tutorials_cpp:/home/maciej/ros2_ws/install/action_tutorials_interfaces:/home/maciej/Sim/MecHaRo-Lab_ROSBot2Pro/ws_ros2_husarion/install/rosbot_xl_description:/home/maciej/Sim/MecHaRo-Lab_ROSBot2Pro/ws_ros2_husarion/install/rosbot_description:/home/maciej/Sim/MecHaRo-Lab_ROSBot2Pro/ws_ros2_husarion/install/ros_components_description:/home/maciej/Sim/MecHaRo-Lab_ROSBot2Pro/ws_ros2_husarion/install/open_manipulator_x_description:/home/maciej/ros2_ws/install/webots_ros2:/home/maciej/ros2_ws/install/webots_ros2_universal_robot:/home/maciej/ros2_ws/install/webots_ros2_turtlebot:/home/maciej/ros2_ws/install/webots_ros2_tiago:/home/maciej/ros2_ws/install/webots_ros2_tests:/home/maciej/ros2_ws/install/webots_ros2_tesla:/home/maciej/ros2_ws/install/webots_ros2_mavic:/home/maciej/ros2_ws/install/webots_ros2_epuck:/home/maciej/ros2_ws/install/topic_monitor:/home/maciej/ros2_ws/install/self_balancing_robot:/home/maciej/ros2_ws/install/quality_of_service_demo_py:/home/maciej/ros2_ws/install/nav2_simple_commander:/home/maciej/ros2_ws/install/lifecycle_py:/home/maciej/ros2_ws/install/joy_tester:/home/maciej/ros2_ws/install/demo_nodes_py:/home/maciej/ros2_ws/install/action_tutorials_py:/home/maciej/Sim/MecHaRo-Lab_ROSBot2Pro/ws_ros2_husarion/install/webots_ros2_husarion:/opt/ros/humble /usr/bin/cmake --build /home/maciej/matcher_ws/build/ros2_laser_scan_matcher -- -j8 -l8
[73.829s] DEBUG:colcon.colcon_core.event_handler.log_command:Invoked command in '/home/maciej/matcher_ws/build/ros2_laser_scan_matcher' returned '0': CMAKE_PREFIX_PATH=/home/maciej/matcher_ws/install/csm:/home/maciej/matcher_ws/install/ros2_laser_scan_matcher:/home/maciej/ros2_ws/install/webots_ros2_control:/home/maciej/ros2_ws/install/webots_ros2_driver:/home/maciej/ros2_ws/install/webots_ros2_msgs:/home/maciej/ros2_ws/install/urdf_example:/home/maciej/ros2_ws/install/topic_statistics_demo:/home/maciej/ros2_ws/install/nav2_system_tests:/home/maciej/ros2_ws/install/nav2_bringup:/home/maciej/ros2_ws/install/slam_toolbox:/home/maciej/ros2_ws/install/navigation2:/home/maciej/ros2_ws/install/nav2_rviz_plugins:/home/maciej/ros2_ws/install/rviz_assimp_vendor:/home/maciej/ros2_ws/install/robot_hardware_interface:/home/maciej/ros2_ws/install/robot:/home/maciej/ros2_ws/install/resource_retriever:/home/maciej/ros2_ws/install/quality_of_service_demo_cpp:/home/maciej/ros2_ws/install/pendulum_control:/home/maciej/ros2_ws/install/pendulum_msgs:/home/maciej/ros2_ws/install/orp_orzeu:/home/maciej/ros2_ws/install/nav2_smoother:/home/maciej/ros2_ws/install/nav2_dwb_controller:/home/maciej/ros2_ws/install/nav2_controller:/home/maciej/ros2_ws/install/dwb_plugins:/home/maciej/ros2_ws/install/dwb_critics:/home/maciej/ros2_ws/install/dwb_core:/home/maciej/ros2_ws/install/nav_2d_utils:/home/maciej/ros2_ws/install/dwb_msgs:/home/maciej/ros2_ws/install/nav_2d_msgs:/home/maciej/ros2_ws/install/nav2_waypoint_follower:/home/maciej/ros2_ws/install/nav2_theta_star_planner:/home/maciej/ros2_ws/install/nav2_smac_planner:/home/maciej/ros2_ws/install/nav2_rotation_shim_controller:/home/maciej/ros2_ws/install/nav2_regulated_pure_pursuit_controller:/home/maciej/ros2_ws/install/nav2_planner:/home/maciej/ros2_ws/install/nav2_navfn_planner:/home/maciej/ros2_ws/install/nav2_mppi_controller:/home/maciej/ros2_ws/install/nav2_constrained_smoother:/home/maciej/ros2_ws/install/nav2_bt_navigator:/home/maciej/ros2_ws/install/nav2_behaviors:/home/maciej/ros2_ws/install/nav2_core:/home/maciej/ros2_ws/install/nav2_collision_monitor:/home/maciej/ros2_ws/install/costmap_queue:/home/maciej/ros2_ws/install/nav2_costmap_2d:/home/maciej/ros2_ws/install/nav2_voxel_grid:/home/maciej/ros2_ws/install/nav2_velocity_smoother:/home/maciej/ros2_ws/install/nav2_map_server:/home/maciej/ros2_ws/install/nav2_lifecycle_manager:/home/maciej/ros2_ws/install/nav2_behavior_tree:/home/maciej/ros2_ws/install/nav2_amcl:/home/maciej/ros2_ws/install/nav2_util:/home/maciej/ros2_ws/install/nav2_test_utils:/home/maciej/ros2_ws/install/nav2_msgs:/home/maciej/ros2_ws/install/nav2_common:/home/maciej/ros2_ws/install/mycobot_gazebo:/home/maciej/ros2_ws/install/my_bot:/home/maciej/ros2_ws/install/logging_demo:/home/maciej/ros2_ws/install/lifecycle:/home/maciej/ros2_ws/install/libcurl_vendor:/home/maciej/ros2_ws/install/intra_process_demo:/home/maciej/ros2_ws/install/image_tools:/home/maciej/ros2_ws/install/dummy_robot_bringup:/home/maciej/ros2_ws/install/dummy_sensors:/home/maciej/ros2_ws/install/dummy_map_server:/home/maciej/ros2_ws/install/demo_nodes_cpp_native:/home/maciej/ros2_ws/install/demo_nodes_cpp:/home/maciej/ros2_ws/install/composition:/home/maciej/ros2_ws/install/aws_robomaker_small_warehouse_world:/home/maciej/ros2_ws/install/articubot_one:/home/maciej/ros2_ws/install/ament_cmake:/home/maciej/ros2_ws/install/action_tutorials_cpp:/home/maciej/ros2_ws/install/action_tutorials_interfaces:/home/maciej/Sim/MecHaRo-Lab_ROSBot2Pro/ws_ros2_husarion/install/rosbot_xl_description:/home/maciej/Sim/MecHaRo-Lab_ROSBot2Pro/ws_ros2_husarion/install/rosbot_description:/home/maciej/Sim/MecHaRo-Lab_ROSBot2Pro/ws_ros2_husarion/install/ros_components_description:/home/maciej/Sim/MecHaRo-Lab_ROSBot2Pro/ws_ros2_husarion/install/open_manipulator_x_description:/home/maciej/ros2_ws/install/webots_ros2:/home/maciej/ros2_ws/install/webots_ros2_universal_robot:/home/maciej/ros2_ws/install/webots_ros2_turtlebot:/home/maciej/ros2_ws/install/webots_ros2_tiago:/home/maciej/ros2_ws/install/webots_ros2_tests:/home/maciej/ros2_ws/install/webots_ros2_tesla:/home/maciej/ros2_ws/install/webots_ros2_mavic:/home/maciej/ros2_ws/install/webots_ros2_epuck:/home/maciej/ros2_ws/install/topic_monitor:/home/maciej/ros2_ws/install/self_balancing_robot:/home/maciej/ros2_ws/install/quality_of_service_demo_py:/home/maciej/ros2_ws/install/nav2_simple_commander:/home/maciej/ros2_ws/install/lifecycle_py:/home/maciej/ros2_ws/install/joy_tester:/home/maciej/ros2_ws/install/demo_nodes_py:/home/maciej/ros2_ws/install/action_tutorials_py:/home/maciej/Sim/MecHaRo-Lab_ROSBot2Pro/ws_ros2_husarion/install/webots_ros2_husarion:/opt/ros/humble /usr/bin/cmake --build /home/maciej/matcher_ws/build/ros2_laser_scan_matcher -- -j8 -l8
[73.832s] DEBUG:colcon.colcon_core.event_handler.log_command:Invoking command in '/home/maciej/matcher_ws/build/ros2_laser_scan_matcher': CMAKE_PREFIX_PATH=/home/maciej/matcher_ws/install/csm:/home/maciej/matcher_ws/install/ros2_laser_scan_matcher:/home/maciej/ros2_ws/install/webots_ros2_control:/home/maciej/ros2_ws/install/webots_ros2_driver:/home/maciej/ros2_ws/install/webots_ros2_msgs:/home/maciej/ros2_ws/install/urdf_example:/home/maciej/ros2_ws/install/topic_statistics_demo:/home/maciej/ros2_ws/install/nav2_system_tests:/home/maciej/ros2_ws/install/nav2_bringup:/home/maciej/ros2_ws/install/slam_toolbox:/home/maciej/ros2_ws/install/navigation2:/home/maciej/ros2_ws/install/nav2_rviz_plugins:/home/maciej/ros2_ws/install/rviz_assimp_vendor:/home/maciej/ros2_ws/install/robot_hardware_interface:/home/maciej/ros2_ws/install/robot:/home/maciej/ros2_ws/install/resource_retriever:/home/maciej/ros2_ws/install/quality_of_service_demo_cpp:/home/maciej/ros2_ws/install/pendulum_control:/home/maciej/ros2_ws/install/pendulum_msgs:/home/maciej/ros2_ws/install/orp_orzeu:/home/maciej/ros2_ws/install/nav2_smoother:/home/maciej/ros2_ws/install/nav2_dwb_controller:/home/maciej/ros2_ws/install/nav2_controller:/home/maciej/ros2_ws/install/dwb_plugins:/home/maciej/ros2_ws/install/dwb_critics:/home/maciej/ros2_ws/install/dwb_core:/home/maciej/ros2_ws/install/nav_2d_utils:/home/maciej/ros2_ws/install/dwb_msgs:/home/maciej/ros2_ws/install/nav_2d_msgs:/home/maciej/ros2_ws/install/nav2_waypoint_follower:/home/maciej/ros2_ws/install/nav2_theta_star_planner:/home/maciej/ros2_ws/install/nav2_smac_planner:/home/maciej/ros2_ws/install/nav2_rotation_shim_controller:/home/maciej/ros2_ws/install/nav2_regulated_pure_pursuit_controller:/home/maciej/ros2_ws/install/nav2_planner:/home/maciej/ros2_ws/install/nav2_navfn_planner:/home/maciej/ros2_ws/install/nav2_mppi_controller:/home/maciej/ros2_ws/install/nav2_constrained_smoother:/home/maciej/ros2_ws/install/nav2_bt_navigator:/home/maciej/ros2_ws/install/nav2_behaviors:/home/maciej/ros2_ws/install/nav2_core:/home/maciej/ros2_ws/install/nav2_collision_monitor:/home/maciej/ros2_ws/install/costmap_queue:/home/maciej/ros2_ws/install/nav2_costmap_2d:/home/maciej/ros2_ws/install/nav2_voxel_grid:/home/maciej/ros2_ws/install/nav2_velocity_smoother:/home/maciej/ros2_ws/install/nav2_map_server:/home/maciej/ros2_ws/install/nav2_lifecycle_manager:/home/maciej/ros2_ws/install/nav2_behavior_tree:/home/maciej/ros2_ws/install/nav2_amcl:/home/maciej/ros2_ws/install/nav2_util:/home/maciej/ros2_ws/install/nav2_test_utils:/home/maciej/ros2_ws/install/nav2_msgs:/home/maciej/ros2_ws/install/nav2_common:/home/maciej/ros2_ws/install/mycobot_gazebo:/home/maciej/ros2_ws/install/my_bot:/home/maciej/ros2_ws/install/logging_demo:/home/maciej/ros2_ws/install/lifecycle:/home/maciej/ros2_ws/install/libcurl_vendor:/home/maciej/ros2_ws/install/intra_process_demo:/home/maciej/ros2_ws/install/image_tools:/home/maciej/ros2_ws/install/dummy_robot_bringup:/home/maciej/ros2_ws/install/dummy_sensors:/home/maciej/ros2_ws/install/dummy_map_server:/home/maciej/ros2_ws/install/demo_nodes_cpp_native:/home/maciej/ros2_ws/install/demo_nodes_cpp:/home/maciej/ros2_ws/install/composition:/home/maciej/ros2_ws/install/aws_robomaker_small_warehouse_world:/home/maciej/ros2_ws/install/articubot_one:/home/maciej/ros2_ws/install/ament_cmake:/home/maciej/ros2_ws/install/action_tutorials_cpp:/home/maciej/ros2_ws/install/action_tutorials_interfaces:/home/maciej/Sim/MecHaRo-Lab_ROSBot2Pro/ws_ros2_husarion/install/rosbot_xl_description:/home/maciej/Sim/MecHaRo-Lab_ROSBot2Pro/ws_ros2_husarion/install/rosbot_description:/home/maciej/Sim/MecHaRo-Lab_ROSBot2Pro/ws_ros2_husarion/install/ros_components_description:/home/maciej/Sim/MecHaRo-Lab_ROSBot2Pro/ws_ros2_husarion/install/open_manipulator_x_description:/home/maciej/ros2_ws/install/webots_ros2:/home/maciej/ros2_ws/install/webots_ros2_universal_robot:/home/maciej/ros2_ws/install/webots_ros2_turtlebot:/home/maciej/ros2_ws/install/webots_ros2_tiago:/home/maciej/ros2_ws/install/webots_ros2_tests:/home/maciej/ros2_ws/install/webots_ros2_tesla:/home/maciej/ros2_ws/install/webots_ros2_mavic:/home/maciej/ros2_ws/install/webots_ros2_epuck:/home/maciej/ros2_ws/install/topic_monitor:/home/maciej/ros2_ws/install/self_balancing_robot:/home/maciej/ros2_ws/install/quality_of_service_demo_py:/home/maciej/ros2_ws/install/nav2_simple_commander:/home/maciej/ros2_ws/install/lifecycle_py:/home/maciej/ros2_ws/install/joy_tester:/home/maciej/ros2_ws/install/demo_nodes_py:/home/maciej/ros2_ws/install/action_tutorials_py:/home/maciej/Sim/MecHaRo-Lab_ROSBot2Pro/ws_ros2_husarion/install/webots_ros2_husarion:/opt/ros/humble /usr/bin/cmake --install /home/maciej/matcher_ws/build/ros2_laser_scan_matcher
[73.866s] Level 1:colcon.colcon_core.environment:create_environment_scripts_only(ros2_laser_scan_matcher)
[73.867s] Level 1:colcon.colcon_core.environment:checking '/home/maciej/matcher_ws/install/ros2_laser_scan_matcher' for CMake module files
[73.868s] DEBUG:colcon.colcon_core.event_handler.log_command:Invoked command in '/home/maciej/matcher_ws/build/ros2_laser_scan_matcher' returned '0': CMAKE_PREFIX_PATH=/home/maciej/matcher_ws/install/csm:/home/maciej/matcher_ws/install/ros2_laser_scan_matcher:/home/maciej/ros2_ws/install/webots_ros2_control:/home/maciej/ros2_ws/install/webots_ros2_driver:/home/maciej/ros2_ws/install/webots_ros2_msgs:/home/maciej/ros2_ws/install/urdf_example:/home/maciej/ros2_ws/install/topic_statistics_demo:/home/maciej/ros2_ws/install/nav2_system_tests:/home/maciej/ros2_ws/install/nav2_bringup:/home/maciej/ros2_ws/install/slam_toolbox:/home/maciej/ros2_ws/install/navigation2:/home/maciej/ros2_ws/install/nav2_rviz_plugins:/home/maciej/ros2_ws/install/rviz_assimp_vendor:/home/maciej/ros2_ws/install/robot_hardware_interface:/home/maciej/ros2_ws/install/robot:/home/maciej/ros2_ws/install/resource_retriever:/home/maciej/ros2_ws/install/quality_of_service_demo_cpp:/home/maciej/ros2_ws/install/pendulum_control:/home/maciej/ros2_ws/install/pendulum_msgs:/home/maciej/ros2_ws/install/orp_orzeu:/home/maciej/ros2_ws/install/nav2_smoother:/home/maciej/ros2_ws/install/nav2_dwb_controller:/home/maciej/ros2_ws/install/nav2_controller:/home/maciej/ros2_ws/install/dwb_plugins:/home/maciej/ros2_ws/install/dwb_critics:/home/maciej/ros2_ws/install/dwb_core:/home/maciej/ros2_ws/install/nav_2d_utils:/home/maciej/ros2_ws/install/dwb_msgs:/home/maciej/ros2_ws/install/nav_2d_msgs:/home/maciej/ros2_ws/install/nav2_waypoint_follower:/home/maciej/ros2_ws/install/nav2_theta_star_planner:/home/maciej/ros2_ws/install/nav2_smac_planner:/home/maciej/ros2_ws/install/nav2_rotation_shim_controller:/home/maciej/ros2_ws/install/nav2_regulated_pure_pursuit_controller:/home/maciej/ros2_ws/install/nav2_planner:/home/maciej/ros2_ws/install/nav2_navfn_planner:/home/maciej/ros2_ws/install/nav2_mppi_controller:/home/maciej/ros2_ws/install/nav2_constrained_smoother:/home/maciej/ros2_ws/install/nav2_bt_navigator:/home/maciej/ros2_ws/install/nav2_behaviors:/home/maciej/ros2_ws/install/nav2_core:/home/maciej/ros2_ws/install/nav2_collision_monitor:/home/maciej/ros2_ws/install/costmap_queue:/home/maciej/ros2_ws/install/nav2_costmap_2d:/home/maciej/ros2_ws/install/nav2_voxel_grid:/home/maciej/ros2_ws/install/nav2_velocity_smoother:/home/maciej/ros2_ws/install/nav2_map_server:/home/maciej/ros2_ws/install/nav2_lifecycle_manager:/home/maciej/ros2_ws/install/nav2_behavior_tree:/home/maciej/ros2_ws/install/nav2_amcl:/home/maciej/ros2_ws/install/nav2_util:/home/maciej/ros2_ws/install/nav2_test_utils:/home/maciej/ros2_ws/install/nav2_msgs:/home/maciej/ros2_ws/install/nav2_common:/home/maciej/ros2_ws/install/mycobot_gazebo:/home/maciej/ros2_ws/install/my_bot:/home/maciej/ros2_ws/install/logging_demo:/home/maciej/ros2_ws/install/lifecycle:/home/maciej/ros2_ws/install/libcurl_vendor:/home/maciej/ros2_ws/install/intra_process_demo:/home/maciej/ros2_ws/install/image_tools:/home/maciej/ros2_ws/install/dummy_robot_bringup:/home/maciej/ros2_ws/install/dummy_sensors:/home/maciej/ros2_ws/install/dummy_map_server:/home/maciej/ros2_ws/install/demo_nodes_cpp_native:/home/maciej/ros2_ws/install/demo_nodes_cpp:/home/maciej/ros2_ws/install/composition:/home/maciej/ros2_ws/install/aws_robomaker_small_warehouse_world:/home/maciej/ros2_ws/install/articubot_one:/home/maciej/ros2_ws/install/ament_cmake:/home/maciej/ros2_ws/install/action_tutorials_cpp:/home/maciej/ros2_ws/install/action_tutorials_interfaces:/home/maciej/Sim/MecHaRo-Lab_ROSBot2Pro/ws_ros2_husarion/install/rosbot_xl_description:/home/maciej/Sim/MecHaRo-Lab_ROSBot2Pro/ws_ros2_husarion/install/rosbot_description:/home/maciej/Sim/MecHaRo-Lab_ROSBot2Pro/ws_ros2_husarion/install/ros_components_description:/home/maciej/Sim/MecHaRo-Lab_ROSBot2Pro/ws_ros2_husarion/install/open_manipulator_x_description:/home/maciej/ros2_ws/install/webots_ros2:/home/maciej/ros2_ws/install/webots_ros2_universal_robot:/home/maciej/ros2_ws/install/webots_ros2_turtlebot:/home/maciej/ros2_ws/install/webots_ros2_tiago:/home/maciej/ros2_ws/install/webots_ros2_tests:/home/maciej/ros2_ws/install/webots_ros2_tesla:/home/maciej/ros2_ws/install/webots_ros2_mavic:/home/maciej/ros2_ws/install/webots_ros2_epuck:/home/maciej/ros2_ws/install/topic_monitor:/home/maciej/ros2_ws/install/self_balancing_robot:/home/maciej/ros2_ws/install/quality_of_service_demo_py:/home/maciej/ros2_ws/install/nav2_simple_commander:/home/maciej/ros2_ws/install/lifecycle_py:/home/maciej/ros2_ws/install/joy_tester:/home/maciej/ros2_ws/install/demo_nodes_py:/home/maciej/ros2_ws/install/action_tutorials_py:/home/maciej/Sim/MecHaRo-Lab_ROSBot2Pro/ws_ros2_husarion/install/webots_ros2_husarion:/opt/ros/humble /usr/bin/cmake --install /home/maciej/matcher_ws/build/ros2_laser_scan_matcher
[73.868s] Level 1:colcon.colcon_core.environment:checking '/home/maciej/matcher_ws/install/ros2_laser_scan_matcher' for CMake config files
[73.869s] Level 1:colcon.colcon_core.shell:create_environment_hook('ros2_laser_scan_matcher', 'cmake_prefix_path')
[73.869s] INFO:colcon.colcon_core.shell:Creating environment hook '/home/maciej/matcher_ws/install/ros2_laser_scan_matcher/share/ros2_laser_scan_matcher/hook/cmake_prefix_path.ps1'
[73.870s] INFO:colcon.colcon_core.shell:Creating environment descriptor '/home/maciej/matcher_ws/install/ros2_laser_scan_matcher/share/ros2_laser_scan_matcher/hook/cmake_prefix_path.dsv'
[73.871s] INFO:colcon.colcon_core.shell:Creating environment hook '/home/maciej/matcher_ws/install/ros2_laser_scan_matcher/share/ros2_laser_scan_matcher/hook/cmake_prefix_path.sh'
[73.872s] Level 1:colcon.colcon_core.environment:checking '/home/maciej/matcher_ws/install/ros2_laser_scan_matcher/lib'
[73.872s] Level 1:colcon.colcon_core.environment:checking '/home/maciej/matcher_ws/install/ros2_laser_scan_matcher/bin'
[73.872s] Level 1:colcon.colcon_core.environment:checking '/home/maciej/matcher_ws/install/ros2_laser_scan_matcher/lib/pkgconfig/ros2_laser_scan_matcher.pc'
[73.872s] Level 1:colcon.colcon_core.environment:checking '/home/maciej/matcher_ws/install/ros2_laser_scan_matcher/lib/python3.10/site-packages'
[73.873s] Level 1:colcon.colcon_core.environment:checking '/home/maciej/matcher_ws/install/ros2_laser_scan_matcher/bin'
[73.873s] INFO:colcon.colcon_core.shell:Creating package script '/home/maciej/matcher_ws/install/ros2_laser_scan_matcher/share/ros2_laser_scan_matcher/package.ps1'
[73.874s] INFO:colcon.colcon_core.shell:Creating package descriptor '/home/maciej/matcher_ws/install/ros2_laser_scan_matcher/share/ros2_laser_scan_matcher/package.dsv'
[73.875s] INFO:colcon.colcon_core.shell:Creating package script '/home/maciej/matcher_ws/install/ros2_laser_scan_matcher/share/ros2_laser_scan_matcher/package.sh'
[73.876s] INFO:colcon.colcon_core.shell:Creating package script '/home/maciej/matcher_ws/install/ros2_laser_scan_matcher/share/ros2_laser_scan_matcher/package.bash'
[73.877s] INFO:colcon.colcon_core.shell:Creating package script '/home/maciej/matcher_ws/install/ros2_laser_scan_matcher/share/ros2_laser_scan_matcher/package.zsh'
[73.877s] Level 1:colcon.colcon_core.environment:create_file_with_runtime_dependencies(/home/maciej/matcher_ws/install/ros2_laser_scan_matcher/share/colcon-core/packages/ros2_laser_scan_matcher)
[73.878s] Level 1:colcon.colcon_core.environment:create_environment_scripts_only(ros2_laser_scan_matcher)
[73.879s] Level 1:colcon.colcon_core.environment:checking '/home/maciej/matcher_ws/install/ros2_laser_scan_matcher' for CMake module files
[73.879s] Level 1:colcon.colcon_core.environment:checking '/home/maciej/matcher_ws/install/ros2_laser_scan_matcher' for CMake config files
[73.880s] Level 1:colcon.colcon_core.shell:create_environment_hook('ros2_laser_scan_matcher', 'cmake_prefix_path')
[73.880s] INFO:colcon.colcon_core.shell:Creating environment hook '/home/maciej/matcher_ws/install/ros2_laser_scan_matcher/share/ros2_laser_scan_matcher/hook/cmake_prefix_path.ps1'
[73.881s] INFO:colcon.colcon_core.shell:Creating environment descriptor '/home/maciej/matcher_ws/install/ros2_laser_scan_matcher/share/ros2_laser_scan_matcher/hook/cmake_prefix_path.dsv'
[73.882s] INFO:colcon.colcon_core.shell:Creating environment hook '/home/maciej/matcher_ws/install/ros2_laser_scan_matcher/share/ros2_laser_scan_matcher/hook/cmake_prefix_path.sh'
[73.884s] Level 1:colcon.colcon_core.environment:checking '/home/maciej/matcher_ws/install/ros2_laser_scan_matcher/lib'
[73.884s] Level 1:colcon.colcon_core.environment:checking '/home/maciej/matcher_ws/install/ros2_laser_scan_matcher/bin'
[73.884s] Level 1:colcon.colcon_core.environment:checking '/home/maciej/matcher_ws/install/ros2_laser_scan_matcher/lib/pkgconfig/ros2_laser_scan_matcher.pc'
[73.884s] Level 1:colcon.colcon_core.environment:checking '/home/maciej/matcher_ws/install/ros2_laser_scan_matcher/lib/python3.10/site-packages'
[73.884s] Level 1:colcon.colcon_core.environment:checking '/home/maciej/matcher_ws/install/ros2_laser_scan_matcher/bin'
[73.885s] INFO:colcon.colcon_core.shell:Creating package script '/home/maciej/matcher_ws/install/ros2_laser_scan_matcher/share/ros2_laser_scan_matcher/package.ps1'
[73.886s] INFO:colcon.colcon_core.shell:Creating package descriptor '/home/maciej/matcher_ws/install/ros2_laser_scan_matcher/share/ros2_laser_scan_matcher/package.dsv'
[73.887s] INFO:colcon.colcon_core.shell:Creating package script '/home/maciej/matcher_ws/install/ros2_laser_scan_matcher/share/ros2_laser_scan_matcher/package.sh'
[73.887s] INFO:colcon.colcon_core.shell:Creating package script '/home/maciej/matcher_ws/install/ros2_laser_scan_matcher/share/ros2_laser_scan_matcher/package.bash'
[73.888s] INFO:colcon.colcon_core.shell:Creating package script '/home/maciej/matcher_ws/install/ros2_laser_scan_matcher/share/ros2_laser_scan_matcher/package.zsh'
[73.889s] Level 1:colcon.colcon_core.environment:create_file_with_runtime_dependencies(/home/maciej/matcher_ws/install/ros2_laser_scan_matcher/share/colcon-core/packages/ros2_laser_scan_matcher)
[73.889s] DEBUG:colcon.colcon_parallel_executor.executor.parallel:closing loop
[73.890s] DEBUG:colcon.colcon_parallel_executor.executor.parallel:loop closed
[73.890s] DEBUG:colcon.colcon_parallel_executor.executor.parallel:run_until_complete finished with '0'
[73.890s] DEBUG:colcon.colcon_core.event_reactor:joining thread
[73.910s] INFO:colcon.colcon_core.plugin_system:Skipping extension 'colcon_notification.desktop_notification.terminal_notifier': Not used on non-Darwin systems
[73.910s] INFO:colcon.colcon_core.plugin_system:Skipping extension 'colcon_notification.desktop_notification.win32': Not used on non-Windows systems
[73.910s] INFO:colcon.colcon_notification.desktop_notification:Sending desktop notification using 'notify2'
[73.937s] DEBUG:colcon.colcon_core.event_reactor:joined thread
[73.938s] INFO:colcon.colcon_core.shell:Creating prefix script '/home/maciej/matcher_ws/install/local_setup.ps1'
[73.940s] INFO:colcon.colcon_core.shell:Creating prefix util module '/home/maciej/matcher_ws/install/_local_setup_util_ps1.py'
[73.942s] INFO:colcon.colcon_core.shell:Creating prefix chain script '/home/maciej/matcher_ws/install/setup.ps1'
[73.950s] INFO:colcon.colcon_core.shell:Creating prefix script '/home/maciej/matcher_ws/install/local_setup.sh'
[73.951s] INFO:colcon.colcon_core.shell:Creating prefix util module '/home/maciej/matcher_ws/install/_local_setup_util_sh.py'
[73.952s] INFO:colcon.colcon_core.shell:Creating prefix chain script '/home/maciej/matcher_ws/install/setup.sh'
[73.961s] INFO:colcon.colcon_core.shell:Creating prefix script '/home/maciej/matcher_ws/install/local_setup.bash'
[73.962s] INFO:colcon.colcon_core.shell:Creating prefix chain script '/home/maciej/matcher_ws/install/setup.bash'
[73.973s] INFO:colcon.colcon_core.shell:Creating prefix script '/home/maciej/matcher_ws/install/local_setup.zsh'
[73.974s] INFO:colcon.colcon_core.shell:Creating prefix chain script '/home/maciej/matcher_ws/install/setup.zsh'
