[0.133s] Invoking command in '/home/maciej/matcher_ws/build/turtlebot3_node': CMAKE_PREFIX_PATH=${CMAKE_PREFIX_PATH}:/home/maciej/matcher_ws/install/turtlebot3_teleop:/home/maciej/matcher_ws/install/turtlebot3_example:/home/maciej/ros2_ws/install/webots_ros2:/home/maciej/ros2_ws/install/webots_ros2_universal_robot:/home/maciej/ros2_ws/install/webots_ros2_turtlebot:/home/maciej/ros2_ws/install/webots_ros2_tiago:/home/maciej/ros2_ws/install/webots_ros2_tests:/home/maciej/ros2_ws/install/webots_ros2_tesla:/home/maciej/ros2_ws/install/webots_ros2_mavic:/home/maciej/ros2_ws/install/webots_ros2_epuck:/home/maciej/ros2_ws/install/topic_monitor:/home/maciej/ros2_ws/install/self_balancing_robot:/home/maciej/ros2_ws/install/quality_of_service_demo_py:/home/maciej/ros2_ws/install/nav2_simple_commander:/home/maciej/ros2_ws/install/lifecycle_py:/home/maciej/ros2_ws/install/joy_tester:/home/maciej/ros2_ws/install/demo_nodes_py:/home/maciej/ros2_ws/install/action_tutorials_py:/home/maciej/Sim/MecHaRo-Lab_ROSBot2Pro/ws_ros2_husarion/install/webots_ros2_husarion:/opt/ros/humble /usr/bin/cmake /home/maciej/matcher_ws/src/turtlebot3/turtlebot3_node -DCMAKE_INSTALL_PREFIX=/home/maciej/matcher_ws/install/turtlebot3_node
[0.848s] -- Found ament_cmake: 1.3.12 (/home/maciej/ros2_ws/install/ament_cmake/share/ament_cmake/cmake)
[0.848s] -- Override CMake install command with custom implementation using symlinks instead of copying resources
[0.848s] -- Found dynamixel_sdk: 3.8.4 (/opt/ros/humble/share/dynamixel_sdk/cmake)
[0.848s] -- Found geometry_msgs: 4.9.0 (/opt/ros/humble/share/geometry_msgs/cmake)
[0.848s] -- Found rosidl_generator_c: 3.1.7 (/opt/ros/humble/share/rosidl_generator_c/cmake)
[0.848s] -- Found rosidl_adapter: 3.1.7 (/opt/ros/humble/share/rosidl_adapter/cmake)
[0.848s] -- Found rosidl_generator_cpp: 3.1.7 (/opt/ros/humble/share/rosidl_generator_cpp/cmake)
[0.849s] -- Using all available rosidl_typesupport_c: rosidl_typesupport_fastrtps_c;rosidl_typesupport_introspection_c
[0.849s] -- Using all available rosidl_typesupport_cpp: rosidl_typesupport_fastrtps_cpp;rosidl_typesupport_introspection_cpp
[0.938s] -- Found message_filters: 4.3.8 (/opt/ros/humble/share/message_filters/cmake)
[1.011s] -- Found rmw_implementation_cmake: 6.1.2 (/opt/ros/humble/share/rmw_implementation_cmake/cmake)
[1.020s] -- Found rmw_fastrtps_cpp: 6.2.8 (/opt/ros/humble/share/rmw_fastrtps_cpp/cmake)
[1.347s] -- Using RMW implementation 'rmw_fastrtps_cpp' as default
[1.418s] -- Found nav_msgs: 4.9.0 (/opt/ros/humble/share/nav_msgs/cmake)
[1.448s] -- Found sensor_msgs: 4.9.0 (/opt/ros/humble/share/sensor_msgs/cmake)
[1.494s] -- Found std_srvs: 4.9.0 (/opt/ros/humble/share/std_srvs/cmake)
[1.537s] -- Found tf2: 0.25.16 (/opt/ros/humble/share/tf2/cmake)
[1.544s] -- Found tf2_ros: 0.25.16 (/opt/ros/humble/share/tf2_ros/cmake)
[1.743s] -- Found turtlebot3_msgs: 2.4.0 (/opt/ros/humble/share/turtlebot3_msgs/cmake)
[2.178s] -- Configuring done
[2.287s] -- Generating done
[2.323s] -- Build files have been written to: /home/maciej/matcher_ws/build/turtlebot3_node
[2.407s] Invoked command in '/home/maciej/matcher_ws/build/turtlebot3_node' returned '0': CMAKE_PREFIX_PATH=${CMAKE_PREFIX_PATH}:/home/maciej/matcher_ws/install/turtlebot3_teleop:/home/maciej/matcher_ws/install/turtlebot3_example:/home/maciej/ros2_ws/install/webots_ros2:/home/maciej/ros2_ws/install/webots_ros2_universal_robot:/home/maciej/ros2_ws/install/webots_ros2_turtlebot:/home/maciej/ros2_ws/install/webots_ros2_tiago:/home/maciej/ros2_ws/install/webots_ros2_tests:/home/maciej/ros2_ws/install/webots_ros2_tesla:/home/maciej/ros2_ws/install/webots_ros2_mavic:/home/maciej/ros2_ws/install/webots_ros2_epuck:/home/maciej/ros2_ws/install/topic_monitor:/home/maciej/ros2_ws/install/self_balancing_robot:/home/maciej/ros2_ws/install/quality_of_service_demo_py:/home/maciej/ros2_ws/install/nav2_simple_commander:/home/maciej/ros2_ws/install/lifecycle_py:/home/maciej/ros2_ws/install/joy_tester:/home/maciej/ros2_ws/install/demo_nodes_py:/home/maciej/ros2_ws/install/action_tutorials_py:/home/maciej/Sim/MecHaRo-Lab_ROSBot2Pro/ws_ros2_husarion/install/webots_ros2_husarion:/opt/ros/humble /usr/bin/cmake /home/maciej/matcher_ws/src/turtlebot3/turtlebot3_node -DCMAKE_INSTALL_PREFIX=/home/maciej/matcher_ws/install/turtlebot3_node
[2.408s] Invoking command in '/home/maciej/matcher_ws/build/turtlebot3_node': CMAKE_PREFIX_PATH=${CMAKE_PREFIX_PATH}:/home/maciej/matcher_ws/install/turtlebot3_teleop:/home/maciej/matcher_ws/install/turtlebot3_example:/home/maciej/ros2_ws/install/webots_ros2:/home/maciej/ros2_ws/install/webots_ros2_universal_robot:/home/maciej/ros2_ws/install/webots_ros2_turtlebot:/home/maciej/ros2_ws/install/webots_ros2_tiago:/home/maciej/ros2_ws/install/webots_ros2_tests:/home/maciej/ros2_ws/install/webots_ros2_tesla:/home/maciej/ros2_ws/install/webots_ros2_mavic:/home/maciej/ros2_ws/install/webots_ros2_epuck:/home/maciej/ros2_ws/install/topic_monitor:/home/maciej/ros2_ws/install/self_balancing_robot:/home/maciej/ros2_ws/install/quality_of_service_demo_py:/home/maciej/ros2_ws/install/nav2_simple_commander:/home/maciej/ros2_ws/install/lifecycle_py:/home/maciej/ros2_ws/install/joy_tester:/home/maciej/ros2_ws/install/demo_nodes_py:/home/maciej/ros2_ws/install/action_tutorials_py:/home/maciej/Sim/MecHaRo-Lab_ROSBot2Pro/ws_ros2_husarion/install/webots_ros2_husarion:/opt/ros/humble /usr/bin/cmake --build /home/maciej/matcher_ws/build/turtlebot3_node -- -j8 -l8
[2.997s] [35m[1mConsolidate compiler generated dependencies of target turtlebot3_node_lib[0m
[3.180s] [ 85%] Built target turtlebot3_node_lib
[3.266s] [35m[1mConsolidate compiler generated dependencies of target turtlebot3_ros[0m
[3.476s] [100%] Built target turtlebot3_ros
[3.551s] Invoked command in '/home/maciej/matcher_ws/build/turtlebot3_node' returned '0': CMAKE_PREFIX_PATH=${CMAKE_PREFIX_PATH}:/home/maciej/matcher_ws/install/turtlebot3_teleop:/home/maciej/matcher_ws/install/turtlebot3_example:/home/maciej/ros2_ws/install/webots_ros2:/home/maciej/ros2_ws/install/webots_ros2_universal_robot:/home/maciej/ros2_ws/install/webots_ros2_turtlebot:/home/maciej/ros2_ws/install/webots_ros2_tiago:/home/maciej/ros2_ws/install/webots_ros2_tests:/home/maciej/ros2_ws/install/webots_ros2_tesla:/home/maciej/ros2_ws/install/webots_ros2_mavic:/home/maciej/ros2_ws/install/webots_ros2_epuck:/home/maciej/ros2_ws/install/topic_monitor:/home/maciej/ros2_ws/install/self_balancing_robot:/home/maciej/ros2_ws/install/quality_of_service_demo_py:/home/maciej/ros2_ws/install/nav2_simple_commander:/home/maciej/ros2_ws/install/lifecycle_py:/home/maciej/ros2_ws/install/joy_tester:/home/maciej/ros2_ws/install/demo_nodes_py:/home/maciej/ros2_ws/install/action_tutorials_py:/home/maciej/Sim/MecHaRo-Lab_ROSBot2Pro/ws_ros2_husarion/install/webots_ros2_husarion:/opt/ros/humble /usr/bin/cmake --build /home/maciej/matcher_ws/build/turtlebot3_node -- -j8 -l8
[3.553s] Invoking command in '/home/maciej/matcher_ws/build/turtlebot3_node': CMAKE_PREFIX_PATH=${CMAKE_PREFIX_PATH}:/home/maciej/matcher_ws/install/turtlebot3_teleop:/home/maciej/matcher_ws/install/turtlebot3_example:/home/maciej/ros2_ws/install/webots_ros2:/home/maciej/ros2_ws/install/webots_ros2_universal_robot:/home/maciej/ros2_ws/install/webots_ros2_turtlebot:/home/maciej/ros2_ws/install/webots_ros2_tiago:/home/maciej/ros2_ws/install/webots_ros2_tests:/home/maciej/ros2_ws/install/webots_ros2_tesla:/home/maciej/ros2_ws/install/webots_ros2_mavic:/home/maciej/ros2_ws/install/webots_ros2_epuck:/home/maciej/ros2_ws/install/topic_monitor:/home/maciej/ros2_ws/install/self_balancing_robot:/home/maciej/ros2_ws/install/quality_of_service_demo_py:/home/maciej/ros2_ws/install/nav2_simple_commander:/home/maciej/ros2_ws/install/lifecycle_py:/home/maciej/ros2_ws/install/joy_tester:/home/maciej/ros2_ws/install/demo_nodes_py:/home/maciej/ros2_ws/install/action_tutorials_py:/home/maciej/Sim/MecHaRo-Lab_ROSBot2Pro/ws_ros2_husarion/install/webots_ros2_husarion:/opt/ros/humble /usr/bin/cmake --install /home/maciej/matcher_ws/build/turtlebot3_node
[3.585s] -- Install configuration: ""
[3.592s] -- Execute custom install script
[3.592s] -- Up-to-date symlink: /home/maciej/matcher_ws/install/turtlebot3_node/share/turtlebot3_node/param/burger.yaml
[3.599s] -- Up-to-date symlink: /home/maciej/matcher_ws/install/turtlebot3_node/share/turtlebot3_node/param/waffle.yaml
[3.599s] -- Up-to-date symlink: /home/maciej/matcher_ws/install/turtlebot3_node/share/turtlebot3_node/param/waffle_pi.yaml
[3.600s] -- Up-to-date symlink: /home/maciej/matcher_ws/install/turtlebot3_node/lib/turtlebot3_node/turtlebot3_ros
[3.601s] -- Up-to-date symlink: /home/maciej/matcher_ws/install/turtlebot3_node/share/ament_index/resource_index/package_run_dependencies/turtlebot3_node
[3.604s] -- Up-to-date symlink: /home/maciej/matcher_ws/install/turtlebot3_node/share/ament_index/resource_index/parent_prefix_path/turtlebot3_node
[3.612s] -- Up-to-date symlink: /home/maciej/matcher_ws/install/turtlebot3_node/share/turtlebot3_node/environment/ament_prefix_path.sh
[3.612s] -- Up-to-date symlink: /home/maciej/matcher_ws/install/turtlebot3_node/share/turtlebot3_node/environment/ament_prefix_path.dsv
[3.614s] -- Up-to-date symlink: /home/maciej/matcher_ws/install/turtlebot3_node/share/turtlebot3_node/environment/path.sh
[3.614s] -- Up-to-date symlink: /home/maciej/matcher_ws/install/turtlebot3_node/share/turtlebot3_node/environment/path.dsv
[3.614s] -- Up-to-date symlink: /home/maciej/matcher_ws/install/turtlebot3_node/share/turtlebot3_node/local_setup.bash
[3.614s] -- Up-to-date symlink: /home/maciej/matcher_ws/install/turtlebot3_node/share/turtlebot3_node/local_setup.sh
[3.622s] -- Up-to-date symlink: /home/maciej/matcher_ws/install/turtlebot3_node/share/turtlebot3_node/local_setup.zsh
[3.622s] -- Up-to-date symlink: /home/maciej/matcher_ws/install/turtlebot3_node/share/turtlebot3_node/local_setup.dsv
[3.623s] -- Symlinking: /home/maciej/matcher_ws/install/turtlebot3_node/share/turtlebot3_node/package.dsv
[3.711s] -- Up-to-date symlink: /home/maciej/matcher_ws/install/turtlebot3_node/share/ament_index/resource_index/packages/turtlebot3_node
[3.712s] -- Up-to-date symlink: /home/maciej/matcher_ws/install/turtlebot3_node/share/turtlebot3_node/cmake/ament_cmake_export_dependencies-extras.cmake
[3.712s] -- Up-to-date symlink: /home/maciej/matcher_ws/install/turtlebot3_node/share/turtlebot3_node/cmake/ament_cmake_export_include_directories-extras.cmake
[3.713s] -- Up-to-date symlink: /home/maciej/matcher_ws/install/turtlebot3_node/share/turtlebot3_node/cmake/turtlebot3_nodeConfig.cmake
[3.713s] -- Up-to-date symlink: /home/maciej/matcher_ws/install/turtlebot3_node/share/turtlebot3_node/cmake/turtlebot3_nodeConfig-version.cmake
[3.713s] -- Up-to-date symlink: /home/maciej/matcher_ws/install/turtlebot3_node/share/turtlebot3_node/package.xml
[3.735s] Invoked command in '/home/maciej/matcher_ws/build/turtlebot3_node' returned '0': CMAKE_PREFIX_PATH=${CMAKE_PREFIX_PATH}:/home/maciej/matcher_ws/install/turtlebot3_teleop:/home/maciej/matcher_ws/install/turtlebot3_example:/home/maciej/ros2_ws/install/webots_ros2:/home/maciej/ros2_ws/install/webots_ros2_universal_robot:/home/maciej/ros2_ws/install/webots_ros2_turtlebot:/home/maciej/ros2_ws/install/webots_ros2_tiago:/home/maciej/ros2_ws/install/webots_ros2_tests:/home/maciej/ros2_ws/install/webots_ros2_tesla:/home/maciej/ros2_ws/install/webots_ros2_mavic:/home/maciej/ros2_ws/install/webots_ros2_epuck:/home/maciej/ros2_ws/install/topic_monitor:/home/maciej/ros2_ws/install/self_balancing_robot:/home/maciej/ros2_ws/install/quality_of_service_demo_py:/home/maciej/ros2_ws/install/nav2_simple_commander:/home/maciej/ros2_ws/install/lifecycle_py:/home/maciej/ros2_ws/install/joy_tester:/home/maciej/ros2_ws/install/demo_nodes_py:/home/maciej/ros2_ws/install/action_tutorials_py:/home/maciej/Sim/MecHaRo-Lab_ROSBot2Pro/ws_ros2_husarion/install/webots_ros2_husarion:/opt/ros/humble /usr/bin/cmake --install /home/maciej/matcher_ws/build/turtlebot3_node
