[2.596s] Invoking command in '/home/maciej/matcher_ws/src/turtlebot3/turtlebot3_teleop': PYTHONPATH=/home/maciej/matcher_ws/build/turtlebot3_teleop/prefix_override:/usr/lib/python3/dist-packages/colcon_core/task/python/colcon_distutils_commands:/home/maciej/matcher_ws/install/turtlebot3_teleop/lib/python3.10/site-packages:${PYTHONPATH} /usr/bin/python3 -W ignore:setup.py install is deprecated -W ignore:easy_install command is deprecated setup.py egg_info --egg-base ../../../build/turtlebot3_teleop build --build-base /home/maciej/matcher_ws/build/turtlebot3_teleop/build install --record /home/maciej/matcher_ws/build/turtlebot3_teleop/install.log --single-version-externally-managed install_data
[3.106s] running egg_info
[3.134s] writing ../../../build/turtlebot3_teleop/turtlebot3_teleop.egg-info/PKG-INFO
[3.134s] writing dependency_links to ../../../build/turtlebot3_teleop/turtlebot3_teleop.egg-info/dependency_links.txt
[3.134s] writing entry points to ../../../build/turtlebot3_teleop/turtlebot3_teleop.egg-info/entry_points.txt
[3.134s] writing requirements to ../../../build/turtlebot3_teleop/turtlebot3_teleop.egg-info/requires.txt
[3.135s] writing top-level names to ../../../build/turtlebot3_teleop/turtlebot3_teleop.egg-info/top_level.txt
[3.195s] reading manifest file '../../../build/turtlebot3_teleop/turtlebot3_teleop.egg-info/SOURCES.txt'
[3.196s] writing manifest file '../../../build/turtlebot3_teleop/turtlebot3_teleop.egg-info/SOURCES.txt'
[3.196s] running build
[3.196s] running build_py
[3.197s] running install
[3.205s] running install_lib
[3.234s] running install_data
[3.234s] running install_egg_info
[3.265s] removing '/home/maciej/matcher_ws/install/turtlebot3_teleop/lib/python3.10/site-packages/turtlebot3_teleop-2.3.3-py3.10.egg-info' (and everything under it)
[3.266s] Copying ../../../build/turtlebot3_teleop/turtlebot3_teleop.egg-info to /home/maciej/matcher_ws/install/turtlebot3_teleop/lib/python3.10/site-packages/turtlebot3_teleop-2.3.3-py3.10.egg-info
[3.267s] running install_scripts
[3.584s] Installing teleop_keyboard script to /home/maciej/matcher_ws/install/turtlebot3_teleop/lib/turtlebot3_teleop
[3.585s] writing list of installed files to '/home/maciej/matcher_ws/build/turtlebot3_teleop/install.log'
[3.649s] Invoked command in '/home/maciej/matcher_ws/src/turtlebot3/turtlebot3_teleop' returned '0': PYTHONPATH=/home/maciej/matcher_ws/build/turtlebot3_teleop/prefix_override:/usr/lib/python3/dist-packages/colcon_core/task/python/colcon_distutils_commands:/home/maciej/matcher_ws/install/turtlebot3_teleop/lib/python3.10/site-packages:${PYTHONPATH} /usr/bin/python3 -W ignore:setup.py install is deprecated -W ignore:easy_install command is deprecated setup.py egg_info --egg-base ../../../build/turtlebot3_teleop build --build-base /home/maciej/matcher_ws/build/turtlebot3_teleop/build install --record /home/maciej/matcher_ws/build/turtlebot3_teleop/install.log --single-version-externally-managed install_data
