[2.273s] Invoking command in '/home/maciej/matcher_ws/src/turtlebot3/turtlebot3_teleop': PYTHONPATH=/home/maciej/matcher_ws/build/turtlebot3_teleop/prefix_override:/usr/lib/python3/dist-packages/colcon_core/task/python/colcon_distutils_commands:/home/maciej/matcher_ws/install/turtlebot3_teleop/lib/python3.10/site-packages:${PYTHONPATH} /usr/bin/python3 -W ignore:setup.py install is deprecated -W ignore:easy_install command is deprecated setup.py egg_info --egg-base ../../../build/turtlebot3_teleop build --build-base /home/maciej/matcher_ws/build/turtlebot3_teleop/build install --record /home/maciej/matcher_ws/build/turtlebot3_teleop/install.log --single-version-externally-managed install_data
[2.727s] running egg_info
[2.754s] writing ../../../build/turtlebot3_teleop/turtlebot3_teleop.egg-info/PKG-INFO
[2.754s] writing dependency_links to ../../../build/turtlebot3_teleop/turtlebot3_teleop.egg-info/dependency_links.txt
[2.755s] writing entry points to ../../../build/turtlebot3_teleop/turtlebot3_teleop.egg-info/entry_points.txt
[2.755s] writing requirements to ../../../build/turtlebot3_teleop/turtlebot3_teleop.egg-info/requires.txt
[2.755s] writing top-level names to ../../../build/turtlebot3_teleop/turtlebot3_teleop.egg-info/top_level.txt
[2.815s] reading manifest file '../../../build/turtlebot3_teleop/turtlebot3_teleop.egg-info/SOURCES.txt'
[2.816s] writing manifest file '../../../build/turtlebot3_teleop/turtlebot3_teleop.egg-info/SOURCES.txt'
[2.817s] running build
[2.817s] running build_py
[2.818s] running install
[2.827s] running install_lib
[2.856s] running install_data
[2.856s] running install_egg_info
[2.889s] removing '/home/maciej/matcher_ws/install/turtlebot3_teleop/lib/python3.10/site-packages/turtlebot3_teleop-2.3.3-py3.10.egg-info' (and everything under it)
[2.889s] Copying ../../../build/turtlebot3_teleop/turtlebot3_teleop.egg-info to /home/maciej/matcher_ws/install/turtlebot3_teleop/lib/python3.10/site-packages/turtlebot3_teleop-2.3.3-py3.10.egg-info
[2.890s] running install_scripts
[3.227s] Installing teleop_keyboard script to /home/maciej/matcher_ws/install/turtlebot3_teleop/lib/turtlebot3_teleop
[3.229s] writing list of installed files to '/home/maciej/matcher_ws/build/turtlebot3_teleop/install.log'
[3.300s] Invoked command in '/home/maciej/matcher_ws/src/turtlebot3/turtlebot3_teleop' returned '0': PYTHONPATH=/home/maciej/matcher_ws/build/turtlebot3_teleop/prefix_override:/usr/lib/python3/dist-packages/colcon_core/task/python/colcon_distutils_commands:/home/maciej/matcher_ws/install/turtlebot3_teleop/lib/python3.10/site-packages:${PYTHONPATH} /usr/bin/python3 -W ignore:setup.py install is deprecated -W ignore:easy_install command is deprecated setup.py egg_info --egg-base ../../../build/turtlebot3_teleop build --build-base /home/maciej/matcher_ws/build/turtlebot3_teleop/build install --record /home/maciej/matcher_ws/build/turtlebot3_teleop/install.log --single-version-externally-managed install_data
