[9.952s] Invoking command in '/home/maciej/matcher_ws/build/turtlebot3_teleop': PYTHONPATH=/home/maciej/matcher_ws/build/turtlebot3_teleop/prefix_override:/usr/lib/python3/dist-packages/colcon_core/task/python/colcon_distutils_commands:/home/maciej/matcher_ws/install/turtlebot3_teleop/lib/python3.10/site-packages:${PYTHONPATH} /usr/bin/python3 -W ignore:setup.py install is deprecated -W ignore:easy_install command is deprecated setup.py develop --uninstall --editable --build-directory /home/maciej/matcher_ws/build/turtlebot3_teleop/build
[12.775s] running develop
[14.407s] Removing /home/maciej/matcher_ws/install/turtlebot3_teleop/lib/python3.10/site-packages/turtlebot3-teleop.egg-link (link to .)
[14.582s] Invoked command in '/home/maciej/matcher_ws/build/turtlebot3_teleop' returned '0': PYTHONPATH=/home/maciej/matcher_ws/build/turtlebot3_teleop/prefix_override:/usr/lib/python3/dist-packages/colcon_core/task/python/colcon_distutils_commands:/home/maciej/matcher_ws/install/turtlebot3_teleop/lib/python3.10/site-packages:${PYTHONPATH} /usr/bin/python3 -W ignore:setup.py install is deprecated -W ignore:easy_install command is deprecated setup.py develop --uninstall --editable --build-directory /home/maciej/matcher_ws/build/turtlebot3_teleop/build
[14.584s] Invoking command in '/home/maciej/matcher_ws/src/turtlebot3/turtlebot3_teleop': PYTHONPATH=/home/maciej/matcher_ws/build/turtlebot3_teleop/prefix_override:/usr/lib/python3/dist-packages/colcon_core/task/python/colcon_distutils_commands:/home/maciej/matcher_ws/install/turtlebot3_teleop/lib/python3.10/site-packages:${PYTHONPATH} /usr/bin/python3 -W ignore:setup.py install is deprecated -W ignore:easy_install command is deprecated setup.py egg_info --egg-base ../../../build/turtlebot3_teleop build --build-base /home/maciej/matcher_ws/build/turtlebot3_teleop/build install --record /home/maciej/matcher_ws/build/turtlebot3_teleop/install.log --single-version-externally-managed install_data --force
[15.723s] running egg_info
[15.812s] writing ../../../build/turtlebot3_teleop/turtlebot3_teleop.egg-info/PKG-INFO
[15.813s] writing dependency_links to ../../../build/turtlebot3_teleop/turtlebot3_teleop.egg-info/dependency_links.txt
[15.814s] writing entry points to ../../../build/turtlebot3_teleop/turtlebot3_teleop.egg-info/entry_points.txt
[15.814s] writing requirements to ../../../build/turtlebot3_teleop/turtlebot3_teleop.egg-info/requires.txt
[15.815s] writing top-level names to ../../../build/turtlebot3_teleop/turtlebot3_teleop.egg-info/top_level.txt
[15.930s] reading manifest file '../../../build/turtlebot3_teleop/turtlebot3_teleop.egg-info/SOURCES.txt'
[15.934s] writing manifest file '../../../build/turtlebot3_teleop/turtlebot3_teleop.egg-info/SOURCES.txt'
[15.935s] running build
[15.936s] running build_py
[15.937s] creating /home/maciej/matcher_ws/build/turtlebot3_teleop/build
[15.937s] creating /home/maciej/matcher_ws/build/turtlebot3_teleop/build/lib
[15.937s] creating /home/maciej/matcher_ws/build/turtlebot3_teleop/build/lib/turtlebot3_teleop
[15.937s] copying turtlebot3_teleop/__init__.py -> /home/maciej/matcher_ws/build/turtlebot3_teleop/build/lib/turtlebot3_teleop
[15.937s] creating /home/maciej/matcher_ws/build/turtlebot3_teleop/build/lib/turtlebot3_teleop/script
[15.937s] copying turtlebot3_teleop/script/teleop_keyboard.py -> /home/maciej/matcher_ws/build/turtlebot3_teleop/build/lib/turtlebot3_teleop/script
[15.939s] copying turtlebot3_teleop/script/__init__.py -> /home/maciej/matcher_ws/build/turtlebot3_teleop/build/lib/turtlebot3_teleop/script
[15.940s] running install
[15.955s] running install_lib
[16.033s] creating /home/maciej/matcher_ws/install/turtlebot3_teleop/lib/python3.10/site-packages/turtlebot3_teleop
[16.033s] creating /home/maciej/matcher_ws/install/turtlebot3_teleop/lib/python3.10/site-packages/turtlebot3_teleop/script
[16.034s] copying /home/maciej/matcher_ws/build/turtlebot3_teleop/build/lib/turtlebot3_teleop/script/teleop_keyboard.py -> /home/maciej/matcher_ws/install/turtlebot3_teleop/lib/python3.10/site-packages/turtlebot3_teleop/script
[16.034s] copying /home/maciej/matcher_ws/build/turtlebot3_teleop/build/lib/turtlebot3_teleop/script/__init__.py -> /home/maciej/matcher_ws/install/turtlebot3_teleop/lib/python3.10/site-packages/turtlebot3_teleop/script
[16.034s] copying /home/maciej/matcher_ws/build/turtlebot3_teleop/build/lib/turtlebot3_teleop/__init__.py -> /home/maciej/matcher_ws/install/turtlebot3_teleop/lib/python3.10/site-packages/turtlebot3_teleop
[16.040s] byte-compiling /home/maciej/matcher_ws/install/turtlebot3_teleop/lib/python3.10/site-packages/turtlebot3_teleop/script/teleop_keyboard.py to teleop_keyboard.cpython-310.pyc
[16.042s] byte-compiling /home/maciej/matcher_ws/install/turtlebot3_teleop/lib/python3.10/site-packages/turtlebot3_teleop/script/__init__.py to __init__.cpython-310.pyc
[16.045s] byte-compiling /home/maciej/matcher_ws/install/turtlebot3_teleop/lib/python3.10/site-packages/turtlebot3_teleop/__init__.py to __init__.cpython-310.pyc
[16.045s] running install_data
[16.047s] copying resource/turtlebot3_teleop -> /home/maciej/matcher_ws/install/turtlebot3_teleop/share/ament_index/resource_index/packages
[16.052s] copying package.xml -> /home/maciej/matcher_ws/install/turtlebot3_teleop/share/turtlebot3_teleop
[16.055s] running install_egg_info
[16.113s] Copying ../../../build/turtlebot3_teleop/turtlebot3_teleop.egg-info to /home/maciej/matcher_ws/install/turtlebot3_teleop/lib/python3.10/site-packages/turtlebot3_teleop-2.3.3-py3.10.egg-info
[16.119s] running install_scripts
[16.696s] Installing teleop_keyboard script to /home/maciej/matcher_ws/install/turtlebot3_teleop/lib/turtlebot3_teleop
[16.696s] writing list of installed files to '/home/maciej/matcher_ws/build/turtlebot3_teleop/install.log'
[16.803s] Invoked command in '/home/maciej/matcher_ws/src/turtlebot3/turtlebot3_teleop' returned '0': PYTHONPATH=/home/maciej/matcher_ws/build/turtlebot3_teleop/prefix_override:/usr/lib/python3/dist-packages/colcon_core/task/python/colcon_distutils_commands:/home/maciej/matcher_ws/install/turtlebot3_teleop/lib/python3.10/site-packages:${PYTHONPATH} /usr/bin/python3 -W ignore:setup.py install is deprecated -W ignore:easy_install command is deprecated setup.py egg_info --egg-base ../../../build/turtlebot3_teleop build --build-base /home/maciej/matcher_ws/build/turtlebot3_teleop/build install --record /home/maciej/matcher_ws/build/turtlebot3_teleop/install.log --single-version-externally-managed install_data --force
