[0.259s] Invoking command in '/home/maciej/matcher_ws/build/turtlebot3_description': CMAKE_PREFIX_PATH=${CMAKE_PREFIX_PATH}:/home/maciej/ros2_ws/install/webots_ros2:/home/maciej/ros2_ws/install/webots_ros2_universal_robot:/home/maciej/ros2_ws/install/webots_ros2_turtlebot:/home/maciej/ros2_ws/install/webots_ros2_tiago:/home/maciej/ros2_ws/install/webots_ros2_tests:/home/maciej/ros2_ws/install/webots_ros2_tesla:/home/maciej/ros2_ws/install/webots_ros2_mavic:/home/maciej/ros2_ws/install/webots_ros2_epuck:/home/maciej/ros2_ws/install/topic_monitor:/home/maciej/ros2_ws/install/self_balancing_robot:/home/maciej/ros2_ws/install/quality_of_service_demo_py:/home/maciej/ros2_ws/install/nav2_simple_commander:/home/maciej/ros2_ws/install/lifecycle_py:/home/maciej/ros2_ws/install/joy_tester:/home/maciej/ros2_ws/install/demo_nodes_py:/home/maciej/ros2_ws/install/action_tutorials_py:/home/maciej/Sim/MecHaRo-Lab_ROSBot2Pro/ws_ros2_husarion/install/webots_ros2_husarion:/opt/ros/humble /usr/bin/cmake /home/maciej/matcher_ws/src/turtlebot3/turtlebot3_description -DAMENT_CMAKE_SYMLINK_INSTALL=1 -DCMAKE_INSTALL_PREFIX=/home/maciej/matcher_ws/install/turtlebot3_description
[1.534s] -- The C compiler identification is GNU 11.4.0
[1.535s] -- The CXX compiler identification is GNU 11.4.0
[1.535s] -- Detecting C compiler ABI info
[1.907s] -- Detecting C compiler ABI info - done
[1.932s] -- Check for working C compiler: /usr/bin/cc - skipped
[1.935s] -- Detecting C compile features
[1.937s] -- Detecting C compile features - done
[1.947s] -- Detecting CXX compiler ABI info
[2.369s] -- Detecting CXX compiler ABI info - done
[2.389s] -- Check for working CXX compiler: /usr/bin/c++ - skipped
[2.389s] -- Detecting CXX compile features
[2.390s] -- Detecting CXX compile features - done
[2.409s] -- Found ament_cmake: 1.3.12 (/home/maciej/ros2_ws/install/ament_cmake/share/ament_cmake/cmake)
[4.961s] -- Found Python3: /usr/bin/python3 (found version "3.10.12") found components: Interpreter 
[5.297s] -- Override CMake install command with custom implementation using symlinks instead of copying resources
[5.782s] -- Found urdf: 2.6.1 (/opt/ros/humble/share/urdf/cmake)
[6.934s] -- Configuring done
[6.945s] -- Generating done
[6.953s] -- Build files have been written to: /home/maciej/matcher_ws/build/turtlebot3_description
[6.993s] Invoked command in '/home/maciej/matcher_ws/build/turtlebot3_description' returned '0': CMAKE_PREFIX_PATH=${CMAKE_PREFIX_PATH}:/home/maciej/ros2_ws/install/webots_ros2:/home/maciej/ros2_ws/install/webots_ros2_universal_robot:/home/maciej/ros2_ws/install/webots_ros2_turtlebot:/home/maciej/ros2_ws/install/webots_ros2_tiago:/home/maciej/ros2_ws/install/webots_ros2_tests:/home/maciej/ros2_ws/install/webots_ros2_tesla:/home/maciej/ros2_ws/install/webots_ros2_mavic:/home/maciej/ros2_ws/install/webots_ros2_epuck:/home/maciej/ros2_ws/install/topic_monitor:/home/maciej/ros2_ws/install/self_balancing_robot:/home/maciej/ros2_ws/install/quality_of_service_demo_py:/home/maciej/ros2_ws/install/nav2_simple_commander:/home/maciej/ros2_ws/install/lifecycle_py:/home/maciej/ros2_ws/install/joy_tester:/home/maciej/ros2_ws/install/demo_nodes_py:/home/maciej/ros2_ws/install/action_tutorials_py:/home/maciej/Sim/MecHaRo-Lab_ROSBot2Pro/ws_ros2_husarion/install/webots_ros2_husarion:/opt/ros/humble /usr/bin/cmake /home/maciej/matcher_ws/src/turtlebot3/turtlebot3_description -DAMENT_CMAKE_SYMLINK_INSTALL=1 -DCMAKE_INSTALL_PREFIX=/home/maciej/matcher_ws/install/turtlebot3_description
[7.005s] Invoking command in '/home/maciej/matcher_ws/build/turtlebot3_description': CMAKE_PREFIX_PATH=${CMAKE_PREFIX_PATH}:/home/maciej/ros2_ws/install/webots_ros2:/home/maciej/ros2_ws/install/webots_ros2_universal_robot:/home/maciej/ros2_ws/install/webots_ros2_turtlebot:/home/maciej/ros2_ws/install/webots_ros2_tiago:/home/maciej/ros2_ws/install/webots_ros2_tests:/home/maciej/ros2_ws/install/webots_ros2_tesla:/home/maciej/ros2_ws/install/webots_ros2_mavic:/home/maciej/ros2_ws/install/webots_ros2_epuck:/home/maciej/ros2_ws/install/topic_monitor:/home/maciej/ros2_ws/install/self_balancing_robot:/home/maciej/ros2_ws/install/quality_of_service_demo_py:/home/maciej/ros2_ws/install/nav2_simple_commander:/home/maciej/ros2_ws/install/lifecycle_py:/home/maciej/ros2_ws/install/joy_tester:/home/maciej/ros2_ws/install/demo_nodes_py:/home/maciej/ros2_ws/install/action_tutorials_py:/home/maciej/Sim/MecHaRo-Lab_ROSBot2Pro/ws_ros2_husarion/install/webots_ros2_husarion:/opt/ros/humble /usr/bin/cmake --build /home/maciej/matcher_ws/build/turtlebot3_description -- -j8 -l8
[7.307s] Invoked command in '/home/maciej/matcher_ws/build/turtlebot3_description' returned '0': CMAKE_PREFIX_PATH=${CMAKE_PREFIX_PATH}:/home/maciej/ros2_ws/install/webots_ros2:/home/maciej/ros2_ws/install/webots_ros2_universal_robot:/home/maciej/ros2_ws/install/webots_ros2_turtlebot:/home/maciej/ros2_ws/install/webots_ros2_tiago:/home/maciej/ros2_ws/install/webots_ros2_tests:/home/maciej/ros2_ws/install/webots_ros2_tesla:/home/maciej/ros2_ws/install/webots_ros2_mavic:/home/maciej/ros2_ws/install/webots_ros2_epuck:/home/maciej/ros2_ws/install/topic_monitor:/home/maciej/ros2_ws/install/self_balancing_robot:/home/maciej/ros2_ws/install/quality_of_service_demo_py:/home/maciej/ros2_ws/install/nav2_simple_commander:/home/maciej/ros2_ws/install/lifecycle_py:/home/maciej/ros2_ws/install/joy_tester:/home/maciej/ros2_ws/install/demo_nodes_py:/home/maciej/ros2_ws/install/action_tutorials_py:/home/maciej/Sim/MecHaRo-Lab_ROSBot2Pro/ws_ros2_husarion/install/webots_ros2_husarion:/opt/ros/humble /usr/bin/cmake --build /home/maciej/matcher_ws/build/turtlebot3_description -- -j8 -l8
[7.309s] Invoking command in '/home/maciej/matcher_ws/build/turtlebot3_description': CMAKE_PREFIX_PATH=${CMAKE_PREFIX_PATH}:/home/maciej/ros2_ws/install/webots_ros2:/home/maciej/ros2_ws/install/webots_ros2_universal_robot:/home/maciej/ros2_ws/install/webots_ros2_turtlebot:/home/maciej/ros2_ws/install/webots_ros2_tiago:/home/maciej/ros2_ws/install/webots_ros2_tests:/home/maciej/ros2_ws/install/webots_ros2_tesla:/home/maciej/ros2_ws/install/webots_ros2_mavic:/home/maciej/ros2_ws/install/webots_ros2_epuck:/home/maciej/ros2_ws/install/topic_monitor:/home/maciej/ros2_ws/install/self_balancing_robot:/home/maciej/ros2_ws/install/quality_of_service_demo_py:/home/maciej/ros2_ws/install/nav2_simple_commander:/home/maciej/ros2_ws/install/lifecycle_py:/home/maciej/ros2_ws/install/joy_tester:/home/maciej/ros2_ws/install/demo_nodes_py:/home/maciej/ros2_ws/install/action_tutorials_py:/home/maciej/Sim/MecHaRo-Lab_ROSBot2Pro/ws_ros2_husarion/install/webots_ros2_husarion:/opt/ros/humble /usr/bin/cmake --install /home/maciej/matcher_ws/build/turtlebot3_description
[7.342s] -- Install configuration: ""
[7.346s] -- Execute custom install script
[7.349s] -- Symlinking: /home/maciej/matcher_ws/install/turtlebot3_description/share/turtlebot3_description/meshes/bases/burger_base.stl
[7.409s] -- Symlinking: /home/maciej/matcher_ws/install/turtlebot3_description/share/turtlebot3_description/meshes/bases/waffle_base.stl
[7.478s] -- Symlinking: /home/maciej/matcher_ws/install/turtlebot3_description/share/turtlebot3_description/meshes/bases/waffle_pi_base.stl
[7.593s] -- Symlinking: /home/maciej/matcher_ws/install/turtlebot3_description/share/turtlebot3_description/meshes/sensors/astra.dae
[7.645s] -- Symlinking: /home/maciej/matcher_ws/install/turtlebot3_description/share/turtlebot3_description/meshes/sensors/astra.jpg
[7.706s] -- Symlinking: /home/maciej/matcher_ws/install/turtlebot3_description/share/turtlebot3_description/meshes/sensors/lds.stl
[7.760s] -- Symlinking: /home/maciej/matcher_ws/install/turtlebot3_description/share/turtlebot3_description/meshes/sensors/r200.dae
[7.837s] -- Symlinking: /home/maciej/matcher_ws/install/turtlebot3_description/share/turtlebot3_description/meshes/sensors/r200.jpg
[7.887s] -- Symlinking: /home/maciej/matcher_ws/install/turtlebot3_description/share/turtlebot3_description/meshes/wheels/left_tire.stl
[7.941s] -- Symlinking: /home/maciej/matcher_ws/install/turtlebot3_description/share/turtlebot3_description/meshes/wheels/right_tire.stl
[7.998s] -- Symlinking: /home/maciej/matcher_ws/install/turtlebot3_description/share/turtlebot3_description/rviz/model.rviz
[8.039s] -- Symlinking: /home/maciej/matcher_ws/install/turtlebot3_description/share/turtlebot3_description/urdf/common_properties.urdf
[8.074s] -- Symlinking: /home/maciej/matcher_ws/install/turtlebot3_description/share/turtlebot3_description/urdf/turtlebot3_burger.urdf
[8.110s] -- Symlinking: /home/maciej/matcher_ws/install/turtlebot3_description/share/turtlebot3_description/urdf/turtlebot3_waffle.urdf
[8.152s] -- Symlinking: /home/maciej/matcher_ws/install/turtlebot3_description/share/turtlebot3_description/urdf/turtlebot3_waffle_pi.urdf
[8.195s] -- Symlinking: /home/maciej/matcher_ws/install/turtlebot3_description/share/ament_index/resource_index/package_run_dependencies/turtlebot3_description
[8.252s] -- Symlinking: /home/maciej/matcher_ws/install/turtlebot3_description/share/ament_index/resource_index/parent_prefix_path/turtlebot3_description
[8.312s] -- Symlinking: /home/maciej/matcher_ws/install/turtlebot3_description/share/turtlebot3_description/environment/ament_prefix_path.sh
[8.396s] -- Symlinking: /home/maciej/matcher_ws/install/turtlebot3_description/share/turtlebot3_description/environment/ament_prefix_path.dsv
[8.456s] -- Symlinking: /home/maciej/matcher_ws/install/turtlebot3_description/share/turtlebot3_description/environment/path.sh
[8.520s] -- Symlinking: /home/maciej/matcher_ws/install/turtlebot3_description/share/turtlebot3_description/environment/path.dsv
[8.602s] -- Symlinking: /home/maciej/matcher_ws/install/turtlebot3_description/share/turtlebot3_description/local_setup.bash
[8.704s] -- Symlinking: /home/maciej/matcher_ws/install/turtlebot3_description/share/turtlebot3_description/local_setup.sh
[8.816s] -- Symlinking: /home/maciej/matcher_ws/install/turtlebot3_description/share/turtlebot3_description/local_setup.zsh
[8.872s] -- Symlinking: /home/maciej/matcher_ws/install/turtlebot3_description/share/turtlebot3_description/local_setup.dsv
[8.920s] -- Symlinking: /home/maciej/matcher_ws/install/turtlebot3_description/share/turtlebot3_description/package.dsv
[8.962s] -- Symlinking: /home/maciej/matcher_ws/install/turtlebot3_description/share/ament_index/resource_index/packages/turtlebot3_description
[9.007s] -- Symlinking: /home/maciej/matcher_ws/install/turtlebot3_description/share/turtlebot3_description/cmake/turtlebot3_descriptionConfig.cmake
[9.048s] -- Symlinking: /home/maciej/matcher_ws/install/turtlebot3_description/share/turtlebot3_description/cmake/turtlebot3_descriptionConfig-version.cmake
[9.109s] -- Symlinking: /home/maciej/matcher_ws/install/turtlebot3_description/share/turtlebot3_description/package.xml
[9.191s] Invoked command in '/home/maciej/matcher_ws/build/turtlebot3_description' returned '0': CMAKE_PREFIX_PATH=${CMAKE_PREFIX_PATH}:/home/maciej/ros2_ws/install/webots_ros2:/home/maciej/ros2_ws/install/webots_ros2_universal_robot:/home/maciej/ros2_ws/install/webots_ros2_turtlebot:/home/maciej/ros2_ws/install/webots_ros2_tiago:/home/maciej/ros2_ws/install/webots_ros2_tests:/home/maciej/ros2_ws/install/webots_ros2_tesla:/home/maciej/ros2_ws/install/webots_ros2_mavic:/home/maciej/ros2_ws/install/webots_ros2_epuck:/home/maciej/ros2_ws/install/topic_monitor:/home/maciej/ros2_ws/install/self_balancing_robot:/home/maciej/ros2_ws/install/quality_of_service_demo_py:/home/maciej/ros2_ws/install/nav2_simple_commander:/home/maciej/ros2_ws/install/lifecycle_py:/home/maciej/ros2_ws/install/joy_tester:/home/maciej/ros2_ws/install/demo_nodes_py:/home/maciej/ros2_ws/install/action_tutorials_py:/home/maciej/Sim/MecHaRo-Lab_ROSBot2Pro/ws_ros2_husarion/install/webots_ros2_husarion:/opt/ros/humble /usr/bin/cmake --install /home/maciej/matcher_ws/build/turtlebot3_description
