[7.076s] Invoking command in '/home/maciej/matcher_ws/build/turtlebot3_teleop': PYTHONPATH=/home/maciej/matcher_ws/build/turtlebot3_teleop/prefix_override:/usr/lib/python3/dist-packages/colcon_core/task/python/colcon_distutils_commands:/home/maciej/matcher_ws/install/turtlebot3_teleop/lib/python3.10/site-packages:${PYTHONPATH} /usr/bin/python3 -W ignore:setup.py install is deprecated -W ignore:easy_install command is deprecated setup.py develop --editable --build-directory /home/maciej/matcher_ws/build/turtlebot3_teleop/build --no-deps symlink_data
[8.889s] running develop
[10.449s] running egg_info
[10.450s] creating turtlebot3_teleop.egg-info
[10.525s] writing turtlebot3_teleop.egg-info/PKG-INFO
[10.525s] writing dependency_links to turtlebot3_teleop.egg-info/dependency_links.txt
[10.525s] writing entry points to turtlebot3_teleop.egg-info/entry_points.txt
[10.525s] writing requirements to turtlebot3_teleop.egg-info/requires.txt
[10.525s] writing top-level names to turtlebot3_teleop.egg-info/top_level.txt
[10.525s] writing manifest file 'turtlebot3_teleop.egg-info/SOURCES.txt'
[10.771s] reading manifest file 'turtlebot3_teleop.egg-info/SOURCES.txt'
[10.777s] writing manifest file 'turtlebot3_teleop.egg-info/SOURCES.txt'
[10.900s] running build_ext
[10.900s] Creating /home/maciej/matcher_ws/install/turtlebot3_teleop/lib/python3.10/site-packages/turtlebot3-teleop.egg-link (link to .)
[10.905s] Installing teleop_keyboard script to /home/maciej/matcher_ws/install/turtlebot3_teleop/lib/turtlebot3_teleop
[10.916s] 
[10.917s] Installed /home/maciej/matcher_ws/build/turtlebot3_teleop
[10.917s] running symlink_data
[10.917s] creating /home/maciej/matcher_ws/install/turtlebot3_teleop/share/ament_index
[10.924s] creating /home/maciej/matcher_ws/install/turtlebot3_teleop/share/ament_index/resource_index
[10.925s] creating /home/maciej/matcher_ws/install/turtlebot3_teleop/share/ament_index/resource_index/packages
[10.925s] symbolically linking /home/maciej/matcher_ws/build/turtlebot3_teleop/resource/turtlebot3_teleop -> /home/maciej/matcher_ws/install/turtlebot3_teleop/share/ament_index/resource_index/packages
[10.925s] symbolically linking /home/maciej/matcher_ws/build/turtlebot3_teleop/package.xml -> /home/maciej/matcher_ws/install/turtlebot3_teleop/share/turtlebot3_teleop
[11.155s] Invoked command in '/home/maciej/matcher_ws/build/turtlebot3_teleop' returned '0': PYTHONPATH=/home/maciej/matcher_ws/build/turtlebot3_teleop/prefix_override:/usr/lib/python3/dist-packages/colcon_core/task/python/colcon_distutils_commands:/home/maciej/matcher_ws/install/turtlebot3_teleop/lib/python3.10/site-packages:${PYTHONPATH} /usr/bin/python3 -W ignore:setup.py install is deprecated -W ignore:easy_install command is deprecated setup.py develop --editable --build-directory /home/maciej/matcher_ws/build/turtlebot3_teleop/build --no-deps symlink_data
