[0.224s] Invoking command in '/home/maciej/matcher_ws/build/turtlebot3_node': CMAKE_PREFIX_PATH=${CMAKE_PREFIX_PATH}:/home/maciej/ros2_ws/install/webots_ros2:/home/maciej/ros2_ws/install/webots_ros2_universal_robot:/home/maciej/ros2_ws/install/webots_ros2_turtlebot:/home/maciej/ros2_ws/install/webots_ros2_tiago:/home/maciej/ros2_ws/install/webots_ros2_tests:/home/maciej/ros2_ws/install/webots_ros2_tesla:/home/maciej/ros2_ws/install/webots_ros2_mavic:/home/maciej/ros2_ws/install/webots_ros2_epuck:/home/maciej/ros2_ws/install/topic_monitor:/home/maciej/ros2_ws/install/self_balancing_robot:/home/maciej/ros2_ws/install/quality_of_service_demo_py:/home/maciej/ros2_ws/install/nav2_simple_commander:/home/maciej/ros2_ws/install/lifecycle_py:/home/maciej/ros2_ws/install/joy_tester:/home/maciej/ros2_ws/install/demo_nodes_py:/home/maciej/ros2_ws/install/action_tutorials_py:/home/maciej/Sim/MecHaRo-Lab_ROSBot2Pro/ws_ros2_husarion/install/webots_ros2_husarion:/opt/ros/humble /usr/bin/cmake /home/maciej/matcher_ws/src/turtlebot3/turtlebot3_node -DAMENT_CMAKE_SYMLINK_INSTALL=1 -DCMAKE_INSTALL_PREFIX=/home/maciej/matcher_ws/install/turtlebot3_node
[1.488s] -- The C compiler identification is GNU 11.4.0
[1.489s] -- The CXX compiler identification is GNU 11.4.0
[1.489s] -- Detecting C compiler ABI info
[1.840s] -- Detecting C compiler ABI info - done
[1.858s] -- Check for working C compiler: /usr/bin/cc - skipped
[1.858s] -- Detecting C compile features
[1.861s] -- Detecting C compile features - done
[1.868s] -- Detecting CXX compiler ABI info
[2.335s] -- Detecting CXX compiler ABI info - done
[2.354s] -- Check for working CXX compiler: /usr/bin/c++ - skipped
[2.355s] -- Detecting CXX compile features
[2.357s] -- Detecting CXX compile features - done
[2.372s] -- Found ament_cmake: 1.3.12 (/home/maciej/ros2_ws/install/ament_cmake/share/ament_cmake/cmake)
[4.948s] -- Found Python3: /usr/bin/python3 (found version "3.10.12") found components: Interpreter 
[5.476s] -- Override CMake install command with custom implementation using symlinks instead of copying resources
[5.846s] -- Found dynamixel_sdk: 3.8.4 (/opt/ros/humble/share/dynamixel_sdk/cmake)
[5.894s] -- Found geometry_msgs: 4.9.0 (/opt/ros/humble/share/geometry_msgs/cmake)
[6.294s] -- Found rosidl_generator_c: 3.1.7 (/opt/ros/humble/share/rosidl_generator_c/cmake)
[6.368s] -- Found rosidl_adapter: 3.1.7 (/opt/ros/humble/share/rosidl_adapter/cmake)
[6.486s] -- Found rosidl_generator_cpp: 3.1.7 (/opt/ros/humble/share/rosidl_generator_cpp/cmake)
[6.623s] -- Using all available rosidl_typesupport_c: rosidl_typesupport_fastrtps_c;rosidl_typesupport_introspection_c
[6.751s] -- Using all available rosidl_typesupport_cpp: rosidl_typesupport_fastrtps_cpp;rosidl_typesupport_introspection_cpp
[7.157s] -- Found message_filters: 4.3.8 (/opt/ros/humble/share/message_filters/cmake)
[7.718s] -- Found rmw_implementation_cmake: 6.1.2 (/opt/ros/humble/share/rmw_implementation_cmake/cmake)
[7.757s] -- Found rmw_fastrtps_cpp: 6.2.8 (/opt/ros/humble/share/rmw_fastrtps_cpp/cmake)
[8.597s] -- Found OpenSSL: /usr/lib/x86_64-linux-gnu/libcrypto.so (found version "3.0.2")  
[8.784s] -- Found FastRTPS: /opt/ros/humble/include  
[9.054s] -- Using RMW implementation 'rmw_fastrtps_cpp' as default
[9.146s] -- Looking for pthread.h
[9.571s] -- Looking for pthread.h - found
[9.571s] -- Performing Test CMAKE_HAVE_LIBC_PTHREAD
[10.104s] -- Performing Test CMAKE_HAVE_LIBC_PTHREAD - Success
[10.111s] -- Found Threads: TRUE  
[10.528s] -- Found nav_msgs: 4.9.0 (/opt/ros/humble/share/nav_msgs/cmake)
[10.714s] -- Found sensor_msgs: 4.9.0 (/opt/ros/humble/share/sensor_msgs/cmake)
[10.991s] -- Found std_srvs: 4.9.0 (/opt/ros/humble/share/std_srvs/cmake)
[11.241s] -- Found tf2: 0.25.16 (/opt/ros/humble/share/tf2/cmake)
[11.361s] -- Found tf2_ros: 0.25.16 (/opt/ros/humble/share/tf2_ros/cmake)
[12.096s] -- Found turtlebot3_msgs: 2.4.0 (/opt/ros/humble/share/turtlebot3_msgs/cmake)
[12.630s] -- Configuring done
[12.753s] -- Generating done
[12.790s] -- Build files have been written to: /home/maciej/matcher_ws/build/turtlebot3_node
[12.904s] Invoked command in '/home/maciej/matcher_ws/build/turtlebot3_node' returned '0': CMAKE_PREFIX_PATH=${CMAKE_PREFIX_PATH}:/home/maciej/ros2_ws/install/webots_ros2:/home/maciej/ros2_ws/install/webots_ros2_universal_robot:/home/maciej/ros2_ws/install/webots_ros2_turtlebot:/home/maciej/ros2_ws/install/webots_ros2_tiago:/home/maciej/ros2_ws/install/webots_ros2_tests:/home/maciej/ros2_ws/install/webots_ros2_tesla:/home/maciej/ros2_ws/install/webots_ros2_mavic:/home/maciej/ros2_ws/install/webots_ros2_epuck:/home/maciej/ros2_ws/install/topic_monitor:/home/maciej/ros2_ws/install/self_balancing_robot:/home/maciej/ros2_ws/install/quality_of_service_demo_py:/home/maciej/ros2_ws/install/nav2_simple_commander:/home/maciej/ros2_ws/install/lifecycle_py:/home/maciej/ros2_ws/install/joy_tester:/home/maciej/ros2_ws/install/demo_nodes_py:/home/maciej/ros2_ws/install/action_tutorials_py:/home/maciej/Sim/MecHaRo-Lab_ROSBot2Pro/ws_ros2_husarion/install/webots_ros2_husarion:/opt/ros/humble /usr/bin/cmake /home/maciej/matcher_ws/src/turtlebot3/turtlebot3_node -DAMENT_CMAKE_SYMLINK_INSTALL=1 -DCMAKE_INSTALL_PREFIX=/home/maciej/matcher_ws/install/turtlebot3_node
[12.913s] Invoking command in '/home/maciej/matcher_ws/build/turtlebot3_node': CMAKE_PREFIX_PATH=${CMAKE_PREFIX_PATH}:/home/maciej/ros2_ws/install/webots_ros2:/home/maciej/ros2_ws/install/webots_ros2_universal_robot:/home/maciej/ros2_ws/install/webots_ros2_turtlebot:/home/maciej/ros2_ws/install/webots_ros2_tiago:/home/maciej/ros2_ws/install/webots_ros2_tests:/home/maciej/ros2_ws/install/webots_ros2_tesla:/home/maciej/ros2_ws/install/webots_ros2_mavic:/home/maciej/ros2_ws/install/webots_ros2_epuck:/home/maciej/ros2_ws/install/topic_monitor:/home/maciej/ros2_ws/install/self_balancing_robot:/home/maciej/ros2_ws/install/quality_of_service_demo_py:/home/maciej/ros2_ws/install/nav2_simple_commander:/home/maciej/ros2_ws/install/lifecycle_py:/home/maciej/ros2_ws/install/joy_tester:/home/maciej/ros2_ws/install/demo_nodes_py:/home/maciej/ros2_ws/install/action_tutorials_py:/home/maciej/Sim/MecHaRo-Lab_ROSBot2Pro/ws_ros2_husarion/install/webots_ros2_husarion:/opt/ros/humble /usr/bin/cmake --build /home/maciej/matcher_ws/build/turtlebot3_node -- -j8 -l8
[13.222s] [  7%] [32mBuilding CXX object CMakeFiles/turtlebot3_node_lib.dir/src/devices/motor_power.cpp.o[0m
[25.920s] [ 14%] [32mBuilding CXX object CMakeFiles/turtlebot3_node_lib.dir/src/sensors/battery_state.cpp.o[0m
[39.857s] [ 21%] [32mBuilding CXX object CMakeFiles/turtlebot3_node_lib.dir/src/sensors/imu.cpp.o[0m
[54.132s] [ 28%] [32mBuilding CXX object CMakeFiles/turtlebot3_node_lib.dir/src/sensors/joint_state.cpp.o[0m
[67.298s] [ 35%] [32mBuilding CXX object CMakeFiles/turtlebot3_node_lib.dir/src/sensors/sensor_state.cpp.o[0m
[78.782s] [ 42%] [32mBuilding CXX object CMakeFiles/turtlebot3_node_lib.dir/src/turtlebot3.cpp.o[0m
[123.969s] [ 50%] [32mBuilding CXX object CMakeFiles/turtlebot3_node_lib.dir/src/odometry.cpp.o[0m
[166.977s] [ 57%] [32mBuilding CXX object CMakeFiles/turtlebot3_node_lib.dir/src/dynamixel_sdk_wrapper.cpp.o[0m
[168.232s] [ 64%] [32mBuilding CXX object CMakeFiles/turtlebot3_node_lib.dir/src/diff_drive_controller.cpp.o[0m
[176.561s] [ 71%] [32mBuilding CXX object CMakeFiles/turtlebot3_node_lib.dir/src/devices/reset.cpp.o[0m
[185.236s] [ 78%] [32mBuilding CXX object CMakeFiles/turtlebot3_node_lib.dir/src/devices/sound.cpp.o[0m
[194.095s] [ 85%] [32m[1mLinking CXX static library libturtlebot3_node_lib.a[0m
[196.807s] [ 85%] Built target turtlebot3_node_lib
[196.905s] [ 92%] [32mBuilding CXX object CMakeFiles/turtlebot3_ros.dir/src/node_main.cpp.o[0m
[205.220s] [100%] [32m[1mLinking CXX executable turtlebot3_ros[0m
[211.407s] [100%] Built target turtlebot3_ros
[211.450s] Invoked command in '/home/maciej/matcher_ws/build/turtlebot3_node' returned '0': CMAKE_PREFIX_PATH=${CMAKE_PREFIX_PATH}:/home/maciej/ros2_ws/install/webots_ros2:/home/maciej/ros2_ws/install/webots_ros2_universal_robot:/home/maciej/ros2_ws/install/webots_ros2_turtlebot:/home/maciej/ros2_ws/install/webots_ros2_tiago:/home/maciej/ros2_ws/install/webots_ros2_tests:/home/maciej/ros2_ws/install/webots_ros2_tesla:/home/maciej/ros2_ws/install/webots_ros2_mavic:/home/maciej/ros2_ws/install/webots_ros2_epuck:/home/maciej/ros2_ws/install/topic_monitor:/home/maciej/ros2_ws/install/self_balancing_robot:/home/maciej/ros2_ws/install/quality_of_service_demo_py:/home/maciej/ros2_ws/install/nav2_simple_commander:/home/maciej/ros2_ws/install/lifecycle_py:/home/maciej/ros2_ws/install/joy_tester:/home/maciej/ros2_ws/install/demo_nodes_py:/home/maciej/ros2_ws/install/action_tutorials_py:/home/maciej/Sim/MecHaRo-Lab_ROSBot2Pro/ws_ros2_husarion/install/webots_ros2_husarion:/opt/ros/humble /usr/bin/cmake --build /home/maciej/matcher_ws/build/turtlebot3_node -- -j8 -l8
[211.453s] Invoking command in '/home/maciej/matcher_ws/build/turtlebot3_node': CMAKE_PREFIX_PATH=${CMAKE_PREFIX_PATH}:/home/maciej/ros2_ws/install/webots_ros2:/home/maciej/ros2_ws/install/webots_ros2_universal_robot:/home/maciej/ros2_ws/install/webots_ros2_turtlebot:/home/maciej/ros2_ws/install/webots_ros2_tiago:/home/maciej/ros2_ws/install/webots_ros2_tests:/home/maciej/ros2_ws/install/webots_ros2_tesla:/home/maciej/ros2_ws/install/webots_ros2_mavic:/home/maciej/ros2_ws/install/webots_ros2_epuck:/home/maciej/ros2_ws/install/topic_monitor:/home/maciej/ros2_ws/install/self_balancing_robot:/home/maciej/ros2_ws/install/quality_of_service_demo_py:/home/maciej/ros2_ws/install/nav2_simple_commander:/home/maciej/ros2_ws/install/lifecycle_py:/home/maciej/ros2_ws/install/joy_tester:/home/maciej/ros2_ws/install/demo_nodes_py:/home/maciej/ros2_ws/install/action_tutorials_py:/home/maciej/Sim/MecHaRo-Lab_ROSBot2Pro/ws_ros2_husarion/install/webots_ros2_husarion:/opt/ros/humble /usr/bin/cmake --install /home/maciej/matcher_ws/build/turtlebot3_node
[211.480s] -- Install configuration: ""
[211.483s] -- Execute custom install script
[211.486s] -- Symlinking: /home/maciej/matcher_ws/install/turtlebot3_node/share/turtlebot3_node/param/burger.yaml
[211.514s] -- Symlinking: /home/maciej/matcher_ws/install/turtlebot3_node/share/turtlebot3_node/param/waffle.yaml
[211.547s] -- Symlinking: /home/maciej/matcher_ws/install/turtlebot3_node/share/turtlebot3_node/param/waffle_pi.yaml
[211.582s] -- Symlinking: /home/maciej/matcher_ws/install/turtlebot3_node/lib/turtlebot3_node/turtlebot3_ros
[211.613s] -- Symlinking: /home/maciej/matcher_ws/install/turtlebot3_node/share/ament_index/resource_index/package_run_dependencies/turtlebot3_node
[211.645s] -- Symlinking: /home/maciej/matcher_ws/install/turtlebot3_node/share/ament_index/resource_index/parent_prefix_path/turtlebot3_node
[211.680s] -- Symlinking: /home/maciej/matcher_ws/install/turtlebot3_node/share/turtlebot3_node/environment/ament_prefix_path.sh
[211.712s] -- Symlinking: /home/maciej/matcher_ws/install/turtlebot3_node/share/turtlebot3_node/environment/ament_prefix_path.dsv
[211.739s] -- Symlinking: /home/maciej/matcher_ws/install/turtlebot3_node/share/turtlebot3_node/environment/path.sh
[211.770s] -- Symlinking: /home/maciej/matcher_ws/install/turtlebot3_node/share/turtlebot3_node/environment/path.dsv
[211.805s] -- Symlinking: /home/maciej/matcher_ws/install/turtlebot3_node/share/turtlebot3_node/local_setup.bash
[211.838s] -- Symlinking: /home/maciej/matcher_ws/install/turtlebot3_node/share/turtlebot3_node/local_setup.sh
[211.871s] -- Symlinking: /home/maciej/matcher_ws/install/turtlebot3_node/share/turtlebot3_node/local_setup.zsh
[211.899s] -- Symlinking: /home/maciej/matcher_ws/install/turtlebot3_node/share/turtlebot3_node/local_setup.dsv
[211.934s] -- Symlinking: /home/maciej/matcher_ws/install/turtlebot3_node/share/turtlebot3_node/package.dsv
[211.966s] -- Symlinking: /home/maciej/matcher_ws/install/turtlebot3_node/share/ament_index/resource_index/packages/turtlebot3_node
[211.995s] -- Symlinking: /home/maciej/matcher_ws/install/turtlebot3_node/share/turtlebot3_node/cmake/ament_cmake_export_dependencies-extras.cmake
[212.024s] -- Symlinking: /home/maciej/matcher_ws/install/turtlebot3_node/share/turtlebot3_node/cmake/ament_cmake_export_include_directories-extras.cmake
[212.059s] -- Symlinking: /home/maciej/matcher_ws/install/turtlebot3_node/share/turtlebot3_node/cmake/turtlebot3_nodeConfig.cmake
[212.096s] -- Symlinking: /home/maciej/matcher_ws/install/turtlebot3_node/share/turtlebot3_node/cmake/turtlebot3_nodeConfig-version.cmake
[212.121s] -- Symlinking: /home/maciej/matcher_ws/install/turtlebot3_node/share/turtlebot3_node/package.xml
[212.157s] Invoked command in '/home/maciej/matcher_ws/build/turtlebot3_node' returned '0': CMAKE_PREFIX_PATH=${CMAKE_PREFIX_PATH}:/home/maciej/ros2_ws/install/webots_ros2:/home/maciej/ros2_ws/install/webots_ros2_universal_robot:/home/maciej/ros2_ws/install/webots_ros2_turtlebot:/home/maciej/ros2_ws/install/webots_ros2_tiago:/home/maciej/ros2_ws/install/webots_ros2_tests:/home/maciej/ros2_ws/install/webots_ros2_tesla:/home/maciej/ros2_ws/install/webots_ros2_mavic:/home/maciej/ros2_ws/install/webots_ros2_epuck:/home/maciej/ros2_ws/install/topic_monitor:/home/maciej/ros2_ws/install/self_balancing_robot:/home/maciej/ros2_ws/install/quality_of_service_demo_py:/home/maciej/ros2_ws/install/nav2_simple_commander:/home/maciej/ros2_ws/install/lifecycle_py:/home/maciej/ros2_ws/install/joy_tester:/home/maciej/ros2_ws/install/demo_nodes_py:/home/maciej/ros2_ws/install/action_tutorials_py:/home/maciej/Sim/MecHaRo-Lab_ROSBot2Pro/ws_ros2_husarion/install/webots_ros2_husarion:/opt/ros/humble /usr/bin/cmake --install /home/maciej/matcher_ws/build/turtlebot3_node
