[0.073s] Invoking command in '/home/maciej/matcher_ws/build/cartographer_ros_msgs': /usr/bin/cmake /home/maciej/matcher_ws/src/cartographer_ros/cartographer_ros_msgs -DCATKIN_INSTALL_INTO_PREFIX_ROOT=0 -DCMAKE_INSTALL_PREFIX=/home/maciej/matcher_ws/install/cartographer_ros_msgs
[0.139s] [0mCMake Deprecation Warning at CMakeLists.txt:15 (cmake_minimum_required):
[0.139s]   Compatibility with CMake < 2.8.12 will be removed from a future version of
[0.139s]   CMake.
[0.140s] 
[0.140s]   Update the VERSION argument <min> value or use a ...<max> suffix to tell
[0.140s]   CMake that the project does not need compatibility with older versions.
[0.140s] 
[0.140s] [0m
[0.437s] -- The C compiler identification is GNU 11.4.0
[0.651s] -- The CXX compiler identification is GNU 11.4.0
[0.673s] -- Detecting C compiler ABI info
[0.903s] -- Detecting C compiler ABI info - done
[0.919s] -- Check for working C compiler: /usr/bin/cc - skipped
[0.920s] -- Detecting C compile features
[0.921s] -- Detecting C compile features - done
[0.928s] -- Detecting CXX compiler ABI info
[1.188s] -- Detecting CXX compiler ABI info - done
[1.205s] -- Check for working CXX compiler: /usr/bin/c++ - skipped
[1.205s] -- Detecting CXX compile features
[1.206s] -- Detecting CXX compile features - done
[1.284s] [31mCMake Error at CMakeLists.txt:24 (find_package):
[1.284s]   By not providing "Findcatkin.cmake" in CMAKE_MODULE_PATH this project has
[1.284s]   asked CMake to find a package configuration file provided by "catkin", but
[1.284s]   CMake did not find one.
[1.284s] 
[1.284s]   Could not find a package configuration file provided by "catkin" with any
[1.284s]   of the following names:
[1.284s] 
[1.285s]     catkinConfig.cmake
[1.285s]     catkin-config.cmake
[1.285s] 
[1.285s]   Add the installation prefix of "catkin" to CMAKE_PREFIX_PATH or set
[1.285s]   "catkin_DIR" to a directory containing one of the above files.  If "catkin"
[1.285s]   provides a separate development package or SDK, be sure it has been
[1.285s]   installed.
[1.285s] 
[1.285s] [0m
[1.286s] -- Configuring incomplete, errors occurred!
[1.286s] See also "/home/maciej/matcher_ws/build/cartographer_ros_msgs/CMakeFiles/CMakeOutput.log".
[1.289s] Invoked command in '/home/maciej/matcher_ws/build/cartographer_ros_msgs' returned '1': /usr/bin/cmake /home/maciej/matcher_ws/src/cartographer_ros/cartographer_ros_msgs -DCATKIN_INSTALL_INTO_PREFIX_ROOT=0 -DCMAKE_INSTALL_PREFIX=/home/maciej/matcher_ws/install/cartographer_ros_msgs
