[0.112s] Invoking command in '/home/maciej/matcher_ws/build/turtlebot3_cartographer': CMAKE_PREFIX_PATH=${CMAKE_PREFIX_PATH}:/home/maciej/matcher_ws/install/turtlebot3_teleop:/home/maciej/matcher_ws/install/turtlebot3_example:/home/maciej/ros2_ws/install/webots_ros2:/home/maciej/ros2_ws/install/webots_ros2_universal_robot:/home/maciej/ros2_ws/install/webots_ros2_turtlebot:/home/maciej/ros2_ws/install/webots_ros2_tiago:/home/maciej/ros2_ws/install/webots_ros2_tests:/home/maciej/ros2_ws/install/webots_ros2_tesla:/home/maciej/ros2_ws/install/webots_ros2_mavic:/home/maciej/ros2_ws/install/webots_ros2_epuck:/home/maciej/ros2_ws/install/topic_monitor:/home/maciej/ros2_ws/install/self_balancing_robot:/home/maciej/ros2_ws/install/quality_of_service_demo_py:/home/maciej/ros2_ws/install/nav2_simple_commander:/home/maciej/ros2_ws/install/lifecycle_py:/home/maciej/ros2_ws/install/joy_tester:/home/maciej/ros2_ws/install/demo_nodes_py:/home/maciej/ros2_ws/install/action_tutorials_py:/home/maciej/Sim/MecHaRo-Lab_ROSBot2Pro/ws_ros2_husarion/install/webots_ros2_husarion:/opt/ros/humble /usr/bin/cmake --build /home/maciej/matcher_ws/build/turtlebot3_cartographer -- -j8 -l8
[0.562s] Invoked command in '/home/maciej/matcher_ws/build/turtlebot3_cartographer' returned '0': CMAKE_PREFIX_PATH=${CMAKE_PREFIX_PATH}:/home/maciej/matcher_ws/install/turtlebot3_teleop:/home/maciej/matcher_ws/install/turtlebot3_example:/home/maciej/ros2_ws/install/webots_ros2:/home/maciej/ros2_ws/install/webots_ros2_universal_robot:/home/maciej/ros2_ws/install/webots_ros2_turtlebot:/home/maciej/ros2_ws/install/webots_ros2_tiago:/home/maciej/ros2_ws/install/webots_ros2_tests:/home/maciej/ros2_ws/install/webots_ros2_tesla:/home/maciej/ros2_ws/install/webots_ros2_mavic:/home/maciej/ros2_ws/install/webots_ros2_epuck:/home/maciej/ros2_ws/install/topic_monitor:/home/maciej/ros2_ws/install/self_balancing_robot:/home/maciej/ros2_ws/install/quality_of_service_demo_py:/home/maciej/ros2_ws/install/nav2_simple_commander:/home/maciej/ros2_ws/install/lifecycle_py:/home/maciej/ros2_ws/install/joy_tester:/home/maciej/ros2_ws/install/demo_nodes_py:/home/maciej/ros2_ws/install/action_tutorials_py:/home/maciej/Sim/MecHaRo-Lab_ROSBot2Pro/ws_ros2_husarion/install/webots_ros2_husarion:/opt/ros/humble /usr/bin/cmake --build /home/maciej/matcher_ws/build/turtlebot3_cartographer -- -j8 -l8
[0.582s] Invoking command in '/home/maciej/matcher_ws/build/turtlebot3_cartographer': CMAKE_PREFIX_PATH=${CMAKE_PREFIX_PATH}:/home/maciej/matcher_ws/install/turtlebot3_teleop:/home/maciej/matcher_ws/install/turtlebot3_example:/home/maciej/ros2_ws/install/webots_ros2:/home/maciej/ros2_ws/install/webots_ros2_universal_robot:/home/maciej/ros2_ws/install/webots_ros2_turtlebot:/home/maciej/ros2_ws/install/webots_ros2_tiago:/home/maciej/ros2_ws/install/webots_ros2_tests:/home/maciej/ros2_ws/install/webots_ros2_tesla:/home/maciej/ros2_ws/install/webots_ros2_mavic:/home/maciej/ros2_ws/install/webots_ros2_epuck:/home/maciej/ros2_ws/install/topic_monitor:/home/maciej/ros2_ws/install/self_balancing_robot:/home/maciej/ros2_ws/install/quality_of_service_demo_py:/home/maciej/ros2_ws/install/nav2_simple_commander:/home/maciej/ros2_ws/install/lifecycle_py:/home/maciej/ros2_ws/install/joy_tester:/home/maciej/ros2_ws/install/demo_nodes_py:/home/maciej/ros2_ws/install/action_tutorials_py:/home/maciej/Sim/MecHaRo-Lab_ROSBot2Pro/ws_ros2_husarion/install/webots_ros2_husarion:/opt/ros/humble /usr/bin/cmake --install /home/maciej/matcher_ws/build/turtlebot3_cartographer
[1.007s] -- Install configuration: ""
[1.007s] -- Execute custom install script
[1.007s] -- Up-to-date symlink: /home/maciej/matcher_ws/install/turtlebot3_cartographer/share/turtlebot3_cartographer/config/my_bot.lua
[1.007s] -- Up-to-date symlink: /home/maciej/matcher_ws/install/turtlebot3_cartographer/share/turtlebot3_cartographer/config/turtlebot3_lds_2d.lua
[1.007s] -- Up-to-date symlink: /home/maciej/matcher_ws/install/turtlebot3_cartographer/share/turtlebot3_cartographer/launch/cartographer.launch.py
[1.007s] -- Up-to-date symlink: /home/maciej/matcher_ws/install/turtlebot3_cartographer/share/turtlebot3_cartographer/launch/occupancy_grid.launch.py
[1.007s] -- Up-to-date symlink: /home/maciej/matcher_ws/install/turtlebot3_cartographer/share/turtlebot3_cartographer/rviz/tb3_cartographer.rviz
[1.008s] -- Up-to-date symlink: /home/maciej/matcher_ws/install/turtlebot3_cartographer/share/ament_index/resource_index/package_run_dependencies/turtlebot3_cartographer
[1.008s] -- Up-to-date symlink: /home/maciej/matcher_ws/install/turtlebot3_cartographer/share/ament_index/resource_index/parent_prefix_path/turtlebot3_cartographer
[1.008s] -- Up-to-date symlink: /home/maciej/matcher_ws/install/turtlebot3_cartographer/share/turtlebot3_cartographer/environment/ament_prefix_path.sh
[1.008s] -- Up-to-date symlink: /home/maciej/matcher_ws/install/turtlebot3_cartographer/share/turtlebot3_cartographer/environment/ament_prefix_path.dsv
[1.008s] -- Up-to-date symlink: /home/maciej/matcher_ws/install/turtlebot3_cartographer/share/turtlebot3_cartographer/environment/path.sh
[1.008s] -- Up-to-date symlink: /home/maciej/matcher_ws/install/turtlebot3_cartographer/share/turtlebot3_cartographer/environment/path.dsv
[1.008s] -- Up-to-date symlink: /home/maciej/matcher_ws/install/turtlebot3_cartographer/share/turtlebot3_cartographer/local_setup.bash
[1.009s] -- Up-to-date symlink: /home/maciej/matcher_ws/install/turtlebot3_cartographer/share/turtlebot3_cartographer/local_setup.sh
[1.009s] -- Up-to-date symlink: /home/maciej/matcher_ws/install/turtlebot3_cartographer/share/turtlebot3_cartographer/local_setup.zsh
[1.009s] -- Up-to-date symlink: /home/maciej/matcher_ws/install/turtlebot3_cartographer/share/turtlebot3_cartographer/local_setup.dsv
[1.009s] -- Symlinking: /home/maciej/matcher_ws/install/turtlebot3_cartographer/share/turtlebot3_cartographer/package.dsv
[1.009s] -- Up-to-date symlink: /home/maciej/matcher_ws/install/turtlebot3_cartographer/share/ament_index/resource_index/packages/turtlebot3_cartographer
[1.009s] -- Up-to-date symlink: /home/maciej/matcher_ws/install/turtlebot3_cartographer/share/turtlebot3_cartographer/cmake/turtlebot3_cartographerConfig.cmake
[1.009s] -- Up-to-date symlink: /home/maciej/matcher_ws/install/turtlebot3_cartographer/share/turtlebot3_cartographer/cmake/turtlebot3_cartographerConfig-version.cmake
[1.009s] -- Up-to-date symlink: /home/maciej/matcher_ws/install/turtlebot3_cartographer/share/turtlebot3_cartographer/package.xml
[1.017s] Invoked command in '/home/maciej/matcher_ws/build/turtlebot3_cartographer' returned '0': CMAKE_PREFIX_PATH=${CMAKE_PREFIX_PATH}:/home/maciej/matcher_ws/install/turtlebot3_teleop:/home/maciej/matcher_ws/install/turtlebot3_example:/home/maciej/ros2_ws/install/webots_ros2:/home/maciej/ros2_ws/install/webots_ros2_universal_robot:/home/maciej/ros2_ws/install/webots_ros2_turtlebot:/home/maciej/ros2_ws/install/webots_ros2_tiago:/home/maciej/ros2_ws/install/webots_ros2_tests:/home/maciej/ros2_ws/install/webots_ros2_tesla:/home/maciej/ros2_ws/install/webots_ros2_mavic:/home/maciej/ros2_ws/install/webots_ros2_epuck:/home/maciej/ros2_ws/install/topic_monitor:/home/maciej/ros2_ws/install/self_balancing_robot:/home/maciej/ros2_ws/install/quality_of_service_demo_py:/home/maciej/ros2_ws/install/nav2_simple_commander:/home/maciej/ros2_ws/install/lifecycle_py:/home/maciej/ros2_ws/install/joy_tester:/home/maciej/ros2_ws/install/demo_nodes_py:/home/maciej/ros2_ws/install/action_tutorials_py:/home/maciej/Sim/MecHaRo-Lab_ROSBot2Pro/ws_ros2_husarion/install/webots_ros2_husarion:/opt/ros/humble /usr/bin/cmake --install /home/maciej/matcher_ws/build/turtlebot3_cartographer
